[2025-08-02T02:36:30.935+0000] {logging_mixin.py:188} INFO - Changing /opt/***/logs/dag_id=cdr_pipeline/run_id=manual__2025-08-02T02:25:50.430278+00:00/task_id=load_to_redshift permission to 509
[2025-08-02T02:36:31.005+0000] {logging_mixin.py:188} INFO - Changing /opt/***/logs/dag_id=cdr_pipeline/run_id=manual__2025-08-02T02:25:50.430278+00:00/task_id=load_to_redshift permission to 509
[2025-08-02T02:36:31.070+0000] {taskinstance.py:1956} INFO - Dependencies all met for dep_context=non-requeueable deps ti=<TaskInstance: cdr_pipeline.load_to_redshift manual__2025-08-02T02:25:50.430278+00:00 [queued]>
[2025-08-02T02:36:31.099+0000] {taskinstance.py:1956} INFO - Dependencies all met for dep_context=requeueable deps ti=<TaskInstance: cdr_pipeline.load_to_redshift manual__2025-08-02T02:25:50.430278+00:00 [queued]>
[2025-08-02T02:36:31.101+0000] {taskinstance.py:2170} INFO - Starting attempt 2 of 2
[2025-08-02T02:36:31.149+0000] {taskinstance.py:2191} INFO - Executing <Task(S3ToRedshiftOperator): load_to_redshift> on 2025-08-02 02:25:50.430278+00:00
[2025-08-02T02:36:31.160+0000] {standard_task_runner.py:60} INFO - Started process 2185 to run task
[2025-08-02T02:36:31.173+0000] {standard_task_runner.py:87} INFO - Running: ['***', 'tasks', 'run', 'cdr_pipeline', 'load_to_redshift', 'manual__2025-08-02T02:25:50.430278+00:00', '--job-id', '104', '--raw', '--subdir', 'DAGS_FOLDER/dag.py', '--cfg-path', '/tmp/tmpk5f2s4do']
[2025-08-02T02:36:31.176+0000] {standard_task_runner.py:88} INFO - Job 104: Subtask load_to_redshift
[2025-08-02T02:36:31.283+0000] {logging_mixin.py:188} INFO - Changing /opt/***/logs/dag_id=cdr_pipeline/run_id=manual__2025-08-02T02:25:50.430278+00:00/task_id=load_to_redshift permission to 509
[2025-08-02T02:36:31.301+0000] {task_command.py:423} INFO - Running <TaskInstance: cdr_pipeline.load_to_redshift manual__2025-08-02T02:25:50.430278+00:00 [running]> on host f2527419f673
[2025-08-02T02:36:31.541+0000] {taskinstance.py:2480} INFO - Exporting env vars: AIRFLOW_CTX_DAG_OWNER='***' AIRFLOW_CTX_DAG_ID='cdr_pipeline' AIRFLOW_CTX_TASK_ID='load_to_redshift' AIRFLOW_CTX_EXECUTION_DATE='2025-08-02T02:25:50.430278+00:00' AIRFLOW_CTX_TRY_NUMBER='2' AIRFLOW_CTX_DAG_RUN_ID='manual__2025-08-02T02:25:50.430278+00:00'
[2025-08-02T02:36:31.595+0000] {base.py:83} INFO - Using connection ID 'aws_default' for task execution.
[2025-08-02T02:36:31.622+0000] {base.py:83} INFO - Using connection ID 'aws_default' for task execution.
[2025-08-02T02:36:31.624+0000] {connection_wrapper.py:378} INFO - AWS Connection (conn_id='aws_default', conn_type='aws') credentials retrieved from login and password.
[2025-08-02T02:36:31.695+0000] {s3_to_redshift.py:192} INFO - Executing COPY command...
[2025-08-02T02:36:31.731+0000] {base.py:83} INFO - Using connection ID 'redshift_default' for task execution.
[2025-08-02T02:36:31.735+0000] {connection_wrapper.py:378} INFO - AWS Connection (conn_id='redshift_default', conn_type='aws') credentials retrieved from login and password.
[2025-08-02T02:36:31.737+0000] {warnings.py:109} WARNING - <string>:9: AirflowProviderDeprecationWarning: Host tf-redshift-cluster.ci896s3qzt6h.eu-west-1.redshift.amazonaws.com:5439/dev_db specified in the connection is not used. Please, set it on extra['endpoint_url'] instead

[2025-08-02T02:36:34.737+0000] {redshift_data.py:113} INFO - Polling statement 1eb7fd18-2d23-4497-be4c-94ac6fcf8f50
[2025-08-02T02:36:34.932+0000] {redshift_data.py:129} INFO - Query STARTED
[2025-08-02T02:36:44.942+0000] {redshift_data.py:113} INFO - Polling statement 1eb7fd18-2d23-4497-be4c-94ac6fcf8f50
[2025-08-02T02:36:45.250+0000] {taskinstance.py:2698} ERROR - Task failed with exception
Traceback (most recent call last):
  File "/home/airflow/.local/lib/python3.8/site-packages/airflow/models/taskinstance.py", line 433, in _execute_task
    result = execute_callable(context=context, **execute_callable_kwargs)
  File "/home/airflow/.local/lib/python3.8/site-packages/airflow/providers/amazon/aws/transfers/s3_to_redshift.py", line 194, in execute
    redshift_hook.execute_query(sql=sql, **self.redshift_data_api_kwargs)
  File "/home/airflow/.local/lib/python3.8/site-packages/airflow/providers/amazon/aws/hooks/redshift_data.py", line 107, in execute_query
    self.wait_for_results(statement_id, poll_interval=poll_interval)
  File "/home/airflow/.local/lib/python3.8/site-packages/airflow/providers/amazon/aws/hooks/redshift_data.py", line 124, in wait_for_results
    raise ValueError(
ValueError: Statement '1eb7fd18-2d23-4497-be4c-94ac6fcf8f50' terminated with status FAILED. Response details: {'ClusterIdentifier': 'tf-redshift-cluster',
 'CreatedAt': datetime.datetime(2025, 8, 2, 2, 36, 34, 484000, tzinfo=tzlocal()),
 'Database': 'dev_db',
 'DbUser': 'masterdb',
 'Duration': -1,
 'Error': 'ERROR: Spectrum Scan Error\n'
          '  Detail: \n'
          '  -----------------------------------------------\n'
          '  error:  Spectrum Scan Error\n'
          '  code:      15007\n'
          '  context:   File '
          "'https://s3.eu-west-1.amazonaws.com/cdr-faker-data-dfad0cb7/cdr_2025-08-02.parquet/0ef3d4a1e2e247ecb5c289ae13397c0d.snappy.parquet' "
          'has an incompatible Parquet schema for column '
          "'s3://cdr-faker-data-dfad0cb7/cdr_2025-08-02.parquet.call_start'. "
          'Column \n'
          '  query:     208378\n'
          '  location:  dory_util.cpp:1776\n'
          '  process:   worker_thread [pid=11853]\n'
          '  -----------------------------------------------\n',
 'HasResultSet': False,
 'Id': '1eb7fd18-2d23-4497-be4c-94ac6fcf8f50',
 'QueryString': '\n'
                '                    COPY public.cdr_records \n'
                '                    FROM '
                "'s3://cdr-faker-data-dfad0cb7/cdr_2025-08-02.parquet'\n"
                '                    credentials\n'
                "                    ''\n"
                '                    \n'
                '                    FORMAT AS PARQUET;\n'
                '        ',
 'RedshiftPid': 1073864978,
 'RedshiftQueryId': 208379,
 'ResponseMetadata': {'HTTPHeaders': {'content-length': '1183',
                                      'content-type': 'application/x-amz-json-1.1',
                                      'date': 'Sat, 02 Aug 2025 02:36:45 GMT',
                                      'x-amzn-requestid': 'f1b2ec2f-ae6a-4a5d-a302-e0aadb83462c'},
                      'HTTPStatusCode': 200,
                      'RequestId': 'f1b2ec2f-ae6a-4a5d-a302-e0aadb83462c',
                      'RetryAttempts': 0},
 'ResultRows': -1,
 'ResultSize': -1,
 'Status': 'FAILED',
 'UpdatedAt': datetime.datetime(2025, 8, 2, 2, 36, 35, 417000, tzinfo=tzlocal())}
[2025-08-02T02:36:45.264+0000] {taskinstance.py:1138} INFO - Marking task as FAILED. dag_id=cdr_pipeline, task_id=load_to_redshift, execution_date=20250802T022550, start_date=20250802T023631, end_date=20250802T023645
[2025-08-02T02:36:45.300+0000] {standard_task_runner.py:107} ERROR - Failed to execute job 104 for task load_to_redshift (Statement '1eb7fd18-2d23-4497-be4c-94ac6fcf8f50' terminated with status FAILED. Response details: {'ClusterIdentifier': 'tf-redshift-cluster',
 'CreatedAt': datetime.datetime(2025, 8, 2, 2, 36, 34, 484000, tzinfo=tzlocal()),
 'Database': 'dev_db',
 'DbUser': 'masterdb',
 'Duration': -1,
 'Error': 'ERROR: Spectrum Scan Error\n'
          '  Detail: \n'
          '  -----------------------------------------------\n'
          '  error:  Spectrum Scan Error\n'
          '  code:      15007\n'
          '  context:   File '
          "'https://s3.eu-west-1.amazonaws.com/cdr-faker-data-dfad0cb7/cdr_2025-08-02.parquet/0ef3d4a1e2e247ecb5c289ae13397c0d.snappy.parquet' "
          'has an incompatible Parquet schema for column '
          "'s3://cdr-faker-data-dfad0cb7/cdr_2025-08-02.parquet.call_start'. "
          'Column \n'
          '  query:     208378\n'
          '  location:  dory_util.cpp:1776\n'
          '  process:   worker_thread [pid=11853]\n'
          '  -----------------------------------------------\n',
 'HasResultSet': False,
 'Id': '1eb7fd18-2d23-4497-be4c-94ac6fcf8f50',
 'QueryString': '\n'
                '                    COPY public.cdr_records \n'
                '                    FROM '
                "'s3://cdr-faker-data-dfad0cb7/cdr_2025-08-02.parquet'\n"
                '                    credentials\n'
                "                    ''\n"
                '                    \n'
                '                    FORMAT AS PARQUET;\n'
                '        ',
 'RedshiftPid': 1073864978,
 'RedshiftQueryId': 208379,
 'ResponseMetadata': {'HTTPHeaders': {'content-length': '1183',
                                      'content-type': 'application/x-amz-json-1.1',
                                      'date': 'Sat, 02 Aug 2025 02:36:45 GMT',
                                      'x-amzn-requestid': 'f1b2ec2f-ae6a-4a5d-a302-e0aadb83462c'},
                      'HTTPStatusCode': 200,
                      'RequestId': 'f1b2ec2f-ae6a-4a5d-a302-e0aadb83462c',
                      'RetryAttempts': 0},
 'ResultRows': -1,
 'ResultSize': -1,
 'Status': 'FAILED',
 'UpdatedAt': datetime.datetime(2025, 8, 2, 2, 36, 35, 417000, tzinfo=tzlocal())}; 2185)
[2025-08-02T02:36:45.377+0000] {local_task_job_runner.py:234} INFO - Task exited with return code 1
[2025-08-02T02:36:45.421+0000] {taskinstance.py:3280} INFO - 0 downstream tasks scheduled from follow-on schedule check
