[2025-08-04T14:47:38.051+0000] {logging_mixin.py:188} INFO - Changing /opt/***/logs/dag_id=cdr_pipeline/run_id=scheduled__2025-07-30T00:00:00+00:00/task_id=get_s3_key permission to 509
[2025-08-04T14:47:38.234+0000] {logging_mixin.py:188} INFO - Changing /opt/***/logs/dag_id=cdr_pipeline/run_id=scheduled__2025-07-30T00:00:00+00:00/task_id=get_s3_key permission to 509
[2025-08-04T14:47:38.603+0000] {taskinstance.py:1956} INFO - Dependencies all met for dep_context=non-requeueable deps ti=<TaskInstance: cdr_pipeline.get_s3_key scheduled__2025-07-30T00:00:00+00:00 [queued]>
[2025-08-04T14:47:38.744+0000] {taskinstance.py:1956} INFO - Dependencies all met for dep_context=requeueable deps ti=<TaskInstance: cdr_pipeline.get_s3_key scheduled__2025-07-30T00:00:00+00:00 [queued]>
[2025-08-04T14:47:38.753+0000] {taskinstance.py:2170} INFO - Starting attempt 1 of 2
[2025-08-04T14:47:39.231+0000] {taskinstance.py:2191} INFO - Executing <Task(PythonOperator): get_s3_key> on 2025-07-30 00:00:00+00:00
[2025-08-04T14:47:39.381+0000] {standard_task_runner.py:60} INFO - Started process 693 to run task
[2025-08-04T14:47:39.394+0000] {standard_task_runner.py:87} INFO - Running: ['***', 'tasks', 'run', 'cdr_pipeline', 'get_s3_key', 'scheduled__2025-07-30T00:00:00+00:00', '--job-id', '33', '--raw', '--subdir', 'DAGS_FOLDER/dag.py', '--cfg-path', '/tmp/tmpwgw7v9rf']
[2025-08-04T14:47:39.406+0000] {standard_task_runner.py:88} INFO - Job 33: Subtask get_s3_key
[2025-08-04T14:47:40.026+0000] {logging_mixin.py:188} INFO - Changing /opt/***/logs/dag_id=cdr_pipeline/run_id=scheduled__2025-07-30T00:00:00+00:00/task_id=get_s3_key permission to 509
[2025-08-04T14:47:40.062+0000] {task_command.py:423} INFO - Running <TaskInstance: cdr_pipeline.get_s3_key scheduled__2025-07-30T00:00:00+00:00 [running]> on host 9edf237adf6e
[2025-08-04T14:47:41.286+0000] {taskinstance.py:2480} INFO - Exporting env vars: AIRFLOW_CTX_DAG_OWNER='***' AIRFLOW_CTX_DAG_ID='cdr_pipeline' AIRFLOW_CTX_TASK_ID='get_s3_key' AIRFLOW_CTX_EXECUTION_DATE='2025-07-30T00:00:00+00:00' AIRFLOW_CTX_TRY_NUMBER='1' AIRFLOW_CTX_DAG_RUN_ID='scheduled__2025-07-30T00:00:00+00:00'
[2025-08-04T14:47:41.298+0000] {python.py:201} INFO - Done. Returned value was: cdr_2025-07-30.parquet/
[2025-08-04T14:47:41.480+0000] {taskinstance.py:1138} INFO - Marking task as SUCCESS. dag_id=cdr_pipeline, task_id=get_s3_key, execution_date=20250730T000000, start_date=20250804T144738, end_date=20250804T144741
[2025-08-04T14:47:41.817+0000] {local_task_job_runner.py:234} INFO - Task exited with return code 0
[2025-08-04T14:47:42.193+0000] {taskinstance.py:3280} INFO - 1 downstream tasks scheduled from follow-on schedule check
[2025-08-04T16:29:59.640+0000] {logging_mixin.py:188} INFO - Changing /opt/***/logs/dag_id=cdr_pipeline/run_id=scheduled__2025-07-30T00:00:00+00:00/task_id=get_s3_key permission to 509
[2025-08-04T16:29:59.778+0000] {logging_mixin.py:188} INFO - Changing /opt/***/logs/dag_id=cdr_pipeline/run_id=scheduled__2025-07-30T00:00:00+00:00/task_id=get_s3_key permission to 509
[2025-08-04T16:29:59.932+0000] {taskinstance.py:1956} INFO - Dependencies all met for dep_context=non-requeueable deps ti=<TaskInstance: cdr_pipeline.get_s3_key scheduled__2025-07-30T00:00:00+00:00 [queued]>
[2025-08-04T16:30:00.011+0000] {taskinstance.py:1956} INFO - Dependencies all met for dep_context=requeueable deps ti=<TaskInstance: cdr_pipeline.get_s3_key scheduled__2025-07-30T00:00:00+00:00 [queued]>
[2025-08-04T16:30:00.058+0000] {taskinstance.py:2170} INFO - Starting attempt 1 of 2
[2025-08-04T16:30:00.180+0000] {taskinstance.py:2191} INFO - Executing <Task(PythonOperator): get_s3_key> on 2025-07-30 00:00:00+00:00
[2025-08-04T16:30:00.211+0000] {standard_task_runner.py:60} INFO - Started process 2198 to run task
[2025-08-04T16:30:00.229+0000] {standard_task_runner.py:87} INFO - Running: ['***', 'tasks', 'run', 'cdr_pipeline', 'get_s3_key', 'scheduled__2025-07-30T00:00:00+00:00', '--job-id', '85', '--raw', '--subdir', 'DAGS_FOLDER/dag.py', '--cfg-path', '/tmp/tmpmkd4t_62']
[2025-08-04T16:30:00.235+0000] {standard_task_runner.py:88} INFO - Job 85: Subtask get_s3_key
[2025-08-04T16:30:00.573+0000] {logging_mixin.py:188} INFO - Changing /opt/***/logs/dag_id=cdr_pipeline/run_id=scheduled__2025-07-30T00:00:00+00:00/task_id=get_s3_key permission to 509
[2025-08-04T16:30:00.610+0000] {task_command.py:423} INFO - Running <TaskInstance: cdr_pipeline.get_s3_key scheduled__2025-07-30T00:00:00+00:00 [running]> on host 9edf237adf6e
[2025-08-04T16:30:00.979+0000] {taskinstance.py:2480} INFO - Exporting env vars: AIRFLOW_CTX_DAG_OWNER='***' AIRFLOW_CTX_DAG_ID='cdr_pipeline' AIRFLOW_CTX_TASK_ID='get_s3_key' AIRFLOW_CTX_EXECUTION_DATE='2025-07-30T00:00:00+00:00' AIRFLOW_CTX_TRY_NUMBER='1' AIRFLOW_CTX_DAG_RUN_ID='scheduled__2025-07-30T00:00:00+00:00'
[2025-08-04T16:30:00.983+0000] {python.py:201} INFO - Done. Returned value was: cdr_2025-07-30.parquet/
[2025-08-04T16:30:01.071+0000] {taskinstance.py:1138} INFO - Marking task as SUCCESS. dag_id=cdr_pipeline, task_id=get_s3_key, execution_date=20250730T000000, start_date=20250804T162959, end_date=20250804T163001
[2025-08-04T16:30:01.214+0000] {local_task_job_runner.py:234} INFO - Task exited with return code 0
[2025-08-04T16:30:01.372+0000] {taskinstance.py:3280} INFO - 1 downstream tasks scheduled from follow-on schedule check
