[2025-08-01T16:07:28.263+0000] {processor.py:161} INFO - Started process (PID=2707) to work on /opt/airflow/dags/check.py
[2025-08-01T16:07:28.269+0000] {processor.py:830} INFO - Processing file /opt/airflow/dags/check.py for tasks to queue
[2025-08-01T16:07:28.272+0000] {logging_mixin.py:188} INFO - [2025-08-01T16:07:28.270+0000] {dagbag.py:538} INFO - Filling up the DagBag from /opt/airflow/dags/check.py
[2025-08-01T16:07:28.328+0000] {logging_mixin.py:188} INFO - [2025-08-01T16:07:28.317+0000] {dagbag.py:348} ERROR - Failed to import: /opt/airflow/dags/check.py
Traceback (most recent call last):
  File "/home/airflow/.local/lib/python3.8/site-packages/airflow/models/dagbag.py", line 344, in parse
    loader.exec_module(new_module)
  File "<frozen importlib._bootstrap_external>", line 843, in exec_module
  File "<frozen importlib._bootstrap>", line 219, in _call_with_frames_removed
  File "/opt/airflow/dags/check.py", line 16, in <module>
    dag=dag
NameError: name 'dag' is not defined
[2025-08-01T16:07:28.332+0000] {processor.py:842} WARNING - No viable dags retrieved from /opt/airflow/dags/check.py
[2025-08-01T16:07:28.377+0000] {processor.py:183} INFO - Processing /opt/airflow/dags/check.py took 0.124 seconds
[2025-08-01T16:07:58.953+0000] {processor.py:161} INFO - Started process (PID=2765) to work on /opt/airflow/dags/check.py
[2025-08-01T16:07:58.956+0000] {processor.py:830} INFO - Processing file /opt/airflow/dags/check.py for tasks to queue
[2025-08-01T16:07:58.961+0000] {logging_mixin.py:188} INFO - [2025-08-01T16:07:58.960+0000] {dagbag.py:538} INFO - Filling up the DagBag from /opt/airflow/dags/check.py
[2025-08-01T16:07:59.001+0000] {logging_mixin.py:188} INFO - [2025-08-01T16:07:58.990+0000] {dagbag.py:348} ERROR - Failed to import: /opt/airflow/dags/check.py
Traceback (most recent call last):
  File "/home/airflow/.local/lib/python3.8/site-packages/airflow/models/dagbag.py", line 344, in parse
    loader.exec_module(new_module)
  File "<frozen importlib._bootstrap_external>", line 843, in exec_module
  File "<frozen importlib._bootstrap>", line 219, in _call_with_frames_removed
  File "/opt/airflow/dags/check.py", line 16, in <module>
    dag=dag
NameError: name 'dag' is not defined
[2025-08-01T16:07:59.003+0000] {processor.py:842} WARNING - No viable dags retrieved from /opt/airflow/dags/check.py
[2025-08-01T16:07:59.055+0000] {processor.py:183} INFO - Processing /opt/airflow/dags/check.py took 0.113 seconds
[2025-08-01T16:08:29.222+0000] {processor.py:161} INFO - Started process (PID=2823) to work on /opt/airflow/dags/check.py
[2025-08-01T16:08:29.225+0000] {processor.py:830} INFO - Processing file /opt/airflow/dags/check.py for tasks to queue
[2025-08-01T16:08:29.227+0000] {logging_mixin.py:188} INFO - [2025-08-01T16:08:29.227+0000] {dagbag.py:538} INFO - Filling up the DagBag from /opt/airflow/dags/check.py
[2025-08-01T16:08:29.261+0000] {logging_mixin.py:188} INFO - [2025-08-01T16:08:29.255+0000] {dagbag.py:348} ERROR - Failed to import: /opt/airflow/dags/check.py
Traceback (most recent call last):
  File "/home/airflow/.local/lib/python3.8/site-packages/airflow/models/dagbag.py", line 344, in parse
    loader.exec_module(new_module)
  File "<frozen importlib._bootstrap_external>", line 843, in exec_module
  File "<frozen importlib._bootstrap>", line 219, in _call_with_frames_removed
  File "/opt/airflow/dags/check.py", line 16, in <module>
    dag=dag
NameError: name 'dag' is not defined
[2025-08-01T16:08:29.263+0000] {processor.py:842} WARNING - No viable dags retrieved from /opt/airflow/dags/check.py
[2025-08-01T16:08:29.298+0000] {processor.py:183} INFO - Processing /opt/airflow/dags/check.py took 0.087 seconds
[2025-08-01T16:08:59.837+0000] {processor.py:161} INFO - Started process (PID=2881) to work on /opt/airflow/dags/check.py
[2025-08-01T16:08:59.839+0000] {processor.py:830} INFO - Processing file /opt/airflow/dags/check.py for tasks to queue
[2025-08-01T16:08:59.845+0000] {logging_mixin.py:188} INFO - [2025-08-01T16:08:59.844+0000] {dagbag.py:538} INFO - Filling up the DagBag from /opt/airflow/dags/check.py
[2025-08-01T16:08:59.877+0000] {logging_mixin.py:188} INFO - [2025-08-01T16:08:59.869+0000] {dagbag.py:348} ERROR - Failed to import: /opt/airflow/dags/check.py
Traceback (most recent call last):
  File "/home/airflow/.local/lib/python3.8/site-packages/airflow/models/dagbag.py", line 344, in parse
    loader.exec_module(new_module)
  File "<frozen importlib._bootstrap_external>", line 843, in exec_module
  File "<frozen importlib._bootstrap>", line 219, in _call_with_frames_removed
  File "/opt/airflow/dags/check.py", line 16, in <module>
    dag=dag
NameError: name 'dag' is not defined
[2025-08-01T16:08:59.879+0000] {processor.py:842} WARNING - No viable dags retrieved from /opt/airflow/dags/check.py
[2025-08-01T16:08:59.926+0000] {processor.py:183} INFO - Processing /opt/airflow/dags/check.py took 0.101 seconds
[2025-08-01T16:09:30.482+0000] {processor.py:161} INFO - Started process (PID=2939) to work on /opt/airflow/dags/check.py
[2025-08-01T16:09:30.487+0000] {processor.py:830} INFO - Processing file /opt/airflow/dags/check.py for tasks to queue
[2025-08-01T16:09:30.489+0000] {logging_mixin.py:188} INFO - [2025-08-01T16:09:30.488+0000] {dagbag.py:538} INFO - Filling up the DagBag from /opt/airflow/dags/check.py
[2025-08-01T16:09:30.521+0000] {logging_mixin.py:188} INFO - [2025-08-01T16:09:30.514+0000] {dagbag.py:348} ERROR - Failed to import: /opt/airflow/dags/check.py
Traceback (most recent call last):
  File "/home/airflow/.local/lib/python3.8/site-packages/airflow/models/dagbag.py", line 344, in parse
    loader.exec_module(new_module)
  File "<frozen importlib._bootstrap_external>", line 843, in exec_module
  File "<frozen importlib._bootstrap>", line 219, in _call_with_frames_removed
  File "/opt/airflow/dags/check.py", line 16, in <module>
    dag=dag
NameError: name 'dag' is not defined
[2025-08-01T16:09:30.526+0000] {processor.py:842} WARNING - No viable dags retrieved from /opt/airflow/dags/check.py
[2025-08-01T16:09:30.577+0000] {processor.py:183} INFO - Processing /opt/airflow/dags/check.py took 0.106 seconds
[2025-08-01T16:10:01.096+0000] {processor.py:161} INFO - Started process (PID=2997) to work on /opt/airflow/dags/check.py
[2025-08-01T16:10:01.103+0000] {processor.py:830} INFO - Processing file /opt/airflow/dags/check.py for tasks to queue
[2025-08-01T16:10:01.109+0000] {logging_mixin.py:188} INFO - [2025-08-01T16:10:01.108+0000] {dagbag.py:538} INFO - Filling up the DagBag from /opt/airflow/dags/check.py
[2025-08-01T16:10:01.153+0000] {logging_mixin.py:188} INFO - [2025-08-01T16:10:01.143+0000] {dagbag.py:348} ERROR - Failed to import: /opt/airflow/dags/check.py
Traceback (most recent call last):
  File "/home/airflow/.local/lib/python3.8/site-packages/airflow/models/dagbag.py", line 344, in parse
    loader.exec_module(new_module)
  File "<frozen importlib._bootstrap_external>", line 843, in exec_module
  File "<frozen importlib._bootstrap>", line 219, in _call_with_frames_removed
  File "/opt/airflow/dags/check.py", line 16, in <module>
    dag=dag
NameError: name 'dag' is not defined
[2025-08-01T16:10:01.157+0000] {processor.py:842} WARNING - No viable dags retrieved from /opt/airflow/dags/check.py
[2025-08-01T16:10:01.226+0000] {processor.py:183} INFO - Processing /opt/airflow/dags/check.py took 0.142 seconds
[2025-08-01T16:10:31.414+0000] {processor.py:161} INFO - Started process (PID=3055) to work on /opt/airflow/dags/check.py
[2025-08-01T16:10:31.417+0000] {processor.py:830} INFO - Processing file /opt/airflow/dags/check.py for tasks to queue
[2025-08-01T16:10:31.419+0000] {logging_mixin.py:188} INFO - [2025-08-01T16:10:31.419+0000] {dagbag.py:538} INFO - Filling up the DagBag from /opt/airflow/dags/check.py
[2025-08-01T16:10:31.451+0000] {logging_mixin.py:188} INFO - [2025-08-01T16:10:31.444+0000] {dagbag.py:348} ERROR - Failed to import: /opt/airflow/dags/check.py
Traceback (most recent call last):
  File "/home/airflow/.local/lib/python3.8/site-packages/airflow/models/dagbag.py", line 344, in parse
    loader.exec_module(new_module)
  File "<frozen importlib._bootstrap_external>", line 843, in exec_module
  File "<frozen importlib._bootstrap>", line 219, in _call_with_frames_removed
  File "/opt/airflow/dags/check.py", line 16, in <module>
    dag=dag
NameError: name 'dag' is not defined
[2025-08-01T16:10:31.464+0000] {processor.py:842} WARNING - No viable dags retrieved from /opt/airflow/dags/check.py
[2025-08-01T16:10:31.514+0000] {processor.py:183} INFO - Processing /opt/airflow/dags/check.py took 0.107 seconds
[2025-08-01T16:11:01.713+0000] {processor.py:161} INFO - Started process (PID=3113) to work on /opt/airflow/dags/check.py
[2025-08-01T16:11:01.715+0000] {processor.py:830} INFO - Processing file /opt/airflow/dags/check.py for tasks to queue
[2025-08-01T16:11:01.717+0000] {logging_mixin.py:188} INFO - [2025-08-01T16:11:01.716+0000] {dagbag.py:538} INFO - Filling up the DagBag from /opt/airflow/dags/check.py
[2025-08-01T16:11:01.749+0000] {logging_mixin.py:188} INFO - [2025-08-01T16:11:01.742+0000] {dagbag.py:348} ERROR - Failed to import: /opt/airflow/dags/check.py
Traceback (most recent call last):
  File "/home/airflow/.local/lib/python3.8/site-packages/airflow/models/dagbag.py", line 344, in parse
    loader.exec_module(new_module)
  File "<frozen importlib._bootstrap_external>", line 843, in exec_module
  File "<frozen importlib._bootstrap>", line 219, in _call_with_frames_removed
  File "/opt/airflow/dags/check.py", line 16, in <module>
    dag=dag
NameError: name 'dag' is not defined
[2025-08-01T16:11:01.752+0000] {processor.py:842} WARNING - No viable dags retrieved from /opt/airflow/dags/check.py
[2025-08-01T16:11:01.802+0000] {processor.py:183} INFO - Processing /opt/airflow/dags/check.py took 0.094 seconds
[2025-08-01T16:11:32.274+0000] {processor.py:161} INFO - Started process (PID=3171) to work on /opt/airflow/dags/check.py
[2025-08-01T16:11:32.280+0000] {processor.py:830} INFO - Processing file /opt/airflow/dags/check.py for tasks to queue
[2025-08-01T16:11:32.284+0000] {logging_mixin.py:188} INFO - [2025-08-01T16:11:32.282+0000] {dagbag.py:538} INFO - Filling up the DagBag from /opt/airflow/dags/check.py
[2025-08-01T16:11:32.326+0000] {logging_mixin.py:188} INFO - [2025-08-01T16:11:32.319+0000] {dagbag.py:348} ERROR - Failed to import: /opt/airflow/dags/check.py
Traceback (most recent call last):
  File "/home/airflow/.local/lib/python3.8/site-packages/airflow/models/dagbag.py", line 344, in parse
    loader.exec_module(new_module)
  File "<frozen importlib._bootstrap_external>", line 843, in exec_module
  File "<frozen importlib._bootstrap>", line 219, in _call_with_frames_removed
  File "/opt/airflow/dags/check.py", line 16, in <module>
    dag=dag
NameError: name 'dag' is not defined
[2025-08-01T16:11:32.332+0000] {processor.py:842} WARNING - No viable dags retrieved from /opt/airflow/dags/check.py
[2025-08-01T16:11:32.397+0000] {processor.py:183} INFO - Processing /opt/airflow/dags/check.py took 0.138 seconds
[2025-08-01T16:12:05.691+0000] {processor.py:161} INFO - Started process (PID=3229) to work on /opt/airflow/dags/check.py
[2025-08-01T16:12:05.693+0000] {processor.py:830} INFO - Processing file /opt/airflow/dags/check.py for tasks to queue
[2025-08-01T16:12:05.697+0000] {logging_mixin.py:188} INFO - [2025-08-01T16:12:05.696+0000] {dagbag.py:538} INFO - Filling up the DagBag from /opt/airflow/dags/check.py
[2025-08-01T16:12:05.737+0000] {logging_mixin.py:188} INFO - [2025-08-01T16:12:05.727+0000] {dagbag.py:348} ERROR - Failed to import: /opt/airflow/dags/check.py
Traceback (most recent call last):
  File "/home/airflow/.local/lib/python3.8/site-packages/airflow/models/dagbag.py", line 344, in parse
    loader.exec_module(new_module)
  File "<frozen importlib._bootstrap_external>", line 843, in exec_module
  File "<frozen importlib._bootstrap>", line 219, in _call_with_frames_removed
  File "/opt/airflow/dags/check.py", line 16, in <module>
    dag=dag
NameError: name 'dag' is not defined
[2025-08-01T16:12:05.743+0000] {processor.py:842} WARNING - No viable dags retrieved from /opt/airflow/dags/check.py
[2025-08-01T16:12:05.805+0000] {processor.py:183} INFO - Processing /opt/airflow/dags/check.py took 0.126 seconds
[2025-08-01T16:12:36.034+0000] {processor.py:161} INFO - Started process (PID=3287) to work on /opt/airflow/dags/check.py
[2025-08-01T16:12:36.036+0000] {processor.py:830} INFO - Processing file /opt/airflow/dags/check.py for tasks to queue
[2025-08-01T16:12:36.038+0000] {logging_mixin.py:188} INFO - [2025-08-01T16:12:36.037+0000] {dagbag.py:538} INFO - Filling up the DagBag from /opt/airflow/dags/check.py
[2025-08-01T16:12:36.076+0000] {logging_mixin.py:188} INFO - [2025-08-01T16:12:36.068+0000] {dagbag.py:348} ERROR - Failed to import: /opt/airflow/dags/check.py
Traceback (most recent call last):
  File "/home/airflow/.local/lib/python3.8/site-packages/airflow/models/dagbag.py", line 344, in parse
    loader.exec_module(new_module)
  File "<frozen importlib._bootstrap_external>", line 843, in exec_module
  File "<frozen importlib._bootstrap>", line 219, in _call_with_frames_removed
  File "/opt/airflow/dags/check.py", line 16, in <module>
    dag=dag
NameError: name 'dag' is not defined
[2025-08-01T16:12:36.080+0000] {processor.py:842} WARNING - No viable dags retrieved from /opt/airflow/dags/check.py
[2025-08-01T16:12:36.118+0000] {processor.py:183} INFO - Processing /opt/airflow/dags/check.py took 0.091 seconds
[2025-08-01T16:13:06.794+0000] {processor.py:161} INFO - Started process (PID=3344) to work on /opt/airflow/dags/check.py
[2025-08-01T16:13:06.797+0000] {processor.py:830} INFO - Processing file /opt/airflow/dags/check.py for tasks to queue
[2025-08-01T16:13:06.801+0000] {logging_mixin.py:188} INFO - [2025-08-01T16:13:06.800+0000] {dagbag.py:538} INFO - Filling up the DagBag from /opt/airflow/dags/check.py
[2025-08-01T16:13:06.844+0000] {logging_mixin.py:188} INFO - [2025-08-01T16:13:06.825+0000] {dagbag.py:348} ERROR - Failed to import: /opt/airflow/dags/check.py
Traceback (most recent call last):
  File "/home/airflow/.local/lib/python3.8/site-packages/airflow/models/dagbag.py", line 344, in parse
    loader.exec_module(new_module)
  File "<frozen importlib._bootstrap_external>", line 843, in exec_module
  File "<frozen importlib._bootstrap>", line 219, in _call_with_frames_removed
  File "/opt/airflow/dags/check.py", line 16, in <module>
    dag=dag
NameError: name 'dag' is not defined
[2025-08-01T16:13:06.847+0000] {processor.py:842} WARNING - No viable dags retrieved from /opt/airflow/dags/check.py
[2025-08-01T16:13:06.905+0000] {processor.py:183} INFO - Processing /opt/airflow/dags/check.py took 0.118 seconds
[2025-08-01T16:13:37.309+0000] {processor.py:161} INFO - Started process (PID=3402) to work on /opt/airflow/dags/check.py
[2025-08-01T16:13:37.317+0000] {processor.py:830} INFO - Processing file /opt/airflow/dags/check.py for tasks to queue
[2025-08-01T16:13:37.321+0000] {logging_mixin.py:188} INFO - [2025-08-01T16:13:37.321+0000] {dagbag.py:538} INFO - Filling up the DagBag from /opt/airflow/dags/check.py
[2025-08-01T16:13:37.366+0000] {logging_mixin.py:188} INFO - [2025-08-01T16:13:37.360+0000] {dagbag.py:348} ERROR - Failed to import: /opt/airflow/dags/check.py
Traceback (most recent call last):
  File "/home/airflow/.local/lib/python3.8/site-packages/airflow/models/dagbag.py", line 344, in parse
    loader.exec_module(new_module)
  File "<frozen importlib._bootstrap_external>", line 843, in exec_module
  File "<frozen importlib._bootstrap>", line 219, in _call_with_frames_removed
  File "/opt/airflow/dags/check.py", line 16, in <module>
    dag=dag
NameError: name 'dag' is not defined
[2025-08-01T16:13:37.369+0000] {processor.py:842} WARNING - No viable dags retrieved from /opt/airflow/dags/check.py
[2025-08-01T16:13:37.434+0000] {processor.py:183} INFO - Processing /opt/airflow/dags/check.py took 0.137 seconds
[2025-08-01T16:14:08.154+0000] {processor.py:161} INFO - Started process (PID=3460) to work on /opt/airflow/dags/check.py
[2025-08-01T16:14:08.157+0000] {processor.py:830} INFO - Processing file /opt/airflow/dags/check.py for tasks to queue
[2025-08-01T16:14:08.160+0000] {logging_mixin.py:188} INFO - [2025-08-01T16:14:08.159+0000] {dagbag.py:538} INFO - Filling up the DagBag from /opt/airflow/dags/check.py
[2025-08-01T16:14:08.189+0000] {logging_mixin.py:188} INFO - [2025-08-01T16:14:08.183+0000] {dagbag.py:348} ERROR - Failed to import: /opt/airflow/dags/check.py
Traceback (most recent call last):
  File "/home/airflow/.local/lib/python3.8/site-packages/airflow/models/dagbag.py", line 344, in parse
    loader.exec_module(new_module)
  File "<frozen importlib._bootstrap_external>", line 843, in exec_module
  File "<frozen importlib._bootstrap>", line 219, in _call_with_frames_removed
  File "/opt/airflow/dags/check.py", line 16, in <module>
    dag=dag
NameError: name 'dag' is not defined
[2025-08-01T16:14:08.192+0000] {processor.py:842} WARNING - No viable dags retrieved from /opt/airflow/dags/check.py
[2025-08-01T16:14:08.261+0000] {processor.py:183} INFO - Processing /opt/airflow/dags/check.py took 0.116 seconds
[2025-08-01T16:14:38.442+0000] {processor.py:161} INFO - Started process (PID=3517) to work on /opt/airflow/dags/check.py
[2025-08-01T16:14:38.444+0000] {processor.py:830} INFO - Processing file /opt/airflow/dags/check.py for tasks to queue
[2025-08-01T16:14:38.447+0000] {logging_mixin.py:188} INFO - [2025-08-01T16:14:38.446+0000] {dagbag.py:538} INFO - Filling up the DagBag from /opt/airflow/dags/check.py
[2025-08-01T16:14:38.469+0000] {logging_mixin.py:188} INFO - [2025-08-01T16:14:38.469+0000] {dagbag.py:325} INFO - File /opt/airflow/dags/check.py assumed to contain no DAGs. Skipping.
[2025-08-01T16:14:38.470+0000] {processor.py:842} WARNING - No viable dags retrieved from /opt/airflow/dags/check.py
[2025-08-01T16:14:38.512+0000] {processor.py:183} INFO - Processing /opt/airflow/dags/check.py took 0.077 seconds
[2025-08-01T16:15:08.913+0000] {processor.py:161} INFO - Started process (PID=3575) to work on /opt/airflow/dags/check.py
[2025-08-01T16:15:08.916+0000] {processor.py:830} INFO - Processing file /opt/airflow/dags/check.py for tasks to queue
[2025-08-01T16:15:08.919+0000] {logging_mixin.py:188} INFO - [2025-08-01T16:15:08.918+0000] {dagbag.py:538} INFO - Filling up the DagBag from /opt/airflow/dags/check.py
[2025-08-01T16:15:08.963+0000] {logging_mixin.py:188} INFO - [2025-08-01T16:15:08.962+0000] {dagbag.py:325} INFO - File /opt/airflow/dags/check.py assumed to contain no DAGs. Skipping.
[2025-08-01T16:15:08.964+0000] {processor.py:842} WARNING - No viable dags retrieved from /opt/airflow/dags/check.py
[2025-08-01T16:15:09.040+0000] {processor.py:183} INFO - Processing /opt/airflow/dags/check.py took 0.146 seconds
[2025-08-01T16:15:39.683+0000] {processor.py:161} INFO - Started process (PID=3633) to work on /opt/airflow/dags/check.py
[2025-08-01T16:15:39.690+0000] {processor.py:830} INFO - Processing file /opt/airflow/dags/check.py for tasks to queue
[2025-08-01T16:15:39.698+0000] {logging_mixin.py:188} INFO - [2025-08-01T16:15:39.697+0000] {dagbag.py:538} INFO - Filling up the DagBag from /opt/airflow/dags/check.py
[2025-08-01T16:15:39.723+0000] {logging_mixin.py:188} INFO - [2025-08-01T16:15:39.723+0000] {dagbag.py:325} INFO - File /opt/airflow/dags/check.py assumed to contain no DAGs. Skipping.
[2025-08-01T16:15:39.729+0000] {processor.py:842} WARNING - No viable dags retrieved from /opt/airflow/dags/check.py
[2025-08-01T16:15:39.818+0000] {processor.py:183} INFO - Processing /opt/airflow/dags/check.py took 0.145 seconds
[2025-08-01T16:16:10.256+0000] {processor.py:161} INFO - Started process (PID=3691) to work on /opt/airflow/dags/check.py
[2025-08-01T16:16:10.259+0000] {processor.py:830} INFO - Processing file /opt/airflow/dags/check.py for tasks to queue
[2025-08-01T16:16:10.262+0000] {logging_mixin.py:188} INFO - [2025-08-01T16:16:10.261+0000] {dagbag.py:538} INFO - Filling up the DagBag from /opt/airflow/dags/check.py
[2025-08-01T16:16:10.278+0000] {logging_mixin.py:188} INFO - [2025-08-01T16:16:10.278+0000] {dagbag.py:325} INFO - File /opt/airflow/dags/check.py assumed to contain no DAGs. Skipping.
[2025-08-01T16:16:10.279+0000] {processor.py:842} WARNING - No viable dags retrieved from /opt/airflow/dags/check.py
[2025-08-01T16:16:10.316+0000] {processor.py:183} INFO - Processing /opt/airflow/dags/check.py took 0.070 seconds
[2025-08-01T16:16:40.472+0000] {processor.py:161} INFO - Started process (PID=3749) to work on /opt/airflow/dags/check.py
[2025-08-01T16:16:40.475+0000] {processor.py:830} INFO - Processing file /opt/airflow/dags/check.py for tasks to queue
[2025-08-01T16:16:40.477+0000] {logging_mixin.py:188} INFO - [2025-08-01T16:16:40.476+0000] {dagbag.py:538} INFO - Filling up the DagBag from /opt/airflow/dags/check.py
[2025-08-01T16:16:40.493+0000] {logging_mixin.py:188} INFO - [2025-08-01T16:16:40.492+0000] {dagbag.py:325} INFO - File /opt/airflow/dags/check.py assumed to contain no DAGs. Skipping.
[2025-08-01T16:16:40.494+0000] {processor.py:842} WARNING - No viable dags retrieved from /opt/airflow/dags/check.py
[2025-08-01T16:16:40.524+0000] {processor.py:183} INFO - Processing /opt/airflow/dags/check.py took 0.060 seconds
[2025-08-01T16:17:11.008+0000] {processor.py:161} INFO - Started process (PID=3807) to work on /opt/airflow/dags/check.py
[2025-08-01T16:17:11.011+0000] {processor.py:830} INFO - Processing file /opt/airflow/dags/check.py for tasks to queue
[2025-08-01T16:17:11.014+0000] {logging_mixin.py:188} INFO - [2025-08-01T16:17:11.013+0000] {dagbag.py:538} INFO - Filling up the DagBag from /opt/airflow/dags/check.py
[2025-08-01T16:17:11.032+0000] {logging_mixin.py:188} INFO - [2025-08-01T16:17:11.031+0000] {dagbag.py:325} INFO - File /opt/airflow/dags/check.py assumed to contain no DAGs. Skipping.
[2025-08-01T16:17:11.033+0000] {processor.py:842} WARNING - No viable dags retrieved from /opt/airflow/dags/check.py
[2025-08-01T16:17:11.075+0000] {processor.py:183} INFO - Processing /opt/airflow/dags/check.py took 0.076 seconds
