[2025-08-01T21:09:43.998+0000] {logging_mixin.py:188} INFO - Changing /opt/***/logs/dag_id=cdr_pipeline/run_id=manual__2025-08-01T20:53:47.782452+00:00/task_id=gen_cdr permission to 509
[2025-08-01T21:09:44.057+0000] {logging_mixin.py:188} INFO - Changing /opt/***/logs/dag_id=cdr_pipeline/run_id=manual__2025-08-01T20:53:47.782452+00:00/task_id=gen_cdr permission to 509
[2025-08-01T21:09:44.106+0000] {taskinstance.py:1956} INFO - Dependencies all met for dep_context=non-requeueable deps ti=<TaskInstance: cdr_pipeline.gen_cdr manual__2025-08-01T20:53:47.782452+00:00 [queued]>
[2025-08-01T21:09:44.122+0000] {taskinstance.py:1956} INFO - Dependencies all met for dep_context=requeueable deps ti=<TaskInstance: cdr_pipeline.gen_cdr manual__2025-08-01T20:53:47.782452+00:00 [queued]>
[2025-08-01T21:09:44.124+0000] {taskinstance.py:2170} INFO - Starting attempt 1 of 2
[2025-08-01T21:09:44.151+0000] {taskinstance.py:2191} INFO - Executing <Task(PythonOperator): gen_cdr> on 2025-08-01 20:53:47.782452+00:00
[2025-08-01T21:09:44.164+0000] {standard_task_runner.py:60} INFO - Started process 1374 to run task
[2025-08-01T21:09:44.172+0000] {standard_task_runner.py:87} INFO - Running: ['***', 'tasks', 'run', 'cdr_pipeline', 'gen_cdr', 'manual__2025-08-01T20:53:47.782452+00:00', '--job-id', '22', '--raw', '--subdir', 'DAGS_FOLDER/dag.py', '--cfg-path', '/tmp/tmp859sdaw4']
[2025-08-01T21:09:44.178+0000] {standard_task_runner.py:88} INFO - Job 22: Subtask gen_cdr
[2025-08-01T21:09:44.293+0000] {logging_mixin.py:188} INFO - Changing /opt/***/logs/dag_id=cdr_pipeline/run_id=manual__2025-08-01T20:53:47.782452+00:00/task_id=gen_cdr permission to 509
[2025-08-01T21:09:44.316+0000] {task_command.py:423} INFO - Running <TaskInstance: cdr_pipeline.gen_cdr manual__2025-08-01T20:53:47.782452+00:00 [running]> on host 99c5562df5f8
[2025-08-01T21:09:44.504+0000] {taskinstance.py:2480} INFO - Exporting env vars: AIRFLOW_CTX_DAG_OWNER='***' AIRFLOW_CTX_DAG_ID='cdr_pipeline' AIRFLOW_CTX_TASK_ID='gen_cdr' AIRFLOW_CTX_EXECUTION_DATE='2025-08-01T20:53:47.782452+00:00' AIRFLOW_CTX_TRY_NUMBER='1' AIRFLOW_CTX_DAG_RUN_ID='manual__2025-08-01T20:53:47.782452+00:00'
[2025-08-01T21:09:44.512+0000] {taskinstance.py:2698} ERROR - Task failed with exception
Traceback (most recent call last):
  File "/home/airflow/.local/lib/python3.8/site-packages/airflow/models/taskinstance.py", line 433, in _execute_task
    result = execute_callable(context=context, **execute_callable_kwargs)
  File "/home/airflow/.local/lib/python3.8/site-packages/airflow/operators/python.py", line 199, in execute
    return_value = self.execute_callable()
  File "/home/airflow/.local/lib/python3.8/site-packages/airflow/operators/python.py", line 216, in execute_callable
    return self.python_callable(*self.op_args, **self.op_kwargs)
TypeError: generate_cdr() takes 0 positional arguments but 1 was given
[2025-08-01T21:09:44.527+0000] {taskinstance.py:1138} INFO - Marking task as UP_FOR_RETRY. dag_id=cdr_pipeline, task_id=gen_cdr, execution_date=20250801T205347, start_date=20250801T210944, end_date=20250801T210944
[2025-08-01T21:09:44.555+0000] {standard_task_runner.py:107} ERROR - Failed to execute job 22 for task gen_cdr (generate_cdr() takes 0 positional arguments but 1 was given; 1374)
[2025-08-01T21:09:44.594+0000] {local_task_job_runner.py:234} INFO - Task exited with return code 1
[2025-08-01T21:09:44.643+0000] {taskinstance.py:3280} INFO - 0 downstream tasks scheduled from follow-on schedule check
