[2025-08-02T01:33:39.751+0000] {logging_mixin.py:188} INFO - Changing /opt/***/logs/dag_id=cdr_pipeline/run_id=manual__2025-08-02T01:20:57.581723+00:00/task_id=load_to_redshift permission to 509
[2025-08-02T01:33:39.816+0000] {logging_mixin.py:188} INFO - Changing /opt/***/logs/dag_id=cdr_pipeline/run_id=manual__2025-08-02T01:20:57.581723+00:00/task_id=load_to_redshift permission to 509
[2025-08-02T01:33:39.884+0000] {taskinstance.py:1956} INFO - Dependencies all met for dep_context=non-requeueable deps ti=<TaskInstance: cdr_pipeline.load_to_redshift manual__2025-08-02T01:20:57.581723+00:00 [queued]>
[2025-08-02T01:33:39.907+0000] {taskinstance.py:1956} INFO - Dependencies all met for dep_context=requeueable deps ti=<TaskInstance: cdr_pipeline.load_to_redshift manual__2025-08-02T01:20:57.581723+00:00 [queued]>
[2025-08-02T01:33:39.907+0000] {taskinstance.py:2170} INFO - Starting attempt 3 of 3
[2025-08-02T01:33:39.946+0000] {taskinstance.py:2191} INFO - Executing <Task(S3ToRedshiftOperator): load_to_redshift> on 2025-08-02 01:20:57.581723+00:00
[2025-08-02T01:33:39.974+0000] {standard_task_runner.py:60} INFO - Started process 1315 to run task
[2025-08-02T01:33:40.007+0000] {standard_task_runner.py:87} INFO - Running: ['***', 'tasks', 'run', 'cdr_pipeline', 'load_to_redshift', 'manual__2025-08-02T01:20:57.581723+00:00', '--job-id', '92', '--raw', '--subdir', 'DAGS_FOLDER/dag.py', '--cfg-path', '/tmp/tmpo0fxeio4']
[2025-08-02T01:33:40.036+0000] {standard_task_runner.py:88} INFO - Job 92: Subtask load_to_redshift
[2025-08-02T01:33:40.351+0000] {logging_mixin.py:188} INFO - Changing /opt/***/logs/dag_id=cdr_pipeline/run_id=manual__2025-08-02T01:20:57.581723+00:00/task_id=load_to_redshift permission to 509
[2025-08-02T01:33:40.385+0000] {task_command.py:423} INFO - Running <TaskInstance: cdr_pipeline.load_to_redshift manual__2025-08-02T01:20:57.581723+00:00 [running]> on host f2527419f673
[2025-08-02T01:33:40.930+0000] {taskinstance.py:2480} INFO - Exporting env vars: AIRFLOW_CTX_DAG_OWNER='***' AIRFLOW_CTX_DAG_ID='cdr_pipeline' AIRFLOW_CTX_TASK_ID='load_to_redshift' AIRFLOW_CTX_EXECUTION_DATE='2025-08-02T01:20:57.581723+00:00' AIRFLOW_CTX_TRY_NUMBER='3' AIRFLOW_CTX_DAG_RUN_ID='manual__2025-08-02T01:20:57.581723+00:00'
[2025-08-02T01:33:40.980+0000] {base.py:83} INFO - Using connection ID 'aws_default' for task execution.
[2025-08-02T01:33:41.057+0000] {base.py:83} INFO - Using connection ID 'aws_default' for task execution.
[2025-08-02T01:33:41.059+0000] {connection_wrapper.py:378} INFO - AWS Connection (conn_id='aws_default', conn_type='aws') credentials retrieved from login and password.
[2025-08-02T01:33:41.134+0000] {s3_to_redshift.py:192} INFO - Executing COPY command...
[2025-08-02T01:33:41.165+0000] {base.py:83} INFO - Using connection ID 'redshift_default' for task execution.
[2025-08-02T01:33:41.166+0000] {connection_wrapper.py:378} INFO - AWS Connection (conn_id='redshift_default', conn_type='aws') credentials retrieved from login and password.
[2025-08-02T01:33:41.173+0000] {warnings.py:109} WARNING - <string>:9: AirflowProviderDeprecationWarning: Host tf-redshift-cluster.ci896s3qzt6h.eu-west-1.redshift.amazonaws.com:5439/dev_db specified in the connection is not used. Please, set it on extra['endpoint_url'] instead

[2025-08-02T01:33:43.875+0000] {redshift_data.py:113} INFO - Polling statement 542aa789-ba00-4ec9-9fd0-a0f09c4983c7
[2025-08-02T01:33:44.079+0000] {redshift_data.py:129} INFO - Query STARTED
[2025-08-02T01:33:54.089+0000] {redshift_data.py:113} INFO - Polling statement 542aa789-ba00-4ec9-9fd0-a0f09c4983c7
[2025-08-02T01:33:54.269+0000] {taskinstance.py:2698} ERROR - Task failed with exception
Traceback (most recent call last):
  File "/home/airflow/.local/lib/python3.8/site-packages/airflow/models/taskinstance.py", line 433, in _execute_task
    result = execute_callable(context=context, **execute_callable_kwargs)
  File "/home/airflow/.local/lib/python3.8/site-packages/airflow/providers/amazon/aws/transfers/s3_to_redshift.py", line 194, in execute
    redshift_hook.execute_query(sql=sql, **self.redshift_data_api_kwargs)
  File "/home/airflow/.local/lib/python3.8/site-packages/airflow/providers/amazon/aws/hooks/redshift_data.py", line 107, in execute_query
    self.wait_for_results(statement_id, poll_interval=poll_interval)
  File "/home/airflow/.local/lib/python3.8/site-packages/airflow/providers/amazon/aws/hooks/redshift_data.py", line 124, in wait_for_results
    raise ValueError(
ValueError: Statement '542aa789-ba00-4ec9-9fd0-a0f09c4983c7' terminated with status FAILED. Response details: {'ClusterIdentifier': 'tf-redshift-cluster',
 'CreatedAt': datetime.datetime(2025, 8, 2, 1, 33, 44, 788000, tzinfo=tzlocal()),
 'Database': 'dev_db',
 'DbUser': 'masterdb',
 'Duration': -1,
 'Error': 'ERROR: conflicting or redundant options',
 'HasResultSet': False,
 'Id': '542aa789-ba00-4ec9-9fd0-a0f09c4983c7',
 'QueryString': '\n'
                '                    COPY public.cdr_records \n'
                '                    FROM '
                "'s3://cdr-faker-data-dfad0cb7/cdr_2025-08-02.parquet'\n"
                '                    credentials\n'
                "                    ''\n"
                '                    \n'
                '                    FORMAT AS PARQUET\n'
                "\t\t\tIAM_ROLE '';\n"
                '        ',
 'RedshiftPid': 1073963285,
 'RedshiftQueryId': -1,
 'ResponseMetadata': {'HTTPHeaders': {'content-length': '679',
                                      'content-type': 'application/x-amz-json-1.1',
                                      'date': 'Sat, 02 Aug 2025 01:33:56 GMT',
                                      'x-amzn-requestid': '1596a7fb-e98e-4f0e-bdb7-824f23d87e1c'},
                      'HTTPStatusCode': 200,
                      'RequestId': '1596a7fb-e98e-4f0e-bdb7-824f23d87e1c',
                      'RetryAttempts': 0},
 'ResultRows': -1,
 'ResultSize': -1,
 'Status': 'FAILED',
 'UpdatedAt': datetime.datetime(2025, 8, 2, 1, 33, 45, 232000, tzinfo=tzlocal())}
[2025-08-02T01:33:54.287+0000] {taskinstance.py:1138} INFO - Marking task as FAILED. dag_id=cdr_pipeline, task_id=load_to_redshift, execution_date=20250802T012057, start_date=20250802T013339, end_date=20250802T013354
[2025-08-02T01:33:54.313+0000] {standard_task_runner.py:107} ERROR - Failed to execute job 92 for task load_to_redshift (Statement '542aa789-ba00-4ec9-9fd0-a0f09c4983c7' terminated with status FAILED. Response details: {'ClusterIdentifier': 'tf-redshift-cluster',
 'CreatedAt': datetime.datetime(2025, 8, 2, 1, 33, 44, 788000, tzinfo=tzlocal()),
 'Database': 'dev_db',
 'DbUser': 'masterdb',
 'Duration': -1,
 'Error': 'ERROR: conflicting or redundant options',
 'HasResultSet': False,
 'Id': '542aa789-ba00-4ec9-9fd0-a0f09c4983c7',
 'QueryString': '\n'
                '                    COPY public.cdr_records \n'
                '                    FROM '
                "'s3://cdr-faker-data-dfad0cb7/cdr_2025-08-02.parquet'\n"
                '                    credentials\n'
                "                    ''\n"
                '                    \n'
                '                    FORMAT AS PARQUET\n'
                "\t\t\tIAM_ROLE '';\n"
                '        ',
 'RedshiftPid': 1073963285,
 'RedshiftQueryId': -1,
 'ResponseMetadata': {'HTTPHeaders': {'content-length': '679',
                                      'content-type': 'application/x-amz-json-1.1',
                                      'date': 'Sat, 02 Aug 2025 01:33:56 GMT',
                                      'x-amzn-requestid': '1596a7fb-e98e-4f0e-bdb7-824f23d87e1c'},
                      'HTTPStatusCode': 200,
                      'RequestId': '1596a7fb-e98e-4f0e-bdb7-824f23d87e1c',
                      'RetryAttempts': 0},
 'ResultRows': -1,
 'ResultSize': -1,
 'Status': 'FAILED',
 'UpdatedAt': datetime.datetime(2025, 8, 2, 1, 33, 45, 232000, tzinfo=tzlocal())}; 1315)
[2025-08-02T01:33:54.380+0000] {local_task_job_runner.py:234} INFO - Task exited with return code 1
[2025-08-02T01:33:54.432+0000] {taskinstance.py:3280} INFO - 0 downstream tasks scheduled from follow-on schedule check
