[2025-08-01T16:15:18.736+0000] {logging_mixin.py:188} INFO - Changing /opt/***/logs/dag_id=cdr_pipeline/run_id=manual__2025-08-01T16:14:59.265888+00:00/task_id=load_to_redshift permission to 509
[2025-08-01T16:15:18.825+0000] {logging_mixin.py:188} INFO - Changing /opt/***/logs/dag_id=cdr_pipeline/run_id=manual__2025-08-01T16:14:59.265888+00:00/task_id=load_to_redshift permission to 509
[2025-08-01T16:15:18.949+0000] {taskinstance.py:1956} INFO - Dependencies all met for dep_context=non-requeueable deps ti=<TaskInstance: cdr_pipeline.load_to_redshift manual__2025-08-01T16:14:59.265888+00:00 [queued]>
[2025-08-01T16:15:18.984+0000] {taskinstance.py:1956} INFO - Dependencies all met for dep_context=requeueable deps ti=<TaskInstance: cdr_pipeline.load_to_redshift manual__2025-08-01T16:14:59.265888+00:00 [queued]>
[2025-08-01T16:15:18.985+0000] {taskinstance.py:2170} INFO - Starting attempt 1 of 2
[2025-08-01T16:15:19.027+0000] {taskinstance.py:2191} INFO - Executing <Task(S3ToRedshiftOperator): load_to_redshift> on 2025-08-01 16:14:59.265888+00:00
[2025-08-01T16:15:19.046+0000] {standard_task_runner.py:60} INFO - Started process 792 to run task
[2025-08-01T16:15:19.101+0000] {standard_task_runner.py:87} INFO - Running: ['***', 'tasks', 'run', 'cdr_pipeline', 'load_to_redshift', 'manual__2025-08-01T16:14:59.265888+00:00', '--job-id', '154', '--raw', '--subdir', 'DAGS_FOLDER/dag.py', '--cfg-path', '/tmp/tmp_fluv8lb']
[2025-08-01T16:15:19.117+0000] {standard_task_runner.py:88} INFO - Job 154: Subtask load_to_redshift
[2025-08-01T16:15:19.269+0000] {logging_mixin.py:188} INFO - Changing /opt/***/logs/dag_id=cdr_pipeline/run_id=manual__2025-08-01T16:14:59.265888+00:00/task_id=load_to_redshift permission to 509
[2025-08-01T16:15:19.304+0000] {task_command.py:423} INFO - Running <TaskInstance: cdr_pipeline.load_to_redshift manual__2025-08-01T16:14:59.265888+00:00 [running]> on host 23724a8561d0
[2025-08-01T16:15:19.517+0000] {taskinstance.py:2480} INFO - Exporting env vars: AIRFLOW_CTX_DAG_OWNER='***' AIRFLOW_CTX_DAG_ID='cdr_pipeline' AIRFLOW_CTX_TASK_ID='load_to_redshift' AIRFLOW_CTX_EXECUTION_DATE='2025-08-01T16:14:59.265888+00:00' AIRFLOW_CTX_TRY_NUMBER='1' AIRFLOW_CTX_DAG_RUN_ID='manual__2025-08-01T16:14:59.265888+00:00'
[2025-08-01T16:15:19.554+0000] {base.py:83} INFO - Using connection ID 'aws_default' for task execution.
[2025-08-01T16:15:19.578+0000] {base.py:83} INFO - Using connection ID 'aws_default' for task execution.
[2025-08-01T16:15:19.583+0000] {connection_wrapper.py:378} INFO - AWS Connection (conn_id='aws_default', conn_type='aws') credentials retrieved from login and password.
[2025-08-01T16:15:19.608+0000] {s3_to_redshift.py:192} INFO - Executing COPY command...
[2025-08-01T16:15:19.609+0000] {taskinstance.py:2698} ERROR - Task failed with exception
Traceback (most recent call last):
  File "/home/airflow/.local/lib/python3.8/site-packages/airflow/models/taskinstance.py", line 433, in _execute_task
    result = execute_callable(context=context, **execute_callable_kwargs)
  File "/home/airflow/.local/lib/python3.8/site-packages/airflow/providers/amazon/aws/transfers/s3_to_redshift.py", line 194, in execute
    redshift_hook.execute_query(sql=sql, **self.redshift_data_api_kwargs)
TypeError: execute_query() got an unexpected keyword argument 'region'
[2025-08-01T16:15:19.626+0000] {taskinstance.py:1138} INFO - Marking task as UP_FOR_RETRY. dag_id=cdr_pipeline, task_id=load_to_redshift, execution_date=20250801T161459, start_date=20250801T161518, end_date=20250801T161519
[2025-08-01T16:15:19.651+0000] {standard_task_runner.py:107} ERROR - Failed to execute job 154 for task load_to_redshift (execute_query() got an unexpected keyword argument 'region'; 792)
[2025-08-01T16:15:19.680+0000] {local_task_job_runner.py:234} INFO - Task exited with return code 1
[2025-08-01T16:15:19.714+0000] {taskinstance.py:3280} INFO - 0 downstream tasks scheduled from follow-on schedule check
