[2025-08-04T14:47:50.796+0000] {logging_mixin.py:188} INFO - Changing /opt/***/logs/dag_id=cdr_pipeline/run_id=scheduled__2025-08-01T00:00:00+00:00/task_id=get_s3_key permission to 509
[2025-08-04T14:47:51.266+0000] {logging_mixin.py:188} INFO - Changing /opt/***/logs/dag_id=cdr_pipeline/run_id=scheduled__2025-08-01T00:00:00+00:00/task_id=get_s3_key permission to 509
[2025-08-04T14:47:51.510+0000] {taskinstance.py:1956} INFO - Dependencies all met for dep_context=non-requeueable deps ti=<TaskInstance: cdr_pipeline.get_s3_key scheduled__2025-08-01T00:00:00+00:00 [queued]>
[2025-08-04T14:47:51.608+0000] {taskinstance.py:1956} INFO - Dependencies all met for dep_context=requeueable deps ti=<TaskInstance: cdr_pipeline.get_s3_key scheduled__2025-08-01T00:00:00+00:00 [queued]>
[2025-08-04T14:47:51.627+0000] {taskinstance.py:2170} INFO - Starting attempt 1 of 2
[2025-08-04T14:47:52.094+0000] {taskinstance.py:2191} INFO - Executing <Task(PythonOperator): get_s3_key> on 2025-08-01 00:00:00+00:00
[2025-08-04T14:47:52.332+0000] {standard_task_runner.py:60} INFO - Started process 719 to run task
[2025-08-04T14:47:52.400+0000] {standard_task_runner.py:87} INFO - Running: ['***', 'tasks', 'run', 'cdr_pipeline', 'get_s3_key', 'scheduled__2025-08-01T00:00:00+00:00', '--job-id', '39', '--raw', '--subdir', 'DAGS_FOLDER/dag.py', '--cfg-path', '/tmp/tmpd110wc3a']
[2025-08-04T14:47:52.440+0000] {standard_task_runner.py:88} INFO - Job 39: Subtask get_s3_key
[2025-08-04T14:47:53.455+0000] {logging_mixin.py:188} INFO - Changing /opt/***/logs/dag_id=cdr_pipeline/run_id=scheduled__2025-08-01T00:00:00+00:00/task_id=get_s3_key permission to 509
[2025-08-04T14:47:53.501+0000] {task_command.py:423} INFO - Running <TaskInstance: cdr_pipeline.get_s3_key scheduled__2025-08-01T00:00:00+00:00 [running]> on host 9edf237adf6e
[2025-08-04T14:47:54.973+0000] {taskinstance.py:2480} INFO - Exporting env vars: AIRFLOW_CTX_DAG_OWNER='***' AIRFLOW_CTX_DAG_ID='cdr_pipeline' AIRFLOW_CTX_TASK_ID='get_s3_key' AIRFLOW_CTX_EXECUTION_DATE='2025-08-01T00:00:00+00:00' AIRFLOW_CTX_TRY_NUMBER='1' AIRFLOW_CTX_DAG_RUN_ID='scheduled__2025-08-01T00:00:00+00:00'
[2025-08-04T14:47:55.017+0000] {python.py:201} INFO - Done. Returned value was: cdr_2025-08-01.parquet/
[2025-08-04T14:47:55.577+0000] {taskinstance.py:1138} INFO - Marking task as SUCCESS. dag_id=cdr_pipeline, task_id=get_s3_key, execution_date=20250801T000000, start_date=20250804T144751, end_date=20250804T144755
[2025-08-04T14:47:56.121+0000] {local_task_job_runner.py:234} INFO - Task exited with return code 0
[2025-08-04T14:47:56.511+0000] {taskinstance.py:3280} INFO - 1 downstream tasks scheduled from follow-on schedule check
[2025-08-04T16:30:06.196+0000] {logging_mixin.py:188} INFO - Changing /opt/***/logs/dag_id=cdr_pipeline/run_id=scheduled__2025-08-01T00:00:00+00:00/task_id=get_s3_key permission to 509
[2025-08-04T16:30:06.447+0000] {logging_mixin.py:188} INFO - Changing /opt/***/logs/dag_id=cdr_pipeline/run_id=scheduled__2025-08-01T00:00:00+00:00/task_id=get_s3_key permission to 509
[2025-08-04T16:30:06.656+0000] {taskinstance.py:1956} INFO - Dependencies all met for dep_context=non-requeueable deps ti=<TaskInstance: cdr_pipeline.get_s3_key scheduled__2025-08-01T00:00:00+00:00 [queued]>
[2025-08-04T16:30:06.690+0000] {taskinstance.py:1956} INFO - Dependencies all met for dep_context=requeueable deps ti=<TaskInstance: cdr_pipeline.get_s3_key scheduled__2025-08-01T00:00:00+00:00 [queued]>
[2025-08-04T16:30:06.691+0000] {taskinstance.py:2170} INFO - Starting attempt 1 of 2
[2025-08-04T16:30:06.820+0000] {taskinstance.py:2191} INFO - Executing <Task(PythonOperator): get_s3_key> on 2025-08-01 00:00:00+00:00
[2025-08-04T16:30:06.878+0000] {standard_task_runner.py:60} INFO - Started process 2206 to run task
[2025-08-04T16:30:06.900+0000] {standard_task_runner.py:87} INFO - Running: ['***', 'tasks', 'run', 'cdr_pipeline', 'get_s3_key', 'scheduled__2025-08-01T00:00:00+00:00', '--job-id', '88', '--raw', '--subdir', 'DAGS_FOLDER/dag.py', '--cfg-path', '/tmp/tmpozs59vmu']
[2025-08-04T16:30:06.903+0000] {standard_task_runner.py:88} INFO - Job 88: Subtask get_s3_key
[2025-08-04T16:30:07.120+0000] {logging_mixin.py:188} INFO - Changing /opt/***/logs/dag_id=cdr_pipeline/run_id=scheduled__2025-08-01T00:00:00+00:00/task_id=get_s3_key permission to 509
[2025-08-04T16:30:07.149+0000] {task_command.py:423} INFO - Running <TaskInstance: cdr_pipeline.get_s3_key scheduled__2025-08-01T00:00:00+00:00 [running]> on host 9edf237adf6e
[2025-08-04T16:30:07.657+0000] {taskinstance.py:2480} INFO - Exporting env vars: AIRFLOW_CTX_DAG_OWNER='***' AIRFLOW_CTX_DAG_ID='cdr_pipeline' AIRFLOW_CTX_TASK_ID='get_s3_key' AIRFLOW_CTX_EXECUTION_DATE='2025-08-01T00:00:00+00:00' AIRFLOW_CTX_TRY_NUMBER='1' AIRFLOW_CTX_DAG_RUN_ID='scheduled__2025-08-01T00:00:00+00:00'
[2025-08-04T16:30:07.673+0000] {python.py:201} INFO - Done. Returned value was: cdr_2025-08-01.parquet/
[2025-08-04T16:30:07.959+0000] {taskinstance.py:1138} INFO - Marking task as SUCCESS. dag_id=cdr_pipeline, task_id=get_s3_key, execution_date=20250801T000000, start_date=20250804T163006, end_date=20250804T163007
[2025-08-04T16:30:08.094+0000] {local_task_job_runner.py:234} INFO - Task exited with return code 0
[2025-08-04T16:30:08.295+0000] {taskinstance.py:3280} INFO - 1 downstream tasks scheduled from follow-on schedule check
