[2025-08-04T14:47:41.184+0000] {logging_mixin.py:188} INFO - Changing /opt/***/logs/dag_id=cdr_pipeline/run_id=scheduled__2025-07-31T00:00:00+00:00/task_id=get_s3_key permission to 509
[2025-08-04T14:47:41.447+0000] {logging_mixin.py:188} INFO - Changing /opt/***/logs/dag_id=cdr_pipeline/run_id=scheduled__2025-07-31T00:00:00+00:00/task_id=get_s3_key permission to 509
[2025-08-04T14:47:41.860+0000] {taskinstance.py:1956} INFO - Dependencies all met for dep_context=non-requeueable deps ti=<TaskInstance: cdr_pipeline.get_s3_key scheduled__2025-07-31T00:00:00+00:00 [queued]>
[2025-08-04T14:47:42.012+0000] {taskinstance.py:1956} INFO - Dependencies all met for dep_context=requeueable deps ti=<TaskInstance: cdr_pipeline.get_s3_key scheduled__2025-07-31T00:00:00+00:00 [queued]>
[2025-08-04T14:47:42.022+0000] {taskinstance.py:2170} INFO - Starting attempt 1 of 2
[2025-08-04T14:47:42.385+0000] {taskinstance.py:2191} INFO - Executing <Task(PythonOperator): get_s3_key> on 2025-07-31 00:00:00+00:00
[2025-08-04T14:47:42.466+0000] {standard_task_runner.py:60} INFO - Started process 697 to run task
[2025-08-04T14:47:42.574+0000] {standard_task_runner.py:87} INFO - Running: ['***', 'tasks', 'run', 'cdr_pipeline', 'get_s3_key', 'scheduled__2025-07-31T00:00:00+00:00', '--job-id', '36', '--raw', '--subdir', 'DAGS_FOLDER/dag.py', '--cfg-path', '/tmp/tmpyz9uz7p6']
[2025-08-04T14:47:42.638+0000] {standard_task_runner.py:88} INFO - Job 36: Subtask get_s3_key
[2025-08-04T14:47:43.811+0000] {logging_mixin.py:188} INFO - Changing /opt/***/logs/dag_id=cdr_pipeline/run_id=scheduled__2025-07-31T00:00:00+00:00/task_id=get_s3_key permission to 509
[2025-08-04T14:47:43.871+0000] {task_command.py:423} INFO - Running <TaskInstance: cdr_pipeline.get_s3_key scheduled__2025-07-31T00:00:00+00:00 [running]> on host 9edf237adf6e
[2025-08-04T14:47:44.418+0000] {taskinstance.py:2480} INFO - Exporting env vars: AIRFLOW_CTX_DAG_OWNER='***' AIRFLOW_CTX_DAG_ID='cdr_pipeline' AIRFLOW_CTX_TASK_ID='get_s3_key' AIRFLOW_CTX_EXECUTION_DATE='2025-07-31T00:00:00+00:00' AIRFLOW_CTX_TRY_NUMBER='1' AIRFLOW_CTX_DAG_RUN_ID='scheduled__2025-07-31T00:00:00+00:00'
[2025-08-04T14:47:44.426+0000] {python.py:201} INFO - Done. Returned value was: cdr_2025-07-31.parquet/
[2025-08-04T14:47:44.519+0000] {taskinstance.py:1138} INFO - Marking task as SUCCESS. dag_id=cdr_pipeline, task_id=get_s3_key, execution_date=20250731T000000, start_date=20250804T144741, end_date=20250804T144744
[2025-08-04T14:47:44.732+0000] {local_task_job_runner.py:234} INFO - Task exited with return code 0
[2025-08-04T14:47:45.173+0000] {taskinstance.py:3280} INFO - 0 downstream tasks scheduled from follow-on schedule check
[2025-08-04T16:29:59.620+0000] {logging_mixin.py:188} INFO - Changing /opt/***/logs/dag_id=cdr_pipeline/run_id=scheduled__2025-07-31T00:00:00+00:00/task_id=get_s3_key permission to 509
[2025-08-04T16:29:59.810+0000] {logging_mixin.py:188} INFO - Changing /opt/***/logs/dag_id=cdr_pipeline/run_id=scheduled__2025-07-31T00:00:00+00:00/task_id=get_s3_key permission to 509
[2025-08-04T16:29:59.943+0000] {taskinstance.py:1956} INFO - Dependencies all met for dep_context=non-requeueable deps ti=<TaskInstance: cdr_pipeline.get_s3_key scheduled__2025-07-31T00:00:00+00:00 [queued]>
[2025-08-04T16:29:59.991+0000] {taskinstance.py:1956} INFO - Dependencies all met for dep_context=requeueable deps ti=<TaskInstance: cdr_pipeline.get_s3_key scheduled__2025-07-31T00:00:00+00:00 [queued]>
[2025-08-04T16:29:59.998+0000] {taskinstance.py:2170} INFO - Starting attempt 1 of 2
[2025-08-04T16:30:00.119+0000] {taskinstance.py:2191} INFO - Executing <Task(PythonOperator): get_s3_key> on 2025-07-31 00:00:00+00:00
[2025-08-04T16:30:00.153+0000] {standard_task_runner.py:60} INFO - Started process 2197 to run task
[2025-08-04T16:30:00.178+0000] {standard_task_runner.py:87} INFO - Running: ['***', 'tasks', 'run', 'cdr_pipeline', 'get_s3_key', 'scheduled__2025-07-31T00:00:00+00:00', '--job-id', '84', '--raw', '--subdir', 'DAGS_FOLDER/dag.py', '--cfg-path', '/tmp/tmpnry3aqoz']
[2025-08-04T16:30:00.181+0000] {standard_task_runner.py:88} INFO - Job 84: Subtask get_s3_key
[2025-08-04T16:30:00.548+0000] {logging_mixin.py:188} INFO - Changing /opt/***/logs/dag_id=cdr_pipeline/run_id=scheduled__2025-07-31T00:00:00+00:00/task_id=get_s3_key permission to 509
[2025-08-04T16:30:00.571+0000] {task_command.py:423} INFO - Running <TaskInstance: cdr_pipeline.get_s3_key scheduled__2025-07-31T00:00:00+00:00 [running]> on host 9edf237adf6e
[2025-08-04T16:30:00.950+0000] {taskinstance.py:2480} INFO - Exporting env vars: AIRFLOW_CTX_DAG_OWNER='***' AIRFLOW_CTX_DAG_ID='cdr_pipeline' AIRFLOW_CTX_TASK_ID='get_s3_key' AIRFLOW_CTX_EXECUTION_DATE='2025-07-31T00:00:00+00:00' AIRFLOW_CTX_TRY_NUMBER='1' AIRFLOW_CTX_DAG_RUN_ID='scheduled__2025-07-31T00:00:00+00:00'
[2025-08-04T16:30:00.960+0000] {python.py:201} INFO - Done. Returned value was: cdr_2025-07-31.parquet/
[2025-08-04T16:30:01.061+0000] {taskinstance.py:1138} INFO - Marking task as SUCCESS. dag_id=cdr_pipeline, task_id=get_s3_key, execution_date=20250731T000000, start_date=20250804T162959, end_date=20250804T163001
[2025-08-04T16:30:01.280+0000] {local_task_job_runner.py:234} INFO - Task exited with return code 0
[2025-08-04T16:30:01.497+0000] {taskinstance.py:3280} INFO - 1 downstream tasks scheduled from follow-on schedule check
