[2025-08-04T13:16:41.527+0000] {logging_mixin.py:188} INFO - Changing /opt/***/logs/dag_id=cdr_pipeline/run_id=scheduled__2025-08-02T00:00:00+00:00/task_id=load_to_redshift permission to 509
[2025-08-04T13:16:41.696+0000] {logging_mixin.py:188} INFO - Changing /opt/***/logs/dag_id=cdr_pipeline/run_id=scheduled__2025-08-02T00:00:00+00:00/task_id=load_to_redshift permission to 509
[2025-08-04T13:16:41.881+0000] {taskinstance.py:1956} INFO - Dependencies all met for dep_context=non-requeueable deps ti=<TaskInstance: cdr_pipeline.load_to_redshift scheduled__2025-08-02T00:00:00+00:00 [queued]>
[2025-08-04T13:16:41.946+0000] {taskinstance.py:1956} INFO - Dependencies all met for dep_context=requeueable deps ti=<TaskInstance: cdr_pipeline.load_to_redshift scheduled__2025-08-02T00:00:00+00:00 [queued]>
[2025-08-04T13:16:41.968+0000] {taskinstance.py:2170} INFO - Starting attempt 1 of 2
[2025-08-04T13:16:42.174+0000] {taskinstance.py:2191} INFO - Executing <Task(S3ToRedshiftOperator): load_to_redshift> on 2025-08-02 00:00:00+00:00
[2025-08-04T13:16:42.210+0000] {standard_task_runner.py:60} INFO - Started process 104 to run task
[2025-08-04T13:16:42.264+0000] {standard_task_runner.py:87} INFO - Running: ['***', 'tasks', 'run', 'cdr_pipeline', 'load_to_redshift', 'scheduled__2025-08-02T00:00:00+00:00', '--job-id', '194', '--raw', '--subdir', 'DAGS_FOLDER/dag.py', '--cfg-path', '/tmp/tmp0egj96hn']
[2025-08-04T13:16:42.271+0000] {standard_task_runner.py:88} INFO - Job 194: Subtask load_to_redshift
[2025-08-04T13:16:42.657+0000] {logging_mixin.py:188} INFO - Changing /opt/***/logs/dag_id=cdr_pipeline/run_id=scheduled__2025-08-02T00:00:00+00:00/task_id=load_to_redshift permission to 509
[2025-08-04T13:16:42.680+0000] {task_command.py:423} INFO - Running <TaskInstance: cdr_pipeline.load_to_redshift scheduled__2025-08-02T00:00:00+00:00 [running]> on host dbc46d35c6dd
[2025-08-04T13:16:43.163+0000] {taskinstance.py:2480} INFO - Exporting env vars: AIRFLOW_CTX_DAG_OWNER='***' AIRFLOW_CTX_DAG_ID='cdr_pipeline' AIRFLOW_CTX_TASK_ID='load_to_redshift' AIRFLOW_CTX_EXECUTION_DATE='2025-08-02T00:00:00+00:00' AIRFLOW_CTX_TRY_NUMBER='1' AIRFLOW_CTX_DAG_RUN_ID='scheduled__2025-08-02T00:00:00+00:00'
[2025-08-04T13:16:43.212+0000] {base.py:83} INFO - Using connection ID 'aws_default' for task execution.
[2025-08-04T13:16:43.239+0000] {base.py:83} INFO - Using connection ID 'aws_default' for task execution.
[2025-08-04T13:16:43.255+0000] {connection_wrapper.py:378} INFO - AWS Connection (conn_id='aws_default', conn_type='aws') credentials retrieved from login and password.
[2025-08-04T13:16:43.305+0000] {s3_to_redshift.py:192} INFO - Executing COPY command...
[2025-08-04T13:16:43.333+0000] {base.py:83} INFO - Using connection ID 'redshift_default' for task execution.
[2025-08-04T13:16:43.334+0000] {connection_wrapper.py:378} INFO - AWS Connection (conn_id='redshift_default', conn_type='aws') credentials retrieved from login and password.
[2025-08-04T13:16:43.335+0000] {warnings.py:109} WARNING - <string>:9: AirflowProviderDeprecationWarning: Host tf-redshift-cluster.ci896s3qzt6h.eu-west-1.redshift.amazonaws.com:5439/dev_db specified in the connection is not used. Please, set it on extra['endpoint_url'] instead

[2025-08-04T13:16:46.986+0000] {taskinstance.py:2698} ERROR - Task failed with exception
Traceback (most recent call last):
  File "/home/airflow/.local/lib/python3.8/site-packages/airflow/models/taskinstance.py", line 433, in _execute_task
    result = execute_callable(context=context, **execute_callable_kwargs)
  File "/home/airflow/.local/lib/python3.8/site-packages/airflow/providers/amazon/aws/transfers/s3_to_redshift.py", line 194, in execute
    redshift_hook.execute_query(sql=sql, **self.redshift_data_api_kwargs)
  File "/home/airflow/.local/lib/python3.8/site-packages/airflow/providers/amazon/aws/hooks/redshift_data.py", line 99, in execute_query
    resp = self.conn.execute_statement(**trim_none_values(kwargs))
  File "/home/airflow/.local/lib/python3.8/site-packages/botocore/client.py", line 553, in _api_call
    return self._make_api_call(operation_name, kwargs)
  File "/home/airflow/.local/lib/python3.8/site-packages/botocore/client.py", line 1009, in _make_api_call
    raise error_class(parsed_response, operation_name)
botocore.errorfactory.ValidationException: An error occurred (ValidationException) when calling the ExecuteStatement operation: Redshift endpoint is not available.
[2025-08-04T13:16:47.036+0000] {taskinstance.py:1138} INFO - Marking task as UP_FOR_RETRY. dag_id=cdr_pipeline, task_id=load_to_redshift, execution_date=20250802T000000, start_date=20250804T131641, end_date=20250804T131647
[2025-08-04T13:16:47.130+0000] {standard_task_runner.py:107} ERROR - Failed to execute job 194 for task load_to_redshift (An error occurred (ValidationException) when calling the ExecuteStatement operation: Redshift endpoint is not available.; 104)
[2025-08-04T13:16:47.233+0000] {local_task_job_runner.py:234} INFO - Task exited with return code 1
[2025-08-04T13:16:47.319+0000] {taskinstance.py:3280} INFO - 0 downstream tasks scheduled from follow-on schedule check
[2025-08-04T14:48:26.332+0000] {logging_mixin.py:188} INFO - Changing /opt/***/logs/dag_id=cdr_pipeline/run_id=scheduled__2025-08-02T00:00:00+00:00/task_id=load_to_redshift permission to 509
[2025-08-04T14:48:26.577+0000] {logging_mixin.py:188} INFO - Changing /opt/***/logs/dag_id=cdr_pipeline/run_id=scheduled__2025-08-02T00:00:00+00:00/task_id=load_to_redshift permission to 509
[2025-08-04T14:48:26.911+0000] {taskinstance.py:1956} INFO - Dependencies all met for dep_context=non-requeueable deps ti=<TaskInstance: cdr_pipeline.load_to_redshift scheduled__2025-08-02T00:00:00+00:00 [queued]>
[2025-08-04T14:48:27.061+0000] {taskinstance.py:1956} INFO - Dependencies all met for dep_context=requeueable deps ti=<TaskInstance: cdr_pipeline.load_to_redshift scheduled__2025-08-02T00:00:00+00:00 [queued]>
[2025-08-04T14:48:27.069+0000] {taskinstance.py:2170} INFO - Starting attempt 1 of 2
[2025-08-04T14:48:27.241+0000] {taskinstance.py:2191} INFO - Executing <Task(S3ToRedshiftOperator): load_to_redshift> on 2025-08-02 00:00:00+00:00
[2025-08-04T14:48:27.309+0000] {standard_task_runner.py:60} INFO - Started process 742 to run task
[2025-08-04T14:48:27.358+0000] {standard_task_runner.py:87} INFO - Running: ['***', 'tasks', 'run', 'cdr_pipeline', 'load_to_redshift', 'scheduled__2025-08-02T00:00:00+00:00', '--job-id', '53', '--raw', '--subdir', 'DAGS_FOLDER/dag.py', '--cfg-path', '/tmp/tmpwnu7_oct']
[2025-08-04T14:48:27.369+0000] {standard_task_runner.py:88} INFO - Job 53: Subtask load_to_redshift
[2025-08-04T14:48:27.792+0000] {logging_mixin.py:188} INFO - Changing /opt/***/logs/dag_id=cdr_pipeline/run_id=scheduled__2025-08-02T00:00:00+00:00/task_id=load_to_redshift permission to 509
[2025-08-04T14:48:27.834+0000] {task_command.py:423} INFO - Running <TaskInstance: cdr_pipeline.load_to_redshift scheduled__2025-08-02T00:00:00+00:00 [running]> on host 9edf237adf6e
[2025-08-04T14:48:28.651+0000] {taskinstance.py:2480} INFO - Exporting env vars: AIRFLOW_CTX_DAG_OWNER='***' AIRFLOW_CTX_DAG_ID='cdr_pipeline' AIRFLOW_CTX_TASK_ID='load_to_redshift' AIRFLOW_CTX_EXECUTION_DATE='2025-08-02T00:00:00+00:00' AIRFLOW_CTX_TRY_NUMBER='1' AIRFLOW_CTX_DAG_RUN_ID='scheduled__2025-08-02T00:00:00+00:00'
[2025-08-04T14:48:28.823+0000] {base.py:83} INFO - Using connection ID 'aws_default' for task execution.
[2025-08-04T14:48:28.865+0000] {base.py:83} INFO - Using connection ID 'aws_default' for task execution.
[2025-08-04T14:48:28.867+0000] {connection_wrapper.py:378} INFO - AWS Connection (conn_id='aws_default', conn_type='aws') credentials retrieved from login and password.
[2025-08-04T14:48:29.006+0000] {s3_to_redshift.py:192} INFO - Executing COPY command...
[2025-08-04T14:48:29.084+0000] {base.py:83} INFO - Using connection ID 'redshift_default' for task execution.
[2025-08-04T14:48:29.097+0000] {connection_wrapper.py:378} INFO - AWS Connection (conn_id='redshift_default', conn_type='aws') credentials retrieved from login and password.
[2025-08-04T14:48:35.437+0000] {taskinstance.py:2698} ERROR - Task failed with exception
Traceback (most recent call last):
  File "/home/airflow/.local/lib/python3.8/site-packages/airflow/models/taskinstance.py", line 433, in _execute_task
    result = execute_callable(context=context, **execute_callable_kwargs)
  File "/home/airflow/.local/lib/python3.8/site-packages/airflow/providers/amazon/aws/transfers/s3_to_redshift.py", line 194, in execute
    redshift_hook.execute_query(sql=sql, **self.redshift_data_api_kwargs)
  File "/home/airflow/.local/lib/python3.8/site-packages/airflow/providers/amazon/aws/hooks/redshift_data.py", line 99, in execute_query
    resp = self.conn.execute_statement(**trim_none_values(kwargs))
  File "/home/airflow/.local/lib/python3.8/site-packages/botocore/client.py", line 553, in _api_call
    return self._make_api_call(operation_name, kwargs)
  File "/home/airflow/.local/lib/python3.8/site-packages/botocore/client.py", line 1009, in _make_api_call
    raise error_class(parsed_response, operation_name)
botocore.errorfactory.ValidationException: An error occurred (ValidationException) when calling the ExecuteStatement operation: Redshift endpoint is not available.
[2025-08-04T14:48:35.465+0000] {taskinstance.py:1138} INFO - Marking task as UP_FOR_RETRY. dag_id=cdr_pipeline, task_id=load_to_redshift, execution_date=20250802T000000, start_date=20250804T144826, end_date=20250804T144835
[2025-08-04T14:48:35.506+0000] {standard_task_runner.py:107} ERROR - Failed to execute job 53 for task load_to_redshift (An error occurred (ValidationException) when calling the ExecuteStatement operation: Redshift endpoint is not available.; 742)
[2025-08-04T14:48:35.610+0000] {local_task_job_runner.py:234} INFO - Task exited with return code 1
[2025-08-04T14:48:35.658+0000] {taskinstance.py:3280} INFO - 0 downstream tasks scheduled from follow-on schedule check
[2025-08-04T16:30:24.075+0000] {logging_mixin.py:188} INFO - Changing /opt/***/logs/dag_id=cdr_pipeline/run_id=scheduled__2025-08-02T00:00:00+00:00/task_id=load_to_redshift permission to 509
[2025-08-04T16:30:24.273+0000] {logging_mixin.py:188} INFO - Changing /opt/***/logs/dag_id=cdr_pipeline/run_id=scheduled__2025-08-02T00:00:00+00:00/task_id=load_to_redshift permission to 509
[2025-08-04T16:30:24.463+0000] {taskinstance.py:1956} INFO - Dependencies all met for dep_context=non-requeueable deps ti=<TaskInstance: cdr_pipeline.load_to_redshift scheduled__2025-08-02T00:00:00+00:00 [queued]>
[2025-08-04T16:30:24.506+0000] {taskinstance.py:1956} INFO - Dependencies all met for dep_context=requeueable deps ti=<TaskInstance: cdr_pipeline.load_to_redshift scheduled__2025-08-02T00:00:00+00:00 [queued]>
[2025-08-04T16:30:24.507+0000] {taskinstance.py:2170} INFO - Starting attempt 1 of 2
[2025-08-04T16:30:24.641+0000] {taskinstance.py:2191} INFO - Executing <Task(S3ToRedshiftOperator): load_to_redshift> on 2025-08-02 00:00:00+00:00
[2025-08-04T16:30:24.751+0000] {standard_task_runner.py:60} INFO - Started process 2214 to run task
[2025-08-04T16:30:24.784+0000] {standard_task_runner.py:87} INFO - Running: ['***', 'tasks', 'run', 'cdr_pipeline', 'load_to_redshift', 'scheduled__2025-08-02T00:00:00+00:00', '--job-id', '91', '--raw', '--subdir', 'DAGS_FOLDER/dag.py', '--cfg-path', '/tmp/tmpo8b66t5s']
[2025-08-04T16:30:24.801+0000] {standard_task_runner.py:88} INFO - Job 91: Subtask load_to_redshift
[2025-08-04T16:30:25.124+0000] {logging_mixin.py:188} INFO - Changing /opt/***/logs/dag_id=cdr_pipeline/run_id=scheduled__2025-08-02T00:00:00+00:00/task_id=load_to_redshift permission to 509
[2025-08-04T16:30:25.169+0000] {task_command.py:423} INFO - Running <TaskInstance: cdr_pipeline.load_to_redshift scheduled__2025-08-02T00:00:00+00:00 [running]> on host 9edf237adf6e
[2025-08-04T16:30:25.896+0000] {taskinstance.py:2480} INFO - Exporting env vars: AIRFLOW_CTX_DAG_OWNER='***' AIRFLOW_CTX_DAG_ID='cdr_pipeline' AIRFLOW_CTX_TASK_ID='load_to_redshift' AIRFLOW_CTX_EXECUTION_DATE='2025-08-02T00:00:00+00:00' AIRFLOW_CTX_TRY_NUMBER='1' AIRFLOW_CTX_DAG_RUN_ID='scheduled__2025-08-02T00:00:00+00:00'
[2025-08-04T16:30:26.048+0000] {base.py:83} INFO - Using connection ID 'aws_default' for task execution.
[2025-08-04T16:30:26.139+0000] {base.py:83} INFO - Using connection ID 'aws_default' for task execution.
[2025-08-04T16:30:26.151+0000] {connection_wrapper.py:378} INFO - AWS Connection (conn_id='aws_default', conn_type='aws') credentials retrieved from login and password.
[2025-08-04T16:30:26.287+0000] {s3_to_redshift.py:192} INFO - Executing COPY command...
[2025-08-04T16:30:26.425+0000] {base.py:83} INFO - Using connection ID 'redshift_default' for task execution.
[2025-08-04T16:30:26.461+0000] {connection_wrapper.py:378} INFO - AWS Connection (conn_id='redshift_default', conn_type='aws') credentials retrieved from login and password.
[2025-08-04T16:30:36.516+0000] {redshift_data.py:113} INFO - Polling statement 0ff1ab94-d3f3-446b-8161-171173d286a2
[2025-08-04T16:30:36.856+0000] {redshift_data.py:129} INFO - Query STARTED
[2025-08-04T16:29:42.842+0000] {redshift_data.py:113} INFO - Polling statement 0ff1ab94-d3f3-446b-8161-171173d286a2
[2025-08-04T16:29:43.230+0000] {redshift_data.py:121} INFO - Processed 0 rows
[2025-08-04T16:29:43.263+0000] {s3_to_redshift.py:197} INFO - COPY command complete...
[2025-08-04T16:29:43.317+0000] {taskinstance.py:1138} INFO - Marking task as SUCCESS. dag_id=cdr_pipeline, task_id=load_to_redshift, execution_date=20250802T000000, start_date=20250804T163024, end_date=20250804T162943
[2025-08-04T16:29:43.649+0000] {local_task_job_runner.py:234} INFO - Task exited with return code 0
[2025-08-04T16:29:43.696+0000] {taskinstance.py:3280} INFO - 0 downstream tasks scheduled from follow-on schedule check
