[2025-08-04T16:11:07.810+0000] {logging_mixin.py:188} INFO - Changing /opt/***/logs/dag_id=cdr_pipeline/run_id=manual__2025-08-04T16:10:37.056502+00:00/task_id=load_to_redshift permission to 509
[2025-08-04T16:11:08.081+0000] {logging_mixin.py:188} INFO - Changing /opt/***/logs/dag_id=cdr_pipeline/run_id=manual__2025-08-04T16:10:37.056502+00:00/task_id=load_to_redshift permission to 509
[2025-08-04T16:11:08.352+0000] {taskinstance.py:1956} INFO - Dependencies all met for dep_context=non-requeueable deps ti=<TaskInstance: cdr_pipeline.load_to_redshift manual__2025-08-04T16:10:37.056502+00:00 [queued]>
[2025-08-04T16:11:08.416+0000] {taskinstance.py:1956} INFO - Dependencies all met for dep_context=requeueable deps ti=<TaskInstance: cdr_pipeline.load_to_redshift manual__2025-08-04T16:10:37.056502+00:00 [queued]>
[2025-08-04T16:11:08.417+0000] {taskinstance.py:2170} INFO - Starting attempt 1 of 2
[2025-08-04T16:11:08.540+0000] {taskinstance.py:2191} INFO - Executing <Task(S3ToRedshiftOperator): load_to_redshift> on 2025-08-04 16:10:37.056502+00:00
[2025-08-04T16:11:08.583+0000] {standard_task_runner.py:60} INFO - Started process 1920 to run task
[2025-08-04T16:11:08.644+0000] {standard_task_runner.py:87} INFO - Running: ['***', 'tasks', 'run', 'cdr_pipeline', 'load_to_redshift', 'manual__2025-08-04T16:10:37.056502+00:00', '--job-id', '78', '--raw', '--subdir', 'DAGS_FOLDER/dag.py', '--cfg-path', '/tmp/tmp4rcdo0_c']
[2025-08-04T16:11:08.653+0000] {standard_task_runner.py:88} INFO - Job 78: Subtask load_to_redshift
[2025-08-04T16:11:08.945+0000] {logging_mixin.py:188} INFO - Changing /opt/***/logs/dag_id=cdr_pipeline/run_id=manual__2025-08-04T16:10:37.056502+00:00/task_id=load_to_redshift permission to 509
[2025-08-04T16:11:08.974+0000] {task_command.py:423} INFO - Running <TaskInstance: cdr_pipeline.load_to_redshift manual__2025-08-04T16:10:37.056502+00:00 [running]> on host 9edf237adf6e
[2025-08-04T16:11:09.554+0000] {taskinstance.py:2480} INFO - Exporting env vars: AIRFLOW_CTX_DAG_OWNER='***' AIRFLOW_CTX_DAG_ID='cdr_pipeline' AIRFLOW_CTX_TASK_ID='load_to_redshift' AIRFLOW_CTX_EXECUTION_DATE='2025-08-04T16:10:37.056502+00:00' AIRFLOW_CTX_TRY_NUMBER='1' AIRFLOW_CTX_DAG_RUN_ID='manual__2025-08-04T16:10:37.056502+00:00'
[2025-08-04T16:11:09.589+0000] {base.py:83} INFO - Using connection ID 'aws_default' for task execution.
[2025-08-04T16:11:09.636+0000] {base.py:83} INFO - Using connection ID 'aws_default' for task execution.
[2025-08-04T16:11:09.655+0000] {connection_wrapper.py:378} INFO - AWS Connection (conn_id='aws_default', conn_type='aws') credentials retrieved from login and password.
[2025-08-04T16:11:09.757+0000] {s3_to_redshift.py:192} INFO - Executing COPY command...
[2025-08-04T16:11:09.797+0000] {base.py:83} INFO - Using connection ID 'redshift_default' for task execution.
[2025-08-04T16:11:09.881+0000] {connection_wrapper.py:378} INFO - AWS Connection (conn_id='redshift_default', conn_type='aws') credentials retrieved from login and password.
[2025-08-04T16:11:14.534+0000] {redshift_data.py:113} INFO - Polling statement 15d511e3-440b-422f-a41d-7123881437da
[2025-08-04T16:11:14.793+0000] {redshift_data.py:129} INFO - Query STARTED
[2025-08-04T16:11:25.414+0000] {redshift_data.py:113} INFO - Polling statement 15d511e3-440b-422f-a41d-7123881437da
[2025-08-04T16:11:25.667+0000] {redshift_data.py:121} INFO - Processed 0 rows
[2025-08-04T16:11:25.668+0000] {s3_to_redshift.py:197} INFO - COPY command complete...
[2025-08-04T16:11:25.690+0000] {taskinstance.py:1138} INFO - Marking task as SUCCESS. dag_id=cdr_pipeline, task_id=load_to_redshift, execution_date=20250804T161037, start_date=20250804T161108, end_date=20250804T161125
[2025-08-04T16:11:25.785+0000] {local_task_job_runner.py:234} INFO - Task exited with return code 0
[2025-08-04T16:11:25.814+0000] {taskinstance.py:3280} INFO - 0 downstream tasks scheduled from follow-on schedule check
