[2025-08-02T18:19:53.851+0000] {logging_mixin.py:188} INFO - Changing /opt/***/logs/dag_id=cdr_pipeline/run_id=manual__2025-08-02T18:14:17.859827+00:00/task_id=load_to_redshift permission to 509
[2025-08-02T18:19:53.947+0000] {logging_mixin.py:188} INFO - Changing /opt/***/logs/dag_id=cdr_pipeline/run_id=manual__2025-08-02T18:14:17.859827+00:00/task_id=load_to_redshift permission to 509
[2025-08-02T18:19:53.993+0000] {taskinstance.py:1956} INFO - Dependencies all met for dep_context=non-requeueable deps ti=<TaskInstance: cdr_pipeline.load_to_redshift manual__2025-08-02T18:14:17.859827+00:00 [queued]>
[2025-08-02T18:19:54.010+0000] {taskinstance.py:1956} INFO - Dependencies all met for dep_context=requeueable deps ti=<TaskInstance: cdr_pipeline.load_to_redshift manual__2025-08-02T18:14:17.859827+00:00 [queued]>
[2025-08-02T18:19:54.011+0000] {taskinstance.py:2170} INFO - Starting attempt 2 of 2
[2025-08-02T18:19:54.041+0000] {taskinstance.py:2191} INFO - Executing <Task(S3ToRedshiftOperator): load_to_redshift> on 2025-08-02 18:14:17.859827+00:00
[2025-08-02T18:19:54.052+0000] {standard_task_runner.py:60} INFO - Started process 464 to run task
[2025-08-02T18:19:54.058+0000] {standard_task_runner.py:87} INFO - Running: ['***', 'tasks', 'run', 'cdr_pipeline', 'load_to_redshift', 'manual__2025-08-02T18:14:17.859827+00:00', '--job-id', '179', '--raw', '--subdir', 'DAGS_FOLDER/dag.py', '--cfg-path', '/tmp/tmppo2gyfhy']
[2025-08-02T18:19:54.061+0000] {standard_task_runner.py:88} INFO - Job 179: Subtask load_to_redshift
[2025-08-02T18:19:54.143+0000] {logging_mixin.py:188} INFO - Changing /opt/***/logs/dag_id=cdr_pipeline/run_id=manual__2025-08-02T18:14:17.859827+00:00/task_id=load_to_redshift permission to 509
[2025-08-02T18:19:54.157+0000] {task_command.py:423} INFO - Running <TaskInstance: cdr_pipeline.load_to_redshift manual__2025-08-02T18:14:17.859827+00:00 [running]> on host 2f861e5e7e42
[2025-08-02T18:19:54.282+0000] {taskinstance.py:2480} INFO - Exporting env vars: AIRFLOW_CTX_DAG_OWNER='***' AIRFLOW_CTX_DAG_ID='cdr_pipeline' AIRFLOW_CTX_TASK_ID='load_to_redshift' AIRFLOW_CTX_EXECUTION_DATE='2025-08-02T18:14:17.859827+00:00' AIRFLOW_CTX_TRY_NUMBER='2' AIRFLOW_CTX_DAG_RUN_ID='manual__2025-08-02T18:14:17.859827+00:00'
[2025-08-02T18:19:54.298+0000] {base.py:83} INFO - Using connection ID 'aws_default' for task execution.
[2025-08-02T18:19:54.308+0000] {base.py:83} INFO - Using connection ID 'aws_default' for task execution.
[2025-08-02T18:19:54.310+0000] {connection_wrapper.py:378} INFO - AWS Connection (conn_id='aws_default', conn_type='aws') credentials retrieved from login and password.
[2025-08-02T18:19:54.326+0000] {s3_to_redshift.py:192} INFO - Executing COPY command...
[2025-08-02T18:19:54.336+0000] {base.py:83} INFO - Using connection ID 'redshift_default' for task execution.
[2025-08-02T18:19:54.337+0000] {connection_wrapper.py:378} INFO - AWS Connection (conn_id='redshift_default', conn_type='aws') credentials retrieved from login and password.
[2025-08-02T18:19:54.338+0000] {warnings.py:109} WARNING - <string>:9: AirflowProviderDeprecationWarning: Host tf-redshift-cluster.ci896s3qzt6h.eu-west-1.redshift.amazonaws.com:5439/dev_db specified in the connection is not used. Please, set it on extra['endpoint_url'] instead

[2025-08-02T18:19:56.330+0000] {redshift_data.py:113} INFO - Polling statement 359523c7-a10a-4e54-911a-10a15bb7bc85
[2025-08-02T18:19:56.557+0000] {redshift_data.py:129} INFO - Query STARTED
[2025-08-02T18:20:06.568+0000] {redshift_data.py:113} INFO - Polling statement 359523c7-a10a-4e54-911a-10a15bb7bc85
[2025-08-02T18:20:06.759+0000] {taskinstance.py:2698} ERROR - Task failed with exception
Traceback (most recent call last):
  File "/home/airflow/.local/lib/python3.8/site-packages/airflow/models/taskinstance.py", line 433, in _execute_task
    result = execute_callable(context=context, **execute_callable_kwargs)
  File "/home/airflow/.local/lib/python3.8/site-packages/airflow/providers/amazon/aws/transfers/s3_to_redshift.py", line 194, in execute
    redshift_hook.execute_query(sql=sql, **self.redshift_data_api_kwargs)
  File "/home/airflow/.local/lib/python3.8/site-packages/airflow/providers/amazon/aws/hooks/redshift_data.py", line 107, in execute_query
    self.wait_for_results(statement_id, poll_interval=poll_interval)
  File "/home/airflow/.local/lib/python3.8/site-packages/airflow/providers/amazon/aws/hooks/redshift_data.py", line 124, in wait_for_results
    raise ValueError(
ValueError: Statement '359523c7-a10a-4e54-911a-10a15bb7bc85' terminated with status FAILED. Response details: {'ClusterIdentifier': 'tf-redshift-cluster',
 'CreatedAt': datetime.datetime(2025, 8, 2, 18, 19, 57, 22000, tzinfo=tzlocal()),
 'Database': 'dev_db',
 'DbUser': 'masterdb',
 'Duration': -1,
 'Error': 'ERROR: Cannot COPY into nonexistent table cdr_records',
 'HasResultSet': False,
 'Id': '359523c7-a10a-4e54-911a-10a15bb7bc85',
 'QueryString': '\n'
                '                    COPY public.cdr_records \n'
                '                    FROM '
                "'s3://cdr-faker-data-dfad0cb7/cdr_2025-08-02.parquet/'\n"
                '                    credentials\n'
                "                    ''\n"
                '                    \n'
                '                    FORMAT AS PARQUET;\n'
                '        ',
 'RedshiftPid': 1073807507,
 'RedshiftQueryId': -1,
 'ResponseMetadata': {'HTTPHeaders': {'content-length': '675',
                                      'content-type': 'application/x-amz-json-1.1',
                                      'date': 'Sat, 02 Aug 2025 18:20:08 GMT',
                                      'x-amzn-requestid': '007a6c60-7411-46d6-8349-144e73152eb2'},
                      'HTTPStatusCode': 200,
                      'RequestId': '007a6c60-7411-46d6-8349-144e73152eb2',
                      'RetryAttempts': 0},
 'ResultRows': -1,
 'ResultSize': -1,
 'Status': 'FAILED',
 'UpdatedAt': datetime.datetime(2025, 8, 2, 18, 19, 57, 511000, tzinfo=tzlocal())}
[2025-08-02T18:20:06.781+0000] {taskinstance.py:1138} INFO - Marking task as FAILED. dag_id=cdr_pipeline, task_id=load_to_redshift, execution_date=20250802T181417, start_date=20250802T181953, end_date=20250802T182006
[2025-08-02T18:20:06.812+0000] {standard_task_runner.py:107} ERROR - Failed to execute job 179 for task load_to_redshift (Statement '359523c7-a10a-4e54-911a-10a15bb7bc85' terminated with status FAILED. Response details: {'ClusterIdentifier': 'tf-redshift-cluster',
 'CreatedAt': datetime.datetime(2025, 8, 2, 18, 19, 57, 22000, tzinfo=tzlocal()),
 'Database': 'dev_db',
 'DbUser': 'masterdb',
 'Duration': -1,
 'Error': 'ERROR: Cannot COPY into nonexistent table cdr_records',
 'HasResultSet': False,
 'Id': '359523c7-a10a-4e54-911a-10a15bb7bc85',
 'QueryString': '\n'
                '                    COPY public.cdr_records \n'
                '                    FROM '
                "'s3://cdr-faker-data-dfad0cb7/cdr_2025-08-02.parquet/'\n"
                '                    credentials\n'
                "                    ''\n"
                '                    \n'
                '                    FORMAT AS PARQUET;\n'
                '        ',
 'RedshiftPid': 1073807507,
 'RedshiftQueryId': -1,
 'ResponseMetadata': {'HTTPHeaders': {'content-length': '675',
                                      'content-type': 'application/x-amz-json-1.1',
                                      'date': 'Sat, 02 Aug 2025 18:20:08 GMT',
                                      'x-amzn-requestid': '007a6c60-7411-46d6-8349-144e73152eb2'},
                      'HTTPStatusCode': 200,
                      'RequestId': '007a6c60-7411-46d6-8349-144e73152eb2',
                      'RetryAttempts': 0},
 'ResultRows': -1,
 'ResultSize': -1,
 'Status': 'FAILED',
 'UpdatedAt': datetime.datetime(2025, 8, 2, 18, 19, 57, 511000, tzinfo=tzlocal())}; 464)
[2025-08-02T18:20:06.862+0000] {local_task_job_runner.py:234} INFO - Task exited with return code 1
[2025-08-02T18:20:06.901+0000] {taskinstance.py:3280} INFO - 0 downstream tasks scheduled from follow-on schedule check
