[2025-08-04T16:06:24.265+0000] {logging_mixin.py:188} INFO - Changing /opt/***/logs/dag_id=cdr_pipeline/run_id=manual__2025-08-04T16:06:00.351086+00:00/task_id=load_to_redshift permission to 509
[2025-08-04T16:06:24.381+0000] {logging_mixin.py:188} INFO - Changing /opt/***/logs/dag_id=cdr_pipeline/run_id=manual__2025-08-04T16:06:00.351086+00:00/task_id=load_to_redshift permission to 509
[2025-08-04T16:06:24.466+0000] {taskinstance.py:1956} INFO - Dependencies all met for dep_context=non-requeueable deps ti=<TaskInstance: cdr_pipeline.load_to_redshift manual__2025-08-04T16:06:00.351086+00:00 [queued]>
[2025-08-04T16:06:24.481+0000] {taskinstance.py:1956} INFO - Dependencies all met for dep_context=requeueable deps ti=<TaskInstance: cdr_pipeline.load_to_redshift manual__2025-08-04T16:06:00.351086+00:00 [queued]>
[2025-08-04T16:06:24.482+0000] {taskinstance.py:2170} INFO - Starting attempt 1 of 2
[2025-08-04T16:06:24.511+0000] {taskinstance.py:2191} INFO - Executing <Task(S3ToRedshiftOperator): load_to_redshift> on 2025-08-04 16:06:00.351086+00:00
[2025-08-04T16:06:24.524+0000] {standard_task_runner.py:60} INFO - Started process 1848 to run task
[2025-08-04T16:06:24.532+0000] {standard_task_runner.py:87} INFO - Running: ['***', 'tasks', 'run', 'cdr_pipeline', 'load_to_redshift', 'manual__2025-08-04T16:06:00.351086+00:00', '--job-id', '75', '--raw', '--subdir', 'DAGS_FOLDER/dag.py', '--cfg-path', '/tmp/tmp04qdj2rc']
[2025-08-04T16:06:24.534+0000] {standard_task_runner.py:88} INFO - Job 75: Subtask load_to_redshift
[2025-08-04T16:06:24.628+0000] {logging_mixin.py:188} INFO - Changing /opt/***/logs/dag_id=cdr_pipeline/run_id=manual__2025-08-04T16:06:00.351086+00:00/task_id=load_to_redshift permission to 509
[2025-08-04T16:06:24.644+0000] {task_command.py:423} INFO - Running <TaskInstance: cdr_pipeline.load_to_redshift manual__2025-08-04T16:06:00.351086+00:00 [running]> on host 9edf237adf6e
[2025-08-04T16:06:24.847+0000] {taskinstance.py:2480} INFO - Exporting env vars: AIRFLOW_CTX_DAG_OWNER='***' AIRFLOW_CTX_DAG_ID='cdr_pipeline' AIRFLOW_CTX_TASK_ID='load_to_redshift' AIRFLOW_CTX_EXECUTION_DATE='2025-08-04T16:06:00.351086+00:00' AIRFLOW_CTX_TRY_NUMBER='1' AIRFLOW_CTX_DAG_RUN_ID='manual__2025-08-04T16:06:00.351086+00:00'
[2025-08-04T16:06:24.866+0000] {base.py:83} INFO - Using connection ID 'aws_default' for task execution.
[2025-08-04T16:06:24.880+0000] {base.py:83} INFO - Using connection ID 'aws_default' for task execution.
[2025-08-04T16:06:24.882+0000] {connection_wrapper.py:378} INFO - AWS Connection (conn_id='aws_default', conn_type='aws') credentials retrieved from login and password.
[2025-08-04T16:06:24.899+0000] {s3_to_redshift.py:192} INFO - Executing COPY command...
[2025-08-04T16:06:24.913+0000] {base.py:83} INFO - Using connection ID 'redshift_default' for task execution.
[2025-08-04T16:06:24.915+0000] {connection_wrapper.py:378} INFO - AWS Connection (conn_id='redshift_default', conn_type='aws') credentials retrieved from login and password.
[2025-08-04T16:06:29.304+0000] {redshift_data.py:113} INFO - Polling statement 8ac983d3-0f5a-41ec-9031-4c3bf466135d
[2025-08-04T16:06:29.917+0000] {redshift_data.py:129} INFO - Query STARTED
[2025-08-04T16:05:36.475+0000] {redshift_data.py:113} INFO - Polling statement 8ac983d3-0f5a-41ec-9031-4c3bf466135d
[2025-08-04T16:06:41.316+0000] {redshift_data.py:121} INFO - Processed 0 rows
[2025-08-04T16:06:41.316+0000] {s3_to_redshift.py:197} INFO - COPY command complete...
[2025-08-04T16:06:41.338+0000] {taskinstance.py:1138} INFO - Marking task as SUCCESS. dag_id=cdr_pipeline, task_id=load_to_redshift, execution_date=20250804T160600, start_date=20250804T160624, end_date=20250804T160641
[2025-08-04T16:06:41.416+0000] {local_task_job_runner.py:234} INFO - Task exited with return code 0
[2025-08-04T16:06:41.457+0000] {taskinstance.py:3280} INFO - 0 downstream tasks scheduled from follow-on schedule check
