[2025-08-01T20:11:59.693+0000] {logging_mixin.py:188} INFO - Changing /opt/***/logs/dag_id=cdr_pipeline/run_id=manual__2025-08-01T20:11:53.863635+00:00/task_id=load_to_s3 permission to 509
[2025-08-01T20:11:59.779+0000] {logging_mixin.py:188} INFO - Changing /opt/***/logs/dag_id=cdr_pipeline/run_id=manual__2025-08-01T20:11:53.863635+00:00/task_id=load_to_s3 permission to 509
[2025-08-01T20:11:59.836+0000] {taskinstance.py:1956} INFO - Dependencies all met for dep_context=non-requeueable deps ti=<TaskInstance: cdr_pipeline.load_to_s3 manual__2025-08-01T20:11:53.863635+00:00 [queued]>
[2025-08-01T20:11:59.856+0000] {taskinstance.py:1956} INFO - Dependencies all met for dep_context=requeueable deps ti=<TaskInstance: cdr_pipeline.load_to_s3 manual__2025-08-01T20:11:53.863635+00:00 [queued]>
[2025-08-01T20:11:59.858+0000] {taskinstance.py:2170} INFO - Starting attempt 1 of 2
[2025-08-01T20:11:59.883+0000] {taskinstance.py:2191} INFO - Executing <Task(PythonOperator): load_to_s3> on 2025-08-01 20:11:53.863635+00:00
[2025-08-01T20:11:59.900+0000] {standard_task_runner.py:60} INFO - Started process 533 to run task
[2025-08-01T20:11:59.909+0000] {standard_task_runner.py:87} INFO - Running: ['***', 'tasks', 'run', 'cdr_pipeline', 'load_to_s3', 'manual__2025-08-01T20:11:53.863635+00:00', '--job-id', '9', '--raw', '--subdir', 'DAGS_FOLDER/dag.py', '--cfg-path', '/tmp/tmpqzoglsbt']
[2025-08-01T20:11:59.915+0000] {standard_task_runner.py:88} INFO - Job 9: Subtask load_to_s3
[2025-08-01T20:12:00.073+0000] {logging_mixin.py:188} INFO - Changing /opt/***/logs/dag_id=cdr_pipeline/run_id=manual__2025-08-01T20:11:53.863635+00:00/task_id=load_to_s3 permission to 509
[2025-08-01T20:12:00.090+0000] {task_command.py:423} INFO - Running <TaskInstance: cdr_pipeline.load_to_s3 manual__2025-08-01T20:11:53.863635+00:00 [running]> on host 99c5562df5f8
[2025-08-01T20:12:00.230+0000] {taskinstance.py:2480} INFO - Exporting env vars: AIRFLOW_CTX_DAG_OWNER='***' AIRFLOW_CTX_DAG_ID='cdr_pipeline' AIRFLOW_CTX_TASK_ID='load_to_s3' AIRFLOW_CTX_EXECUTION_DATE='2025-08-01T20:11:53.863635+00:00' AIRFLOW_CTX_TRY_NUMBER='1' AIRFLOW_CTX_DAG_RUN_ID='manual__2025-08-01T20:11:53.863635+00:00'
[2025-08-01T20:12:00.252+0000] {base.py:83} INFO - Using connection ID 'aws_default' for task execution.
[2025-08-01T20:12:00.254+0000] {connection_wrapper.py:378} INFO - AWS Connection (conn_id='aws_default', conn_type='aws') credentials retrieved from login and password.
[2025-08-01T20:12:01.455+0000] {dag.py:49} ERROR - Failed to upload to S3: [Errno 2] No such file or directory: '/path/to/generated/cdr_data.parquet'
[2025-08-01T20:12:01.466+0000] {taskinstance.py:2698} ERROR - Task failed with exception
Traceback (most recent call last):
  File "/home/airflow/.local/lib/python3.8/site-packages/airflow/models/taskinstance.py", line 433, in _execute_task
    result = execute_callable(context=context, **execute_callable_kwargs)
  File "/home/airflow/.local/lib/python3.8/site-packages/airflow/operators/python.py", line 199, in execute
    return_value = self.execute_callable()
  File "/home/airflow/.local/lib/python3.8/site-packages/airflow/operators/python.py", line 216, in execute_callable
    return self.python_callable(*self.op_args, **self.op_kwargs)
  File "/opt/airflow/dags/dag.py", line 41, in load_to_s3
    s3_hook.load_file(
  File "/home/airflow/.local/lib/python3.8/site-packages/airflow/providers/amazon/aws/hooks/s3.py", line 137, in wrapper
    return func(*bound_args.args, **bound_args.kwargs)
  File "/home/airflow/.local/lib/python3.8/site-packages/airflow/providers/amazon/aws/hooks/s3.py", line 91, in wrapper
    return func(*bound_args.args, **bound_args.kwargs)
  File "/home/airflow/.local/lib/python3.8/site-packages/airflow/providers/amazon/aws/hooks/s3.py", line 1090, in load_file
    client.upload_file(filename, bucket_name, key, ExtraArgs=extra_args, Config=self.transfer_config)
  File "/home/airflow/.local/lib/python3.8/site-packages/boto3/s3/inject.py", line 145, in upload_file
    return transfer.upload_file(
  File "/home/airflow/.local/lib/python3.8/site-packages/boto3/s3/transfer.py", line 371, in upload_file
    future.result()
  File "/home/airflow/.local/lib/python3.8/site-packages/s3transfer/futures.py", line 103, in result
    return self._coordinator.result()
  File "/home/airflow/.local/lib/python3.8/site-packages/s3transfer/futures.py", line 266, in result
    raise self._exception
  File "/home/airflow/.local/lib/python3.8/site-packages/s3transfer/tasks.py", line 269, in _main
    self._submit(transfer_future=transfer_future, **kwargs)
  File "/home/airflow/.local/lib/python3.8/site-packages/s3transfer/upload.py", line 591, in _submit
    upload_input_manager.provide_transfer_size(transfer_future)
  File "/home/airflow/.local/lib/python3.8/site-packages/s3transfer/upload.py", line 244, in provide_transfer_size
    self._osutil.get_file_size(transfer_future.meta.call_args.fileobj)
  File "/home/airflow/.local/lib/python3.8/site-packages/s3transfer/utils.py", line 251, in get_file_size
    return os.path.getsize(filename)
  File "/usr/local/lib/python3.8/genericpath.py", line 50, in getsize
    return os.stat(filename).st_size
FileNotFoundError: [Errno 2] No such file or directory: '/path/to/generated/cdr_data.parquet'
[2025-08-01T20:12:01.485+0000] {taskinstance.py:1138} INFO - Marking task as UP_FOR_RETRY. dag_id=cdr_pipeline, task_id=load_to_s3, execution_date=20250801T201153, start_date=20250801T201159, end_date=20250801T201201
[2025-08-01T20:12:01.512+0000] {standard_task_runner.py:107} ERROR - Failed to execute job 9 for task load_to_s3 ([Errno 2] No such file or directory: '/path/to/generated/cdr_data.parquet'; 533)
[2025-08-01T20:12:01.560+0000] {local_task_job_runner.py:234} INFO - Task exited with return code 1
[2025-08-01T20:12:01.616+0000] {taskinstance.py:3280} INFO - 0 downstream tasks scheduled from follow-on schedule check
