[2025-08-02T03:58:21.882+0000] {logging_mixin.py:188} INFO - Changing /opt/***/logs/dag_id=cdr_pipeline/run_id=manual__2025-08-02T03:41:43.683798+00:00/task_id=load_to_redshift permission to 509
[2025-08-02T03:58:21.986+0000] {logging_mixin.py:188} INFO - Changing /opt/***/logs/dag_id=cdr_pipeline/run_id=manual__2025-08-02T03:41:43.683798+00:00/task_id=load_to_redshift permission to 509
[2025-08-02T03:58:22.035+0000] {taskinstance.py:1956} INFO - Dependencies all met for dep_context=non-requeueable deps ti=<TaskInstance: cdr_pipeline.load_to_redshift manual__2025-08-02T03:41:43.683798+00:00 [queued]>
[2025-08-02T03:58:22.050+0000] {taskinstance.py:1956} INFO - Dependencies all met for dep_context=requeueable deps ti=<TaskInstance: cdr_pipeline.load_to_redshift manual__2025-08-02T03:41:43.683798+00:00 [queued]>
[2025-08-02T03:58:22.051+0000] {taskinstance.py:2170} INFO - Starting attempt 7 of 8
[2025-08-02T03:58:22.070+0000] {taskinstance.py:2191} INFO - Executing <Task(S3ToRedshiftOperator): load_to_redshift> on 2025-08-02 03:41:43.683798+00:00
[2025-08-02T03:58:22.081+0000] {standard_task_runner.py:60} INFO - Started process 3369 to run task
[2025-08-02T03:58:22.087+0000] {standard_task_runner.py:87} INFO - Running: ['***', 'tasks', 'run', 'cdr_pipeline', 'load_to_redshift', 'manual__2025-08-02T03:41:43.683798+00:00', '--job-id', '140', '--raw', '--subdir', 'DAGS_FOLDER/dag.py', '--cfg-path', '/tmp/tmp2mydlphb']
[2025-08-02T03:58:22.092+0000] {standard_task_runner.py:88} INFO - Job 140: Subtask load_to_redshift
[2025-08-02T03:58:22.194+0000] {logging_mixin.py:188} INFO - Changing /opt/***/logs/dag_id=cdr_pipeline/run_id=manual__2025-08-02T03:41:43.683798+00:00/task_id=load_to_redshift permission to 509
[2025-08-02T03:58:22.210+0000] {task_command.py:423} INFO - Running <TaskInstance: cdr_pipeline.load_to_redshift manual__2025-08-02T03:41:43.683798+00:00 [running]> on host f2527419f673
[2025-08-02T03:58:22.365+0000] {taskinstance.py:2480} INFO - Exporting env vars: AIRFLOW_CTX_DAG_OWNER='***' AIRFLOW_CTX_DAG_ID='cdr_pipeline' AIRFLOW_CTX_TASK_ID='load_to_redshift' AIRFLOW_CTX_EXECUTION_DATE='2025-08-02T03:41:43.683798+00:00' AIRFLOW_CTX_TRY_NUMBER='7' AIRFLOW_CTX_DAG_RUN_ID='manual__2025-08-02T03:41:43.683798+00:00'
[2025-08-02T03:58:22.381+0000] {base.py:83} INFO - Using connection ID 'aws_default' for task execution.
[2025-08-02T03:58:22.397+0000] {base.py:83} INFO - Using connection ID 'aws_default' for task execution.
[2025-08-02T03:58:22.398+0000] {connection_wrapper.py:378} INFO - AWS Connection (conn_id='aws_default', conn_type='aws') credentials retrieved from login and password.
[2025-08-02T03:58:22.416+0000] {s3_to_redshift.py:192} INFO - Executing COPY command...
[2025-08-02T03:58:22.431+0000] {base.py:83} INFO - Using connection ID 'redshift_default' for task execution.
[2025-08-02T03:58:22.434+0000] {connection_wrapper.py:378} INFO - AWS Connection (conn_id='redshift_default', conn_type='aws') credentials retrieved from login and password.
[2025-08-02T03:58:22.435+0000] {warnings.py:109} WARNING - <string>:9: AirflowProviderDeprecationWarning: Host tf-redshift-cluster.ci896s3qzt6h.eu-west-1.redshift.amazonaws.com:5439/dev_db specified in the connection is not used. Please, set it on extra['endpoint_url'] instead

[2025-08-02T03:58:24.664+0000] {redshift_data.py:113} INFO - Polling statement 30648a0b-7949-4d23-b2ef-b48df783eefa
[2025-08-02T03:58:24.852+0000] {redshift_data.py:129} INFO - Query STARTED
[2025-08-02T03:58:34.870+0000] {redshift_data.py:113} INFO - Polling statement 30648a0b-7949-4d23-b2ef-b48df783eefa
[2025-08-02T03:58:35.094+0000] {redshift_data.py:129} INFO - Query STARTED
[2025-08-02T03:58:45.551+0000] {redshift_data.py:113} INFO - Polling statement 30648a0b-7949-4d23-b2ef-b48df783eefa
[2025-08-02T03:58:45.745+0000] {taskinstance.py:2698} ERROR - Task failed with exception
Traceback (most recent call last):
  File "/home/airflow/.local/lib/python3.8/site-packages/airflow/models/taskinstance.py", line 433, in _execute_task
    result = execute_callable(context=context, **execute_callable_kwargs)
  File "/home/airflow/.local/lib/python3.8/site-packages/airflow/providers/amazon/aws/transfers/s3_to_redshift.py", line 194, in execute
    redshift_hook.execute_query(sql=sql, **self.redshift_data_api_kwargs)
  File "/home/airflow/.local/lib/python3.8/site-packages/airflow/providers/amazon/aws/hooks/redshift_data.py", line 107, in execute_query
    self.wait_for_results(statement_id, poll_interval=poll_interval)
  File "/home/airflow/.local/lib/python3.8/site-packages/airflow/providers/amazon/aws/hooks/redshift_data.py", line 124, in wait_for_results
    raise ValueError(
ValueError: Statement '30648a0b-7949-4d23-b2ef-b48df783eefa' terminated with status FAILED. Response details: {'ClusterIdentifier': 'tf-redshift-cluster',
 'CreatedAt': datetime.datetime(2025, 8, 2, 3, 58, 24, 485000, tzinfo=tzlocal()),
 'Database': 'dev_db',
 'DbUser': 'masterdb',
 'Duration': -1,
 'Error': 'ERROR: Spectrum Scan Error\n'
          '  Detail: \n'
          '  -----------------------------------------------\n'
          '  error:  Spectrum Scan Error\n'
          '  code:      15007\n'
          '  context:   File '
          "'https://s3.eu-west-1.amazonaws.com/cdr-faker-data-dfad0cb7/cdr_2025-08-02.parquet/66046c9b895e438284f3fd0425f0fef6.snappy.parquet' "
          'has an incompatible Parquet schema for column '
          "'s3://cdr-faker-data-dfad0cb7/cdr_2025-08-02.parquet/.duration_seconds'. \n"
          '  query:     209684\n'
          '  location:  dory_util.cpp:1776\n'
          '  process:   worker_thread [pid=11340]\n'
          '  -----------------------------------------------\n',
 'HasResultSet': False,
 'Id': '30648a0b-7949-4d23-b2ef-b48df783eefa',
 'QueryString': '\n'
                '                    COPY public.cdr_records \n'
                '                    FROM '
                "'s3://cdr-faker-data-dfad0cb7/cdr_2025-08-02.parquet/'\n"
                '                    credentials\n'
                "                    ''\n"
                '                    \n'
                '                    FORMAT AS PARQUET;\n'
                '        ',
 'RedshiftPid': 1073823896,
 'RedshiftQueryId': 209685,
 'ResponseMetadata': {'HTTPHeaders': {'content-length': '1184',
                                      'content-type': 'application/x-amz-json-1.1',
                                      'date': 'Sat, 02 Aug 2025 03:58:45 GMT',
                                      'x-amzn-requestid': '1b7d4337-0103-43f4-a5f8-08e2bca7a2a5'},
                      'HTTPStatusCode': 200,
                      'RequestId': '1b7d4337-0103-43f4-a5f8-08e2bca7a2a5',
                      'RetryAttempts': 0},
 'ResultRows': -1,
 'ResultSize': -1,
 'Status': 'FAILED',
 'UpdatedAt': datetime.datetime(2025, 8, 2, 3, 58, 43, 874000, tzinfo=tzlocal())}
[2025-08-02T03:58:45.783+0000] {taskinstance.py:1138} INFO - Marking task as UP_FOR_RETRY. dag_id=cdr_pipeline, task_id=load_to_redshift, execution_date=20250802T034143, start_date=20250802T035822, end_date=20250802T035845
[2025-08-02T03:58:45.835+0000] {standard_task_runner.py:107} ERROR - Failed to execute job 140 for task load_to_redshift (Statement '30648a0b-7949-4d23-b2ef-b48df783eefa' terminated with status FAILED. Response details: {'ClusterIdentifier': 'tf-redshift-cluster',
 'CreatedAt': datetime.datetime(2025, 8, 2, 3, 58, 24, 485000, tzinfo=tzlocal()),
 'Database': 'dev_db',
 'DbUser': 'masterdb',
 'Duration': -1,
 'Error': 'ERROR: Spectrum Scan Error\n'
          '  Detail: \n'
          '  -----------------------------------------------\n'
          '  error:  Spectrum Scan Error\n'
          '  code:      15007\n'
          '  context:   File '
          "'https://s3.eu-west-1.amazonaws.com/cdr-faker-data-dfad0cb7/cdr_2025-08-02.parquet/66046c9b895e438284f3fd0425f0fef6.snappy.parquet' "
          'has an incompatible Parquet schema for column '
          "'s3://cdr-faker-data-dfad0cb7/cdr_2025-08-02.parquet/.duration_seconds'. \n"
          '  query:     209684\n'
          '  location:  dory_util.cpp:1776\n'
          '  process:   worker_thread [pid=11340]\n'
          '  -----------------------------------------------\n',
 'HasResultSet': False,
 'Id': '30648a0b-7949-4d23-b2ef-b48df783eefa',
 'QueryString': '\n'
                '                    COPY public.cdr_records \n'
                '                    FROM '
                "'s3://cdr-faker-data-dfad0cb7/cdr_2025-08-02.parquet/'\n"
                '                    credentials\n'
                "                    ''\n"
                '                    \n'
                '                    FORMAT AS PARQUET;\n'
                '        ',
 'RedshiftPid': 1073823896,
 'RedshiftQueryId': 209685,
 'ResponseMetadata': {'HTTPHeaders': {'content-length': '1184',
                                      'content-type': 'application/x-amz-json-1.1',
                                      'date': 'Sat, 02 Aug 2025 03:58:45 GMT',
                                      'x-amzn-requestid': '1b7d4337-0103-43f4-a5f8-08e2bca7a2a5'},
                      'HTTPStatusCode': 200,
                      'RequestId': '1b7d4337-0103-43f4-a5f8-08e2bca7a2a5',
                      'RetryAttempts': 0},
 'ResultRows': -1,
 'ResultSize': -1,
 'Status': 'FAILED',
 'UpdatedAt': datetime.datetime(2025, 8, 2, 3, 58, 43, 874000, tzinfo=tzlocal())}; 3369)
[2025-08-02T03:58:45.956+0000] {local_task_job_runner.py:234} INFO - Task exited with return code 1
[2025-08-02T03:58:46.008+0000] {taskinstance.py:3280} INFO - 0 downstream tasks scheduled from follow-on schedule check
