[2025-08-02T03:47:23.941+0000] {logging_mixin.py:188} INFO - Changing /opt/***/logs/dag_id=cdr_pipeline/run_id=manual__2025-08-02T03:41:43.683798+00:00/task_id=load_to_redshift permission to 509
[2025-08-02T03:47:24.034+0000] {logging_mixin.py:188} INFO - Changing /opt/***/logs/dag_id=cdr_pipeline/run_id=manual__2025-08-02T03:41:43.683798+00:00/task_id=load_to_redshift permission to 509
[2025-08-02T03:47:24.109+0000] {taskinstance.py:1956} INFO - Dependencies all met for dep_context=non-requeueable deps ti=<TaskInstance: cdr_pipeline.load_to_redshift manual__2025-08-02T03:41:43.683798+00:00 [queued]>
[2025-08-02T03:47:24.127+0000] {taskinstance.py:1956} INFO - Dependencies all met for dep_context=requeueable deps ti=<TaskInstance: cdr_pipeline.load_to_redshift manual__2025-08-02T03:41:43.683798+00:00 [queued]>
[2025-08-02T03:47:24.129+0000] {taskinstance.py:2170} INFO - Starting attempt 2 of 2
[2025-08-02T03:47:24.163+0000] {taskinstance.py:2191} INFO - Executing <Task(S3ToRedshiftOperator): load_to_redshift> on 2025-08-02 03:41:43.683798+00:00
[2025-08-02T03:47:24.181+0000] {standard_task_runner.py:60} INFO - Started process 3209 to run task
[2025-08-02T03:47:24.191+0000] {standard_task_runner.py:87} INFO - Running: ['***', 'tasks', 'run', 'cdr_pipeline', 'load_to_redshift', 'manual__2025-08-02T03:41:43.683798+00:00', '--job-id', '135', '--raw', '--subdir', 'DAGS_FOLDER/dag.py', '--cfg-path', '/tmp/tmp71j3rw__']
[2025-08-02T03:47:24.194+0000] {standard_task_runner.py:88} INFO - Job 135: Subtask load_to_redshift
[2025-08-02T03:47:24.297+0000] {logging_mixin.py:188} INFO - Changing /opt/***/logs/dag_id=cdr_pipeline/run_id=manual__2025-08-02T03:41:43.683798+00:00/task_id=load_to_redshift permission to 509
[2025-08-02T03:47:24.315+0000] {task_command.py:423} INFO - Running <TaskInstance: cdr_pipeline.load_to_redshift manual__2025-08-02T03:41:43.683798+00:00 [running]> on host f2527419f673
[2025-08-02T03:47:24.534+0000] {taskinstance.py:2480} INFO - Exporting env vars: AIRFLOW_CTX_DAG_OWNER='***' AIRFLOW_CTX_DAG_ID='cdr_pipeline' AIRFLOW_CTX_TASK_ID='load_to_redshift' AIRFLOW_CTX_EXECUTION_DATE='2025-08-02T03:41:43.683798+00:00' AIRFLOW_CTX_TRY_NUMBER='2' AIRFLOW_CTX_DAG_RUN_ID='manual__2025-08-02T03:41:43.683798+00:00'
[2025-08-02T03:47:24.564+0000] {base.py:83} INFO - Using connection ID 'aws_default' for task execution.
[2025-08-02T03:47:24.602+0000] {base.py:83} INFO - Using connection ID 'aws_default' for task execution.
[2025-08-02T03:47:24.606+0000] {connection_wrapper.py:378} INFO - AWS Connection (conn_id='aws_default', conn_type='aws') credentials retrieved from login and password.
[2025-08-02T03:47:24.666+0000] {s3_to_redshift.py:192} INFO - Executing COPY command...
[2025-08-02T03:47:24.715+0000] {base.py:83} INFO - Using connection ID 'redshift_default' for task execution.
[2025-08-02T03:47:24.717+0000] {connection_wrapper.py:378} INFO - AWS Connection (conn_id='redshift_default', conn_type='aws') credentials retrieved from login and password.
[2025-08-02T03:47:24.718+0000] {warnings.py:109} WARNING - <string>:9: AirflowProviderDeprecationWarning: Host tf-redshift-cluster.ci896s3qzt6h.eu-west-1.redshift.amazonaws.com:5439/dev_db specified in the connection is not used. Please, set it on extra['endpoint_url'] instead

[2025-08-02T03:47:26.666+0000] {redshift_data.py:113} INFO - Polling statement 4c7439ea-f21c-45d4-b425-16b36554da24
[2025-08-02T03:47:26.842+0000] {redshift_data.py:129} INFO - Query STARTED
[2025-08-02T03:47:36.858+0000] {redshift_data.py:113} INFO - Polling statement 4c7439ea-f21c-45d4-b425-16b36554da24
[2025-08-02T03:46:38.106+0000] {taskinstance.py:2698} ERROR - Task failed with exception
Traceback (most recent call last):
  File "/home/airflow/.local/lib/python3.8/site-packages/airflow/models/taskinstance.py", line 433, in _execute_task
    result = execute_callable(context=context, **execute_callable_kwargs)
  File "/home/airflow/.local/lib/python3.8/site-packages/airflow/providers/amazon/aws/transfers/s3_to_redshift.py", line 194, in execute
    redshift_hook.execute_query(sql=sql, **self.redshift_data_api_kwargs)
  File "/home/airflow/.local/lib/python3.8/site-packages/airflow/providers/amazon/aws/hooks/redshift_data.py", line 107, in execute_query
    self.wait_for_results(statement_id, poll_interval=poll_interval)
  File "/home/airflow/.local/lib/python3.8/site-packages/airflow/providers/amazon/aws/hooks/redshift_data.py", line 124, in wait_for_results
    raise ValueError(
ValueError: Statement '4c7439ea-f21c-45d4-b425-16b36554da24' terminated with status FAILED. Response details: {'ClusterIdentifier': 'tf-redshift-cluster',
 'CreatedAt': datetime.datetime(2025, 8, 2, 3, 47, 28, 273000, tzinfo=tzlocal()),
 'Database': 'dev_db',
 'DbUser': 'masterdb',
 'Duration': -1,
 'Error': 'ERROR: Cannot COPY into nonexistent table cdr_records',
 'HasResultSet': False,
 'Id': '4c7439ea-f21c-45d4-b425-16b36554da24',
 'QueryString': '\n'
                '                    COPY public.cdr_records \n'
                '                    FROM '
                "'s3://cdr-faker-data-dfad0cb7/cdr_2025-08-02.parquet/'\n"
                '                    credentials\n'
                "                    ''\n"
                '                    \n'
                '                    FORMAT AS PARQUET;\n'
                '        ',
 'RedshiftPid': 1073840274,
 'RedshiftQueryId': -1,
 'ResponseMetadata': {'HTTPHeaders': {'content-length': '675',
                                      'content-type': 'application/x-amz-json-1.1',
                                      'date': 'Sat, 02 Aug 2025 03:47:39 GMT',
                                      'x-amzn-requestid': 'f34a3b0f-f5f4-4aa5-8015-86bd9b7340ff'},
                      'HTTPStatusCode': 200,
                      'RequestId': 'f34a3b0f-f5f4-4aa5-8015-86bd9b7340ff',
                      'RetryAttempts': 0},
 'ResultRows': -1,
 'ResultSize': -1,
 'Status': 'FAILED',
 'UpdatedAt': datetime.datetime(2025, 8, 2, 3, 47, 28, 685000, tzinfo=tzlocal())}
[2025-08-02T03:46:38.121+0000] {taskinstance.py:1138} INFO - Marking task as FAILED. dag_id=cdr_pipeline, task_id=load_to_redshift, execution_date=20250802T034143, start_date=20250802T034724, end_date=20250802T034638
[2025-08-02T03:46:38.145+0000] {standard_task_runner.py:107} ERROR - Failed to execute job 135 for task load_to_redshift (Statement '4c7439ea-f21c-45d4-b425-16b36554da24' terminated with status FAILED. Response details: {'ClusterIdentifier': 'tf-redshift-cluster',
 'CreatedAt': datetime.datetime(2025, 8, 2, 3, 47, 28, 273000, tzinfo=tzlocal()),
 'Database': 'dev_db',
 'DbUser': 'masterdb',
 'Duration': -1,
 'Error': 'ERROR: Cannot COPY into nonexistent table cdr_records',
 'HasResultSet': False,
 'Id': '4c7439ea-f21c-45d4-b425-16b36554da24',
 'QueryString': '\n'
                '                    COPY public.cdr_records \n'
                '                    FROM '
                "'s3://cdr-faker-data-dfad0cb7/cdr_2025-08-02.parquet/'\n"
                '                    credentials\n'
                "                    ''\n"
                '                    \n'
                '                    FORMAT AS PARQUET;\n'
                '        ',
 'RedshiftPid': 1073840274,
 'RedshiftQueryId': -1,
 'ResponseMetadata': {'HTTPHeaders': {'content-length': '675',
                                      'content-type': 'application/x-amz-json-1.1',
                                      'date': 'Sat, 02 Aug 2025 03:47:39 GMT',
                                      'x-amzn-requestid': 'f34a3b0f-f5f4-4aa5-8015-86bd9b7340ff'},
                      'HTTPStatusCode': 200,
                      'RequestId': 'f34a3b0f-f5f4-4aa5-8015-86bd9b7340ff',
                      'RetryAttempts': 0},
 'ResultRows': -1,
 'ResultSize': -1,
 'Status': 'FAILED',
 'UpdatedAt': datetime.datetime(2025, 8, 2, 3, 47, 28, 685000, tzinfo=tzlocal())}; 3209)
[2025-08-02T03:47:39.914+0000] {local_task_job_runner.py:234} INFO - Task exited with return code 1
[2025-08-02T03:47:39.960+0000] {taskinstance.py:3280} INFO - 0 downstream tasks scheduled from follow-on schedule check
