[2025-08-02T03:54:21.626+0000] {logging_mixin.py:188} INFO - Changing /opt/***/logs/dag_id=cdr_pipeline/run_id=manual__2025-08-02T03:41:43.683798+00:00/task_id=load_to_redshift permission to 509
[2025-08-02T03:54:21.695+0000] {logging_mixin.py:188} INFO - Changing /opt/***/logs/dag_id=cdr_pipeline/run_id=manual__2025-08-02T03:41:43.683798+00:00/task_id=load_to_redshift permission to 509
[2025-08-02T03:54:21.749+0000] {taskinstance.py:1956} INFO - Dependencies all met for dep_context=non-requeueable deps ti=<TaskInstance: cdr_pipeline.load_to_redshift manual__2025-08-02T03:41:43.683798+00:00 [queued]>
[2025-08-02T03:54:21.765+0000] {taskinstance.py:1956} INFO - Dependencies all met for dep_context=requeueable deps ti=<TaskInstance: cdr_pipeline.load_to_redshift manual__2025-08-02T03:41:43.683798+00:00 [queued]>
[2025-08-02T03:54:21.766+0000] {taskinstance.py:2170} INFO - Starting attempt 5 of 5
[2025-08-02T03:54:21.785+0000] {taskinstance.py:2191} INFO - Executing <Task(S3ToRedshiftOperator): load_to_redshift> on 2025-08-02 03:41:43.683798+00:00
[2025-08-02T03:54:21.797+0000] {standard_task_runner.py:60} INFO - Started process 3308 to run task
[2025-08-02T03:54:21.804+0000] {standard_task_runner.py:87} INFO - Running: ['***', 'tasks', 'run', 'cdr_pipeline', 'load_to_redshift', 'manual__2025-08-02T03:41:43.683798+00:00', '--job-id', '138', '--raw', '--subdir', 'DAGS_FOLDER/dag.py', '--cfg-path', '/tmp/tmptksr4h0o']
[2025-08-02T03:54:21.807+0000] {standard_task_runner.py:88} INFO - Job 138: Subtask load_to_redshift
[2025-08-02T03:54:21.906+0000] {logging_mixin.py:188} INFO - Changing /opt/***/logs/dag_id=cdr_pipeline/run_id=manual__2025-08-02T03:41:43.683798+00:00/task_id=load_to_redshift permission to 509
[2025-08-02T03:54:21.924+0000] {task_command.py:423} INFO - Running <TaskInstance: cdr_pipeline.load_to_redshift manual__2025-08-02T03:41:43.683798+00:00 [running]> on host f2527419f673
[2025-08-02T03:54:22.114+0000] {taskinstance.py:2480} INFO - Exporting env vars: AIRFLOW_CTX_DAG_OWNER='***' AIRFLOW_CTX_DAG_ID='cdr_pipeline' AIRFLOW_CTX_TASK_ID='load_to_redshift' AIRFLOW_CTX_EXECUTION_DATE='2025-08-02T03:41:43.683798+00:00' AIRFLOW_CTX_TRY_NUMBER='5' AIRFLOW_CTX_DAG_RUN_ID='manual__2025-08-02T03:41:43.683798+00:00'
[2025-08-02T03:54:22.134+0000] {base.py:83} INFO - Using connection ID 'aws_default' for task execution.
[2025-08-02T03:54:22.150+0000] {base.py:83} INFO - Using connection ID 'aws_default' for task execution.
[2025-08-02T03:54:22.151+0000] {connection_wrapper.py:378} INFO - AWS Connection (conn_id='aws_default', conn_type='aws') credentials retrieved from login and password.
[2025-08-02T03:54:22.181+0000] {s3_to_redshift.py:192} INFO - Executing COPY command...
[2025-08-02T03:54:22.199+0000] {base.py:83} INFO - Using connection ID 'redshift_default' for task execution.
[2025-08-02T03:54:22.201+0000] {connection_wrapper.py:378} INFO - AWS Connection (conn_id='redshift_default', conn_type='aws') credentials retrieved from login and password.
[2025-08-02T03:54:22.202+0000] {warnings.py:109} WARNING - <string>:9: AirflowProviderDeprecationWarning: Host tf-redshift-cluster.ci896s3qzt6h.eu-west-1.redshift.amazonaws.com:5439/dev_db specified in the connection is not used. Please, set it on extra['endpoint_url'] instead

[2025-08-02T03:54:24.259+0000] {redshift_data.py:113} INFO - Polling statement 334ce7c3-fdd2-4f23-a1cf-938b6b72d3fb
[2025-08-02T03:54:24.438+0000] {redshift_data.py:129} INFO - Query STARTED
[2025-08-02T03:54:34.960+0000] {redshift_data.py:113} INFO - Polling statement 334ce7c3-fdd2-4f23-a1cf-938b6b72d3fb
[2025-08-02T03:54:35.238+0000] {taskinstance.py:2698} ERROR - Task failed with exception
Traceback (most recent call last):
  File "/home/airflow/.local/lib/python3.8/site-packages/airflow/models/taskinstance.py", line 433, in _execute_task
    result = execute_callable(context=context, **execute_callable_kwargs)
  File "/home/airflow/.local/lib/python3.8/site-packages/airflow/providers/amazon/aws/transfers/s3_to_redshift.py", line 194, in execute
    redshift_hook.execute_query(sql=sql, **self.redshift_data_api_kwargs)
  File "/home/airflow/.local/lib/python3.8/site-packages/airflow/providers/amazon/aws/hooks/redshift_data.py", line 107, in execute_query
    self.wait_for_results(statement_id, poll_interval=poll_interval)
  File "/home/airflow/.local/lib/python3.8/site-packages/airflow/providers/amazon/aws/hooks/redshift_data.py", line 124, in wait_for_results
    raise ValueError(
ValueError: Statement '334ce7c3-fdd2-4f23-a1cf-938b6b72d3fb' terminated with status FAILED. Response details: {'ClusterIdentifier': 'tf-redshift-cluster',
 'CreatedAt': datetime.datetime(2025, 8, 2, 3, 54, 24, 426000, tzinfo=tzlocal()),
 'Database': 'dev_db',
 'DbUser': 'masterdb',
 'Duration': -1,
 'Error': 'ERROR: Cannot COPY into nonexistent table cdr_records',
 'HasResultSet': False,
 'Id': '334ce7c3-fdd2-4f23-a1cf-938b6b72d3fb',
 'QueryString': '\n'
                '                    COPY public.cdr_records \n'
                '                    FROM '
                "'s3://cdr-faker-data-dfad0cb7/cdr_2025-08-02.parquet/'\n"
                '                    credentials\n'
                "                    ''\n"
                '                    \n'
                '                    FORMAT AS PARQUET;\n'
                '        ',
 'RedshiftPid': 1073922194,
 'RedshiftQueryId': -1,
 'ResponseMetadata': {'HTTPHeaders': {'content-length': '675',
                                      'content-type': 'application/x-amz-json-1.1',
                                      'date': 'Sat, 02 Aug 2025 03:54:35 GMT',
                                      'x-amzn-requestid': '6b9592d4-8b0e-4ce5-a4e1-3f591739b3aa'},
                      'HTTPStatusCode': 200,
                      'RequestId': '6b9592d4-8b0e-4ce5-a4e1-3f591739b3aa',
                      'RetryAttempts': 0},
 'ResultRows': -1,
 'ResultSize': -1,
 'Status': 'FAILED',
 'UpdatedAt': datetime.datetime(2025, 8, 2, 3, 54, 24, 826000, tzinfo=tzlocal())}
[2025-08-02T03:54:35.294+0000] {taskinstance.py:1138} INFO - Marking task as FAILED. dag_id=cdr_pipeline, task_id=load_to_redshift, execution_date=20250802T034143, start_date=20250802T035421, end_date=20250802T035435
[2025-08-02T03:54:35.363+0000] {standard_task_runner.py:107} ERROR - Failed to execute job 138 for task load_to_redshift (Statement '334ce7c3-fdd2-4f23-a1cf-938b6b72d3fb' terminated with status FAILED. Response details: {'ClusterIdentifier': 'tf-redshift-cluster',
 'CreatedAt': datetime.datetime(2025, 8, 2, 3, 54, 24, 426000, tzinfo=tzlocal()),
 'Database': 'dev_db',
 'DbUser': 'masterdb',
 'Duration': -1,
 'Error': 'ERROR: Cannot COPY into nonexistent table cdr_records',
 'HasResultSet': False,
 'Id': '334ce7c3-fdd2-4f23-a1cf-938b6b72d3fb',
 'QueryString': '\n'
                '                    COPY public.cdr_records \n'
                '                    FROM '
                "'s3://cdr-faker-data-dfad0cb7/cdr_2025-08-02.parquet/'\n"
                '                    credentials\n'
                "                    ''\n"
                '                    \n'
                '                    FORMAT AS PARQUET;\n'
                '        ',
 'RedshiftPid': 1073922194,
 'RedshiftQueryId': -1,
 'ResponseMetadata': {'HTTPHeaders': {'content-length': '675',
                                      'content-type': 'application/x-amz-json-1.1',
                                      'date': 'Sat, 02 Aug 2025 03:54:35 GMT',
                                      'x-amzn-requestid': '6b9592d4-8b0e-4ce5-a4e1-3f591739b3aa'},
                      'HTTPStatusCode': 200,
                      'RequestId': '6b9592d4-8b0e-4ce5-a4e1-3f591739b3aa',
                      'RetryAttempts': 0},
 'ResultRows': -1,
 'ResultSize': -1,
 'Status': 'FAILED',
 'UpdatedAt': datetime.datetime(2025, 8, 2, 3, 54, 24, 826000, tzinfo=tzlocal())}; 3308)
[2025-08-02T03:54:35.481+0000] {local_task_job_runner.py:234} INFO - Task exited with return code 1
[2025-08-02T03:54:35.535+0000] {taskinstance.py:3280} INFO - 0 downstream tasks scheduled from follow-on schedule check
