[2025-08-02T03:42:05.542+0000] {logging_mixin.py:188} INFO - Changing /opt/***/logs/dag_id=cdr_pipeline/run_id=manual__2025-08-02T03:41:43.683798+00:00/task_id=load_to_redshift permission to 509
[2025-08-02T03:42:05.627+0000] {logging_mixin.py:188} INFO - Changing /opt/***/logs/dag_id=cdr_pipeline/run_id=manual__2025-08-02T03:41:43.683798+00:00/task_id=load_to_redshift permission to 509
[2025-08-02T03:42:05.681+0000] {taskinstance.py:1956} INFO - Dependencies all met for dep_context=non-requeueable deps ti=<TaskInstance: cdr_pipeline.load_to_redshift manual__2025-08-02T03:41:43.683798+00:00 [queued]>
[2025-08-02T03:42:05.701+0000] {taskinstance.py:1956} INFO - Dependencies all met for dep_context=requeueable deps ti=<TaskInstance: cdr_pipeline.load_to_redshift manual__2025-08-02T03:41:43.683798+00:00 [queued]>
[2025-08-02T03:42:05.702+0000] {taskinstance.py:2170} INFO - Starting attempt 1 of 2
[2025-08-02T03:42:05.762+0000] {taskinstance.py:2191} INFO - Executing <Task(S3ToRedshiftOperator): load_to_redshift> on 2025-08-02 03:41:43.683798+00:00
[2025-08-02T03:42:05.801+0000] {standard_task_runner.py:60} INFO - Started process 3127 to run task
[2025-08-02T03:42:05.809+0000] {standard_task_runner.py:87} INFO - Running: ['***', 'tasks', 'run', 'cdr_pipeline', 'load_to_redshift', 'manual__2025-08-02T03:41:43.683798+00:00', '--job-id', '132', '--raw', '--subdir', 'DAGS_FOLDER/dag.py', '--cfg-path', '/tmp/tmpp6x3v640']
[2025-08-02T03:42:05.814+0000] {standard_task_runner.py:88} INFO - Job 132: Subtask load_to_redshift
[2025-08-02T03:42:05.977+0000] {logging_mixin.py:188} INFO - Changing /opt/***/logs/dag_id=cdr_pipeline/run_id=manual__2025-08-02T03:41:43.683798+00:00/task_id=load_to_redshift permission to 509
[2025-08-02T03:42:05.999+0000] {task_command.py:423} INFO - Running <TaskInstance: cdr_pipeline.load_to_redshift manual__2025-08-02T03:41:43.683798+00:00 [running]> on host f2527419f673
[2025-08-02T03:42:06.193+0000] {taskinstance.py:2480} INFO - Exporting env vars: AIRFLOW_CTX_DAG_OWNER='***' AIRFLOW_CTX_DAG_ID='cdr_pipeline' AIRFLOW_CTX_TASK_ID='load_to_redshift' AIRFLOW_CTX_EXECUTION_DATE='2025-08-02T03:41:43.683798+00:00' AIRFLOW_CTX_TRY_NUMBER='1' AIRFLOW_CTX_DAG_RUN_ID='manual__2025-08-02T03:41:43.683798+00:00'
[2025-08-02T03:42:06.213+0000] {base.py:83} INFO - Using connection ID 'aws_default' for task execution.
[2025-08-02T03:42:06.229+0000] {base.py:83} INFO - Using connection ID 'aws_default' for task execution.
[2025-08-02T03:42:06.233+0000] {connection_wrapper.py:378} INFO - AWS Connection (conn_id='aws_default', conn_type='aws') credentials retrieved from login and password.
[2025-08-02T03:42:06.261+0000] {s3_to_redshift.py:192} INFO - Executing COPY command...
[2025-08-02T03:42:06.274+0000] {base.py:83} INFO - Using connection ID 'redshift_default' for task execution.
[2025-08-02T03:42:06.278+0000] {connection_wrapper.py:378} INFO - AWS Connection (conn_id='redshift_default', conn_type='aws') credentials retrieved from login and password.
[2025-08-02T03:42:06.279+0000] {warnings.py:109} WARNING - <string>:9: AirflowProviderDeprecationWarning: Host tf-redshift-cluster.ci896s3qzt6h.eu-west-1.redshift.amazonaws.com:5439/dev_db specified in the connection is not used. Please, set it on extra['endpoint_url'] instead

[2025-08-02T03:42:08.874+0000] {redshift_data.py:113} INFO - Polling statement 6ce3b338-e00e-4f65-8711-6019008acd57
[2025-08-02T03:42:09.229+0000] {redshift_data.py:129} INFO - Query STARTED
[2025-08-02T03:42:19.244+0000] {redshift_data.py:113} INFO - Polling statement 6ce3b338-e00e-4f65-8711-6019008acd57
[2025-08-02T03:42:19.572+0000] {taskinstance.py:2698} ERROR - Task failed with exception
Traceback (most recent call last):
  File "/home/airflow/.local/lib/python3.8/site-packages/airflow/models/taskinstance.py", line 433, in _execute_task
    result = execute_callable(context=context, **execute_callable_kwargs)
  File "/home/airflow/.local/lib/python3.8/site-packages/airflow/providers/amazon/aws/transfers/s3_to_redshift.py", line 194, in execute
    redshift_hook.execute_query(sql=sql, **self.redshift_data_api_kwargs)
  File "/home/airflow/.local/lib/python3.8/site-packages/airflow/providers/amazon/aws/hooks/redshift_data.py", line 107, in execute_query
    self.wait_for_results(statement_id, poll_interval=poll_interval)
  File "/home/airflow/.local/lib/python3.8/site-packages/airflow/providers/amazon/aws/hooks/redshift_data.py", line 124, in wait_for_results
    raise ValueError(
ValueError: Statement '6ce3b338-e00e-4f65-8711-6019008acd57' terminated with status FAILED. Response details: {'ClusterIdentifier': 'tf-redshift-cluster',
 'CreatedAt': datetime.datetime(2025, 8, 2, 3, 42, 8, 674000, tzinfo=tzlocal()),
 'Database': 'dev_db',
 'DbUser': 'masterdb',
 'Duration': -1,
 'Error': 'ERROR: Spectrum Scan Error\n'
          '  Detail: \n'
          '  -----------------------------------------------\n'
          '  error:  Spectrum Scan Error\n'
          '  code:      15007\n'
          '  context:   File '
          "'https://s3.eu-west-1.amazonaws.com/cdr-faker-data-dfad0cb7/cdr_2025-08-02.parquet/66046c9b895e438284f3fd0425f0fef6.snappy.parquet' "
          'has an incompatible Parquet schema for column '
          "'s3://cdr-faker-data-dfad0cb7/cdr_2025-08-02.parquet/.duration'. "
          'Column t\n'
          '  query:     209320\n'
          '  location:  dory_util.cpp:1776\n'
          '  process:   worker_thread [pid=5216]\n'
          '  -----------------------------------------------\n',
 'HasResultSet': False,
 'Id': '6ce3b338-e00e-4f65-8711-6019008acd57',
 'QueryString': '\n'
                '                    COPY public.cdr_records \n'
                '                    FROM '
                "'s3://cdr-faker-data-dfad0cb7/cdr_2025-08-02.parquet/'\n"
                '                    credentials\n'
                "                    ''\n"
                '                    \n'
                '                    FORMAT AS PARQUET;\n'
                '        ',
 'RedshiftPid': 1073995909,
 'RedshiftQueryId': 209320,
 'ResponseMetadata': {'HTTPHeaders': {'content-length': '1183',
                                      'content-type': 'application/x-amz-json-1.1',
                                      'date': 'Sat, 02 Aug 2025 03:42:19 GMT',
                                      'x-amzn-requestid': '121b17fe-a520-4a60-83b3-b9b078c5ff33'},
                      'HTTPStatusCode': 200,
                      'RequestId': '121b17fe-a520-4a60-83b3-b9b078c5ff33',
                      'RetryAttempts': 0},
 'ResultRows': -1,
 'ResultSize': -1,
 'Status': 'FAILED',
 'UpdatedAt': datetime.datetime(2025, 8, 2, 3, 42, 9, 555000, tzinfo=tzlocal())}
[2025-08-02T03:42:19.600+0000] {taskinstance.py:1138} INFO - Marking task as UP_FOR_RETRY. dag_id=cdr_pipeline, task_id=load_to_redshift, execution_date=20250802T034143, start_date=20250802T034205, end_date=20250802T034219
[2025-08-02T03:42:19.639+0000] {standard_task_runner.py:107} ERROR - Failed to execute job 132 for task load_to_redshift (Statement '6ce3b338-e00e-4f65-8711-6019008acd57' terminated with status FAILED. Response details: {'ClusterIdentifier': 'tf-redshift-cluster',
 'CreatedAt': datetime.datetime(2025, 8, 2, 3, 42, 8, 674000, tzinfo=tzlocal()),
 'Database': 'dev_db',
 'DbUser': 'masterdb',
 'Duration': -1,
 'Error': 'ERROR: Spectrum Scan Error\n'
          '  Detail: \n'
          '  -----------------------------------------------\n'
          '  error:  Spectrum Scan Error\n'
          '  code:      15007\n'
          '  context:   File '
          "'https://s3.eu-west-1.amazonaws.com/cdr-faker-data-dfad0cb7/cdr_2025-08-02.parquet/66046c9b895e438284f3fd0425f0fef6.snappy.parquet' "
          'has an incompatible Parquet schema for column '
          "'s3://cdr-faker-data-dfad0cb7/cdr_2025-08-02.parquet/.duration'. "
          'Column t\n'
          '  query:     209320\n'
          '  location:  dory_util.cpp:1776\n'
          '  process:   worker_thread [pid=5216]\n'
          '  -----------------------------------------------\n',
 'HasResultSet': False,
 'Id': '6ce3b338-e00e-4f65-8711-6019008acd57',
 'QueryString': '\n'
                '                    COPY public.cdr_records \n'
                '                    FROM '
                "'s3://cdr-faker-data-dfad0cb7/cdr_2025-08-02.parquet/'\n"
                '                    credentials\n'
                "                    ''\n"
                '                    \n'
                '                    FORMAT AS PARQUET;\n'
                '        ',
 'RedshiftPid': 1073995909,
 'RedshiftQueryId': 209320,
 'ResponseMetadata': {'HTTPHeaders': {'content-length': '1183',
                                      'content-type': 'application/x-amz-json-1.1',
                                      'date': 'Sat, 02 Aug 2025 03:42:19 GMT',
                                      'x-amzn-requestid': '121b17fe-a520-4a60-83b3-b9b078c5ff33'},
                      'HTTPStatusCode': 200,
                      'RequestId': '121b17fe-a520-4a60-83b3-b9b078c5ff33',
                      'RetryAttempts': 0},
 'ResultRows': -1,
 'ResultSize': -1,
 'Status': 'FAILED',
 'UpdatedAt': datetime.datetime(2025, 8, 2, 3, 42, 9, 555000, tzinfo=tzlocal())}; 3127)
[2025-08-02T03:42:19.705+0000] {local_task_job_runner.py:234} INFO - Task exited with return code 1
[2025-08-02T03:42:19.744+0000] {taskinstance.py:3280} INFO - 0 downstream tasks scheduled from follow-on schedule check
