[2025-08-04T14:47:03.026+0000] {logging_mixin.py:188} INFO - Changing /opt/***/logs/dag_id=cdr_pipeline/run_id=scheduled__2025-08-01T00:00:00+00:00/task_id=load_to_s3 permission to 509
[2025-08-04T14:47:03.269+0000] {logging_mixin.py:188} INFO - Changing /opt/***/logs/dag_id=cdr_pipeline/run_id=scheduled__2025-08-01T00:00:00+00:00/task_id=load_to_s3 permission to 509
[2025-08-04T14:47:03.704+0000] {taskinstance.py:1956} INFO - Dependencies all met for dep_context=non-requeueable deps ti=<TaskInstance: cdr_pipeline.load_to_s3 scheduled__2025-08-01T00:00:00+00:00 [queued]>
[2025-08-04T14:47:03.810+0000] {taskinstance.py:1956} INFO - Dependencies all met for dep_context=requeueable deps ti=<TaskInstance: cdr_pipeline.load_to_s3 scheduled__2025-08-01T00:00:00+00:00 [queued]>
[2025-08-04T14:47:03.811+0000] {taskinstance.py:2170} INFO - Starting attempt 1 of 2
[2025-08-04T14:47:03.907+0000] {taskinstance.py:2191} INFO - Executing <Task(PythonOperator): load_to_s3> on 2025-08-01 00:00:00+00:00
[2025-08-04T14:47:04.003+0000] {standard_task_runner.py:60} INFO - Started process 651 to run task
[2025-08-04T14:47:04.040+0000] {standard_task_runner.py:87} INFO - Running: ['***', 'tasks', 'run', 'cdr_pipeline', 'load_to_s3', 'scheduled__2025-08-01T00:00:00+00:00', '--job-id', '25', '--raw', '--subdir', 'DAGS_FOLDER/dag.py', '--cfg-path', '/tmp/tmpea92yv5s']
[2025-08-04T14:47:04.046+0000] {standard_task_runner.py:88} INFO - Job 25: Subtask load_to_s3
[2025-08-04T14:47:04.928+0000] {logging_mixin.py:188} INFO - Changing /opt/***/logs/dag_id=cdr_pipeline/run_id=scheduled__2025-08-01T00:00:00+00:00/task_id=load_to_s3 permission to 509
[2025-08-04T14:47:04.996+0000] {task_command.py:423} INFO - Running <TaskInstance: cdr_pipeline.load_to_s3 scheduled__2025-08-01T00:00:00+00:00 [running]> on host 9edf237adf6e
[2025-08-04T14:47:06.655+0000] {taskinstance.py:2480} INFO - Exporting env vars: AIRFLOW_CTX_DAG_OWNER='***' AIRFLOW_CTX_DAG_ID='cdr_pipeline' AIRFLOW_CTX_TASK_ID='load_to_s3' AIRFLOW_CTX_EXECUTION_DATE='2025-08-01T00:00:00+00:00' AIRFLOW_CTX_TRY_NUMBER='1' AIRFLOW_CTX_DAG_RUN_ID='scheduled__2025-08-01T00:00:00+00:00'
[2025-08-04T14:47:23.377+0000] {cdr.py:155} INFO - Uploaded 100 records to s3://cdr-faker-data-dfad0cb7/cdr_2025-08-04.parquet/
[2025-08-04T14:47:23.379+0000] {python.py:201} INFO - Done. Returned value was: None
[2025-08-04T14:47:23.432+0000] {taskinstance.py:1138} INFO - Marking task as SUCCESS. dag_id=cdr_pipeline, task_id=load_to_s3, execution_date=20250801T000000, start_date=20250804T144703, end_date=20250804T144723
[2025-08-04T14:47:23.725+0000] {local_task_job_runner.py:234} INFO - Task exited with return code 0
[2025-08-04T14:47:23.888+0000] {taskinstance.py:3280} INFO - 1 downstream tasks scheduled from follow-on schedule check
[2025-08-04T16:29:46.935+0000] {logging_mixin.py:188} INFO - Changing /opt/***/logs/dag_id=cdr_pipeline/run_id=scheduled__2025-08-01T00:00:00+00:00/task_id=load_to_s3 permission to 509
[2025-08-04T16:29:47.104+0000] {logging_mixin.py:188} INFO - Changing /opt/***/logs/dag_id=cdr_pipeline/run_id=scheduled__2025-08-01T00:00:00+00:00/task_id=load_to_s3 permission to 509
[2025-08-04T16:29:47.283+0000] {taskinstance.py:1956} INFO - Dependencies all met for dep_context=non-requeueable deps ti=<TaskInstance: cdr_pipeline.load_to_s3 scheduled__2025-08-01T00:00:00+00:00 [queued]>
[2025-08-04T16:29:47.356+0000] {taskinstance.py:1956} INFO - Dependencies all met for dep_context=requeueable deps ti=<TaskInstance: cdr_pipeline.load_to_s3 scheduled__2025-08-01T00:00:00+00:00 [queued]>
[2025-08-04T16:29:47.398+0000] {taskinstance.py:2170} INFO - Starting attempt 1 of 2
[2025-08-04T16:29:47.641+0000] {taskinstance.py:2191} INFO - Executing <Task(PythonOperator): load_to_s3> on 2025-08-01 00:00:00+00:00
[2025-08-04T16:29:47.729+0000] {standard_task_runner.py:60} INFO - Started process 2177 to run task
[2025-08-04T16:29:47.872+0000] {standard_task_runner.py:87} INFO - Running: ['***', 'tasks', 'run', 'cdr_pipeline', 'load_to_s3', 'scheduled__2025-08-01T00:00:00+00:00', '--job-id', '82', '--raw', '--subdir', 'DAGS_FOLDER/dag.py', '--cfg-path', '/tmp/tmpjp1n9xyl']
[2025-08-04T16:29:47.914+0000] {standard_task_runner.py:88} INFO - Job 82: Subtask load_to_s3
[2025-08-04T16:29:48.756+0000] {logging_mixin.py:188} INFO - Changing /opt/***/logs/dag_id=cdr_pipeline/run_id=scheduled__2025-08-01T00:00:00+00:00/task_id=load_to_s3 permission to 509
[2025-08-04T16:29:48.809+0000] {task_command.py:423} INFO - Running <TaskInstance: cdr_pipeline.load_to_s3 scheduled__2025-08-01T00:00:00+00:00 [running]> on host 9edf237adf6e
[2025-08-04T16:29:49.476+0000] {taskinstance.py:2480} INFO - Exporting env vars: AIRFLOW_CTX_DAG_OWNER='***' AIRFLOW_CTX_DAG_ID='cdr_pipeline' AIRFLOW_CTX_TASK_ID='load_to_s3' AIRFLOW_CTX_EXECUTION_DATE='2025-08-01T00:00:00+00:00' AIRFLOW_CTX_TRY_NUMBER='1' AIRFLOW_CTX_DAG_RUN_ID='scheduled__2025-08-01T00:00:00+00:00'
[2025-08-04T16:29:49.481+0000] {cdr.py:44} INFO - Loading 420 records to s3://cdr-faker-data-dfad0cb7
[2025-08-04T16:29:53.880+0000] {cdr.py:150} INFO - Uploaded 420 records to s3://cdr-faker-data-dfad0cb7/cdr_2025-08-04.parquet/
[2025-08-04T16:29:53.886+0000] {python.py:201} INFO - Done. Returned value was: None
[2025-08-04T16:29:53.909+0000] {taskinstance.py:1138} INFO - Marking task as SUCCESS. dag_id=cdr_pipeline, task_id=load_to_s3, execution_date=20250801T000000, start_date=20250804T162947, end_date=20250804T162953
[2025-08-04T16:29:54.111+0000] {local_task_job_runner.py:234} INFO - Task exited with return code 0
[2025-08-04T16:29:54.511+0000] {taskinstance.py:3280} INFO - 0 downstream tasks scheduled from follow-on schedule check
