[2025-08-04T13:16:24.838+0000] {logging_mixin.py:188} INFO - Changing /opt/***/logs/dag_id=cdr_pipeline/run_id=scheduled__2025-08-02T00:00:00+00:00/task_id=get_s3_key permission to 509
[2025-08-04T13:16:25.088+0000] {logging_mixin.py:188} INFO - Changing /opt/***/logs/dag_id=cdr_pipeline/run_id=scheduled__2025-08-02T00:00:00+00:00/task_id=get_s3_key permission to 509
[2025-08-04T13:16:25.259+0000] {taskinstance.py:1956} INFO - Dependencies all met for dep_context=non-requeueable deps ti=<TaskInstance: cdr_pipeline.get_s3_key scheduled__2025-08-02T00:00:00+00:00 [queued]>
[2025-08-04T13:16:25.366+0000] {taskinstance.py:1956} INFO - Dependencies all met for dep_context=requeueable deps ti=<TaskInstance: cdr_pipeline.get_s3_key scheduled__2025-08-02T00:00:00+00:00 [queued]>
[2025-08-04T13:16:25.369+0000] {taskinstance.py:2170} INFO - Starting attempt 1 of 2
[2025-08-04T13:16:25.545+0000] {taskinstance.py:2191} INFO - Executing <Task(PythonOperator): get_s3_key> on 2025-08-02 00:00:00+00:00
[2025-08-04T13:16:25.614+0000] {standard_task_runner.py:60} INFO - Started process 90 to run task
[2025-08-04T13:16:25.673+0000] {standard_task_runner.py:87} INFO - Running: ['***', 'tasks', 'run', 'cdr_pipeline', 'get_s3_key', 'scheduled__2025-08-02T00:00:00+00:00', '--job-id', '191', '--raw', '--subdir', 'DAGS_FOLDER/dag.py', '--cfg-path', '/tmp/tmp4_9fgpty']
[2025-08-04T13:16:25.681+0000] {standard_task_runner.py:88} INFO - Job 191: Subtask get_s3_key
[2025-08-04T13:16:26.271+0000] {logging_mixin.py:188} INFO - Changing /opt/***/logs/dag_id=cdr_pipeline/run_id=scheduled__2025-08-02T00:00:00+00:00/task_id=get_s3_key permission to 509
[2025-08-04T13:16:26.347+0000] {task_command.py:423} INFO - Running <TaskInstance: cdr_pipeline.get_s3_key scheduled__2025-08-02T00:00:00+00:00 [running]> on host dbc46d35c6dd
[2025-08-04T13:16:27.583+0000] {taskinstance.py:2480} INFO - Exporting env vars: AIRFLOW_CTX_DAG_OWNER='***' AIRFLOW_CTX_DAG_ID='cdr_pipeline' AIRFLOW_CTX_TASK_ID='get_s3_key' AIRFLOW_CTX_EXECUTION_DATE='2025-08-02T00:00:00+00:00' AIRFLOW_CTX_TRY_NUMBER='1' AIRFLOW_CTX_DAG_RUN_ID='scheduled__2025-08-02T00:00:00+00:00'
[2025-08-04T13:16:27.596+0000] {python.py:201} INFO - Done. Returned value was: cdr_2025-08-02.parquet/
[2025-08-04T13:16:27.999+0000] {taskinstance.py:1138} INFO - Marking task as SUCCESS. dag_id=cdr_pipeline, task_id=get_s3_key, execution_date=20250802T000000, start_date=20250804T131625, end_date=20250804T131627
[2025-08-04T13:16:28.290+0000] {local_task_job_runner.py:234} INFO - Task exited with return code 0
[2025-08-04T13:16:28.459+0000] {taskinstance.py:3280} INFO - 1 downstream tasks scheduled from follow-on schedule check
[2025-08-04T14:47:58.528+0000] {logging_mixin.py:188} INFO - Changing /opt/***/logs/dag_id=cdr_pipeline/run_id=scheduled__2025-08-02T00:00:00+00:00/task_id=get_s3_key permission to 509
[2025-08-04T14:47:58.822+0000] {logging_mixin.py:188} INFO - Changing /opt/***/logs/dag_id=cdr_pipeline/run_id=scheduled__2025-08-02T00:00:00+00:00/task_id=get_s3_key permission to 509
[2025-08-04T14:47:59.176+0000] {taskinstance.py:1956} INFO - Dependencies all met for dep_context=non-requeueable deps ti=<TaskInstance: cdr_pipeline.get_s3_key scheduled__2025-08-02T00:00:00+00:00 [queued]>
[2025-08-04T14:47:59.313+0000] {taskinstance.py:1956} INFO - Dependencies all met for dep_context=requeueable deps ti=<TaskInstance: cdr_pipeline.get_s3_key scheduled__2025-08-02T00:00:00+00:00 [queued]>
[2025-08-04T14:47:59.327+0000] {taskinstance.py:2170} INFO - Starting attempt 1 of 2
[2025-08-04T14:47:59.593+0000] {taskinstance.py:2191} INFO - Executing <Task(PythonOperator): get_s3_key> on 2025-08-02 00:00:00+00:00
[2025-08-04T14:47:59.753+0000] {standard_task_runner.py:60} INFO - Started process 725 to run task
[2025-08-04T14:47:59.791+0000] {standard_task_runner.py:87} INFO - Running: ['***', 'tasks', 'run', 'cdr_pipeline', 'get_s3_key', 'scheduled__2025-08-02T00:00:00+00:00', '--job-id', '40', '--raw', '--subdir', 'DAGS_FOLDER/dag.py', '--cfg-path', '/tmp/tmp8q4x6_0h']
[2025-08-04T14:47:59.805+0000] {standard_task_runner.py:88} INFO - Job 40: Subtask get_s3_key
[2025-08-04T14:48:00.375+0000] {logging_mixin.py:188} INFO - Changing /opt/***/logs/dag_id=cdr_pipeline/run_id=scheduled__2025-08-02T00:00:00+00:00/task_id=get_s3_key permission to 509
[2025-08-04T14:48:00.407+0000] {task_command.py:423} INFO - Running <TaskInstance: cdr_pipeline.get_s3_key scheduled__2025-08-02T00:00:00+00:00 [running]> on host 9edf237adf6e
[2025-08-04T14:48:01.627+0000] {taskinstance.py:2480} INFO - Exporting env vars: AIRFLOW_CTX_DAG_OWNER='***' AIRFLOW_CTX_DAG_ID='cdr_pipeline' AIRFLOW_CTX_TASK_ID='get_s3_key' AIRFLOW_CTX_EXECUTION_DATE='2025-08-02T00:00:00+00:00' AIRFLOW_CTX_TRY_NUMBER='1' AIRFLOW_CTX_DAG_RUN_ID='scheduled__2025-08-02T00:00:00+00:00'
[2025-08-04T14:48:01.638+0000] {python.py:201} INFO - Done. Returned value was: cdr_2025-08-02.parquet/
[2025-08-04T14:48:02.167+0000] {taskinstance.py:1138} INFO - Marking task as SUCCESS. dag_id=cdr_pipeline, task_id=get_s3_key, execution_date=20250802T000000, start_date=20250804T144759, end_date=20250804T144802
[2025-08-04T14:48:02.552+0000] {local_task_job_runner.py:234} INFO - Task exited with return code 0
[2025-08-04T14:48:03.382+0000] {taskinstance.py:3280} INFO - 0 downstream tasks scheduled from follow-on schedule check
[2025-08-04T16:30:04.096+0000] {logging_mixin.py:188} INFO - Changing /opt/***/logs/dag_id=cdr_pipeline/run_id=scheduled__2025-08-02T00:00:00+00:00/task_id=get_s3_key permission to 509
[2025-08-04T16:30:04.290+0000] {logging_mixin.py:188} INFO - Changing /opt/***/logs/dag_id=cdr_pipeline/run_id=scheduled__2025-08-02T00:00:00+00:00/task_id=get_s3_key permission to 509
[2025-08-04T16:30:04.473+0000] {taskinstance.py:1956} INFO - Dependencies all met for dep_context=non-requeueable deps ti=<TaskInstance: cdr_pipeline.get_s3_key scheduled__2025-08-02T00:00:00+00:00 [queued]>
[2025-08-04T16:30:04.534+0000] {taskinstance.py:1956} INFO - Dependencies all met for dep_context=requeueable deps ti=<TaskInstance: cdr_pipeline.get_s3_key scheduled__2025-08-02T00:00:00+00:00 [queued]>
[2025-08-04T16:30:04.535+0000] {taskinstance.py:2170} INFO - Starting attempt 1 of 2
[2025-08-04T16:30:04.631+0000] {taskinstance.py:2191} INFO - Executing <Task(PythonOperator): get_s3_key> on 2025-08-02 00:00:00+00:00
[2025-08-04T16:30:04.666+0000] {standard_task_runner.py:60} INFO - Started process 2203 to run task
[2025-08-04T16:30:04.704+0000] {standard_task_runner.py:87} INFO - Running: ['***', 'tasks', 'run', 'cdr_pipeline', 'get_s3_key', 'scheduled__2025-08-02T00:00:00+00:00', '--job-id', '86', '--raw', '--subdir', 'DAGS_FOLDER/dag.py', '--cfg-path', '/tmp/tmpbdetci6u']
[2025-08-04T16:30:04.714+0000] {standard_task_runner.py:88} INFO - Job 86: Subtask get_s3_key
[2025-08-04T16:30:05.008+0000] {logging_mixin.py:188} INFO - Changing /opt/***/logs/dag_id=cdr_pipeline/run_id=scheduled__2025-08-02T00:00:00+00:00/task_id=get_s3_key permission to 509
[2025-08-04T16:30:05.040+0000] {task_command.py:423} INFO - Running <TaskInstance: cdr_pipeline.get_s3_key scheduled__2025-08-02T00:00:00+00:00 [running]> on host 9edf237adf6e
[2025-08-04T16:30:05.481+0000] {taskinstance.py:2480} INFO - Exporting env vars: AIRFLOW_CTX_DAG_OWNER='***' AIRFLOW_CTX_DAG_ID='cdr_pipeline' AIRFLOW_CTX_TASK_ID='get_s3_key' AIRFLOW_CTX_EXECUTION_DATE='2025-08-02T00:00:00+00:00' AIRFLOW_CTX_TRY_NUMBER='1' AIRFLOW_CTX_DAG_RUN_ID='scheduled__2025-08-02T00:00:00+00:00'
[2025-08-04T16:30:05.498+0000] {python.py:201} INFO - Done. Returned value was: cdr_2025-08-02.parquet/
[2025-08-04T16:30:05.650+0000] {taskinstance.py:1138} INFO - Marking task as SUCCESS. dag_id=cdr_pipeline, task_id=get_s3_key, execution_date=20250802T000000, start_date=20250804T163004, end_date=20250804T163005
[2025-08-04T16:30:05.815+0000] {local_task_job_runner.py:234} INFO - Task exited with return code 0
[2025-08-04T16:30:06.152+0000] {taskinstance.py:3280} INFO - 0 downstream tasks scheduled from follow-on schedule check
