[2025-08-04T14:48:13.774+0000] {logging_mixin.py:188} INFO - Changing /opt/***/logs/dag_id=cdr_pipeline/run_id=scheduled__2025-07-31T00:00:00+00:00/task_id=load_to_redshift permission to 509
[2025-08-04T14:48:14.085+0000] {logging_mixin.py:188} INFO - Changing /opt/***/logs/dag_id=cdr_pipeline/run_id=scheduled__2025-07-31T00:00:00+00:00/task_id=load_to_redshift permission to 509
[2025-08-04T14:48:14.575+0000] {taskinstance.py:1956} INFO - Dependencies all met for dep_context=non-requeueable deps ti=<TaskInstance: cdr_pipeline.load_to_redshift scheduled__2025-07-31T00:00:00+00:00 [queued]>
[2025-08-04T14:48:14.729+0000] {taskinstance.py:1956} INFO - Dependencies all met for dep_context=requeueable deps ti=<TaskInstance: cdr_pipeline.load_to_redshift scheduled__2025-07-31T00:00:00+00:00 [queued]>
[2025-08-04T14:48:14.762+0000] {taskinstance.py:2170} INFO - Starting attempt 1 of 2
[2025-08-04T14:48:14.962+0000] {taskinstance.py:2191} INFO - Executing <Task(S3ToRedshiftOperator): load_to_redshift> on 2025-07-31 00:00:00+00:00
[2025-08-04T14:48:15.114+0000] {standard_task_runner.py:60} INFO - Started process 737 to run task
[2025-08-04T14:48:15.173+0000] {standard_task_runner.py:87} INFO - Running: ['***', 'tasks', 'run', 'cdr_pipeline', 'load_to_redshift', 'scheduled__2025-07-31T00:00:00+00:00', '--job-id', '47', '--raw', '--subdir', 'DAGS_FOLDER/dag.py', '--cfg-path', '/tmp/tmp1debjxwi']
[2025-08-04T14:48:15.209+0000] {standard_task_runner.py:88} INFO - Job 47: Subtask load_to_redshift
[2025-08-04T14:48:15.888+0000] {logging_mixin.py:188} INFO - Changing /opt/***/logs/dag_id=cdr_pipeline/run_id=scheduled__2025-07-31T00:00:00+00:00/task_id=load_to_redshift permission to 509
[2025-08-04T14:48:15.914+0000] {task_command.py:423} INFO - Running <TaskInstance: cdr_pipeline.load_to_redshift scheduled__2025-07-31T00:00:00+00:00 [running]> on host 9edf237adf6e
[2025-08-04T14:48:16.890+0000] {taskinstance.py:2480} INFO - Exporting env vars: AIRFLOW_CTX_DAG_OWNER='***' AIRFLOW_CTX_DAG_ID='cdr_pipeline' AIRFLOW_CTX_TASK_ID='load_to_redshift' AIRFLOW_CTX_EXECUTION_DATE='2025-07-31T00:00:00+00:00' AIRFLOW_CTX_TRY_NUMBER='1' AIRFLOW_CTX_DAG_RUN_ID='scheduled__2025-07-31T00:00:00+00:00'
[2025-08-04T14:48:16.991+0000] {base.py:83} INFO - Using connection ID 'aws_default' for task execution.
[2025-08-04T14:48:17.050+0000] {base.py:83} INFO - Using connection ID 'aws_default' for task execution.
[2025-08-04T14:48:17.058+0000] {connection_wrapper.py:378} INFO - AWS Connection (conn_id='aws_default', conn_type='aws') credentials retrieved from login and password.
[2025-08-04T14:48:17.296+0000] {s3_to_redshift.py:192} INFO - Executing COPY command...
[2025-08-04T14:48:17.381+0000] {base.py:83} INFO - Using connection ID 'redshift_default' for task execution.
[2025-08-04T14:48:17.390+0000] {connection_wrapper.py:378} INFO - AWS Connection (conn_id='redshift_default', conn_type='aws') credentials retrieved from login and password.
[2025-08-04T14:48:27.642+0000] {taskinstance.py:2698} ERROR - Task failed with exception
Traceback (most recent call last):
  File "/home/airflow/.local/lib/python3.8/site-packages/airflow/models/taskinstance.py", line 433, in _execute_task
    result = execute_callable(context=context, **execute_callable_kwargs)
  File "/home/airflow/.local/lib/python3.8/site-packages/airflow/providers/amazon/aws/transfers/s3_to_redshift.py", line 194, in execute
    redshift_hook.execute_query(sql=sql, **self.redshift_data_api_kwargs)
  File "/home/airflow/.local/lib/python3.8/site-packages/airflow/providers/amazon/aws/hooks/redshift_data.py", line 99, in execute_query
    resp = self.conn.execute_statement(**trim_none_values(kwargs))
  File "/home/airflow/.local/lib/python3.8/site-packages/botocore/client.py", line 553, in _api_call
    return self._make_api_call(operation_name, kwargs)
  File "/home/airflow/.local/lib/python3.8/site-packages/botocore/client.py", line 1009, in _make_api_call
    raise error_class(parsed_response, operation_name)
botocore.errorfactory.ValidationException: An error occurred (ValidationException) when calling the ExecuteStatement operation: Redshift endpoint is not available.
[2025-08-04T14:48:27.685+0000] {taskinstance.py:1138} INFO - Marking task as UP_FOR_RETRY. dag_id=cdr_pipeline, task_id=load_to_redshift, execution_date=20250731T000000, start_date=20250804T144814, end_date=20250804T144827
[2025-08-04T14:48:27.833+0000] {standard_task_runner.py:107} ERROR - Failed to execute job 47 for task load_to_redshift (An error occurred (ValidationException) when calling the ExecuteStatement operation: Redshift endpoint is not available.; 737)
[2025-08-04T14:48:27.930+0000] {local_task_job_runner.py:234} INFO - Task exited with return code 1
[2025-08-04T14:48:28.534+0000] {taskinstance.py:3280} INFO - 0 downstream tasks scheduled from follow-on schedule check
[2025-08-04T16:30:15.076+0000] {logging_mixin.py:188} INFO - Changing /opt/***/logs/dag_id=cdr_pipeline/run_id=scheduled__2025-07-31T00:00:00+00:00/task_id=load_to_redshift permission to 509
[2025-08-04T16:29:11.517+0000] {logging_mixin.py:188} INFO - Changing /opt/***/logs/dag_id=cdr_pipeline/run_id=scheduled__2025-07-31T00:00:00+00:00/task_id=load_to_redshift permission to 509
[2025-08-04T16:30:16.418+0000] {taskinstance.py:1956} INFO - Dependencies all met for dep_context=non-requeueable deps ti=<TaskInstance: cdr_pipeline.load_to_redshift scheduled__2025-07-31T00:00:00+00:00 [queued]>
[2025-08-04T16:30:16.500+0000] {taskinstance.py:1956} INFO - Dependencies all met for dep_context=requeueable deps ti=<TaskInstance: cdr_pipeline.load_to_redshift scheduled__2025-07-31T00:00:00+00:00 [queued]>
[2025-08-04T16:30:16.510+0000] {taskinstance.py:2170} INFO - Starting attempt 1 of 2
[2025-08-04T16:30:16.632+0000] {taskinstance.py:2191} INFO - Executing <Task(S3ToRedshiftOperator): load_to_redshift> on 2025-07-31 00:00:00+00:00
[2025-08-04T16:30:16.692+0000] {standard_task_runner.py:60} INFO - Started process 2212 to run task
[2025-08-04T16:30:16.749+0000] {standard_task_runner.py:87} INFO - Running: ['***', 'tasks', 'run', 'cdr_pipeline', 'load_to_redshift', 'scheduled__2025-07-31T00:00:00+00:00', '--job-id', '89', '--raw', '--subdir', 'DAGS_FOLDER/dag.py', '--cfg-path', '/tmp/tmppd1w_ltg']
[2025-08-04T16:30:16.811+0000] {standard_task_runner.py:88} INFO - Job 89: Subtask load_to_redshift
[2025-08-04T16:30:17.280+0000] {logging_mixin.py:188} INFO - Changing /opt/***/logs/dag_id=cdr_pipeline/run_id=scheduled__2025-07-31T00:00:00+00:00/task_id=load_to_redshift permission to 509
[2025-08-04T16:30:17.314+0000] {task_command.py:423} INFO - Running <TaskInstance: cdr_pipeline.load_to_redshift scheduled__2025-07-31T00:00:00+00:00 [running]> on host 9edf237adf6e
[2025-08-04T16:30:18.660+0000] {taskinstance.py:2480} INFO - Exporting env vars: AIRFLOW_CTX_DAG_OWNER='***' AIRFLOW_CTX_DAG_ID='cdr_pipeline' AIRFLOW_CTX_TASK_ID='load_to_redshift' AIRFLOW_CTX_EXECUTION_DATE='2025-07-31T00:00:00+00:00' AIRFLOW_CTX_TRY_NUMBER='1' AIRFLOW_CTX_DAG_RUN_ID='scheduled__2025-07-31T00:00:00+00:00'
[2025-08-04T16:30:18.802+0000] {base.py:83} INFO - Using connection ID 'aws_default' for task execution.
[2025-08-04T16:30:18.832+0000] {base.py:83} INFO - Using connection ID 'aws_default' for task execution.
[2025-08-04T16:30:18.836+0000] {connection_wrapper.py:378} INFO - AWS Connection (conn_id='aws_default', conn_type='aws') credentials retrieved from login and password.
[2025-08-04T16:30:18.945+0000] {s3_to_redshift.py:192} INFO - Executing COPY command...
[2025-08-04T16:30:18.992+0000] {base.py:83} INFO - Using connection ID 'redshift_default' for task execution.
[2025-08-04T16:30:18.995+0000] {connection_wrapper.py:378} INFO - AWS Connection (conn_id='redshift_default', conn_type='aws') credentials retrieved from login and password.
[2025-08-04T16:30:30.247+0000] {redshift_data.py:113} INFO - Polling statement c01477a7-3cb5-4bde-a5f0-793a54250da6
[2025-08-04T16:30:30.646+0000] {redshift_data.py:129} INFO - Query STARTED
[2025-08-04T16:30:40.668+0000] {redshift_data.py:113} INFO - Polling statement c01477a7-3cb5-4bde-a5f0-793a54250da6
[2025-08-04T16:30:40.989+0000] {redshift_data.py:121} INFO - Processed 0 rows
[2025-08-04T16:30:40.995+0000] {s3_to_redshift.py:197} INFO - COPY command complete...
[2025-08-04T16:30:41.040+0000] {taskinstance.py:1138} INFO - Marking task as SUCCESS. dag_id=cdr_pipeline, task_id=load_to_redshift, execution_date=20250731T000000, start_date=20250804T163016, end_date=20250804T163041
[2025-08-04T16:30:41.162+0000] {local_task_job_runner.py:234} INFO - Task exited with return code 0
[2025-08-04T16:30:41.214+0000] {taskinstance.py:3280} INFO - 0 downstream tasks scheduled from follow-on schedule check
