[2025-08-04T14:46:53.383+0000] {logging_mixin.py:188} INFO - Changing /opt/***/logs/dag_id=cdr_pipeline/run_id=scheduled__2025-07-30T00:00:00+00:00/task_id=load_to_s3 permission to 509
[2025-08-04T14:46:53.717+0000] {logging_mixin.py:188} INFO - Changing /opt/***/logs/dag_id=cdr_pipeline/run_id=scheduled__2025-07-30T00:00:00+00:00/task_id=load_to_s3 permission to 509
[2025-08-04T14:46:53.826+0000] {taskinstance.py:1956} INFO - Dependencies all met for dep_context=non-requeueable deps ti=<TaskInstance: cdr_pipeline.load_to_s3 scheduled__2025-07-30T00:00:00+00:00 [queued]>
[2025-08-04T14:46:53.922+0000] {taskinstance.py:1956} INFO - Dependencies all met for dep_context=requeueable deps ti=<TaskInstance: cdr_pipeline.load_to_s3 scheduled__2025-07-30T00:00:00+00:00 [queued]>
[2025-08-04T14:46:53.929+0000] {taskinstance.py:2170} INFO - Starting attempt 1 of 2
[2025-08-04T14:46:54.312+0000] {taskinstance.py:2191} INFO - Executing <Task(PythonOperator): load_to_s3> on 2025-07-30 00:00:00+00:00
[2025-08-04T14:46:54.601+0000] {standard_task_runner.py:60} INFO - Started process 641 to run task
[2025-08-04T14:46:54.734+0000] {standard_task_runner.py:87} INFO - Running: ['***', 'tasks', 'run', 'cdr_pipeline', 'load_to_s3', 'scheduled__2025-07-30T00:00:00+00:00', '--job-id', '21', '--raw', '--subdir', 'DAGS_FOLDER/dag.py', '--cfg-path', '/tmp/tmpk71qrqum']
[2025-08-04T14:46:54.773+0000] {standard_task_runner.py:88} INFO - Job 21: Subtask load_to_s3
[2025-08-04T14:46:55.903+0000] {logging_mixin.py:188} INFO - Changing /opt/***/logs/dag_id=cdr_pipeline/run_id=scheduled__2025-07-30T00:00:00+00:00/task_id=load_to_s3 permission to 509
[2025-08-04T14:46:56.001+0000] {task_command.py:423} INFO - Running <TaskInstance: cdr_pipeline.load_to_s3 scheduled__2025-07-30T00:00:00+00:00 [running]> on host 9edf237adf6e
[2025-08-04T14:46:57.227+0000] {taskinstance.py:2480} INFO - Exporting env vars: AIRFLOW_CTX_DAG_OWNER='***' AIRFLOW_CTX_DAG_ID='cdr_pipeline' AIRFLOW_CTX_TASK_ID='load_to_s3' AIRFLOW_CTX_EXECUTION_DATE='2025-07-30T00:00:00+00:00' AIRFLOW_CTX_TRY_NUMBER='1' AIRFLOW_CTX_DAG_RUN_ID='scheduled__2025-07-30T00:00:00+00:00'
[2025-08-04T14:47:05.472+0000] {cdr.py:155} INFO - Uploaded 100 records to s3://cdr-faker-data-dfad0cb7/cdr_2025-08-04.parquet/
[2025-08-04T14:47:05.479+0000] {python.py:201} INFO - Done. Returned value was: None
[2025-08-04T14:47:05.635+0000] {taskinstance.py:1138} INFO - Marking task as SUCCESS. dag_id=cdr_pipeline, task_id=load_to_s3, execution_date=20250730T000000, start_date=20250804T144653, end_date=20250804T144705
[2025-08-04T14:47:06.570+0000] {local_task_job_runner.py:234} INFO - Task exited with return code 0
[2025-08-04T14:47:07.239+0000] {taskinstance.py:3280} INFO - 0 downstream tasks scheduled from follow-on schedule check
[2025-08-04T16:29:38.223+0000] {logging_mixin.py:188} INFO - Changing /opt/***/logs/dag_id=cdr_pipeline/run_id=scheduled__2025-07-30T00:00:00+00:00/task_id=load_to_s3 permission to 509
[2025-08-04T16:29:38.499+0000] {logging_mixin.py:188} INFO - Changing /opt/***/logs/dag_id=cdr_pipeline/run_id=scheduled__2025-07-30T00:00:00+00:00/task_id=load_to_s3 permission to 509
[2025-08-04T16:29:38.998+0000] {taskinstance.py:1956} INFO - Dependencies all met for dep_context=non-requeueable deps ti=<TaskInstance: cdr_pipeline.load_to_s3 scheduled__2025-07-30T00:00:00+00:00 [queued]>
[2025-08-04T16:29:39.141+0000] {taskinstance.py:1956} INFO - Dependencies all met for dep_context=requeueable deps ti=<TaskInstance: cdr_pipeline.load_to_s3 scheduled__2025-07-30T00:00:00+00:00 [queued]>
[2025-08-04T16:29:39.143+0000] {taskinstance.py:2170} INFO - Starting attempt 1 of 2
[2025-08-04T16:29:39.252+0000] {taskinstance.py:2191} INFO - Executing <Task(PythonOperator): load_to_s3> on 2025-07-30 00:00:00+00:00
[2025-08-04T16:29:39.329+0000] {standard_task_runner.py:60} INFO - Started process 2174 to run task
[2025-08-04T16:29:39.614+0000] {standard_task_runner.py:87} INFO - Running: ['***', 'tasks', 'run', 'cdr_pipeline', 'load_to_s3', 'scheduled__2025-07-30T00:00:00+00:00', '--job-id', '79', '--raw', '--subdir', 'DAGS_FOLDER/dag.py', '--cfg-path', '/tmp/tmpgl_82zz4']
[2025-08-04T16:29:39.647+0000] {standard_task_runner.py:88} INFO - Job 79: Subtask load_to_s3
[2025-08-04T16:29:40.814+0000] {logging_mixin.py:188} INFO - Changing /opt/***/logs/dag_id=cdr_pipeline/run_id=scheduled__2025-07-30T00:00:00+00:00/task_id=load_to_s3 permission to 509
[2025-08-04T16:29:40.849+0000] {task_command.py:423} INFO - Running <TaskInstance: cdr_pipeline.load_to_s3 scheduled__2025-07-30T00:00:00+00:00 [running]> on host 9edf237adf6e
[2025-08-04T16:29:41.885+0000] {taskinstance.py:2480} INFO - Exporting env vars: AIRFLOW_CTX_DAG_OWNER='***' AIRFLOW_CTX_DAG_ID='cdr_pipeline' AIRFLOW_CTX_TASK_ID='load_to_s3' AIRFLOW_CTX_EXECUTION_DATE='2025-07-30T00:00:00+00:00' AIRFLOW_CTX_TRY_NUMBER='1' AIRFLOW_CTX_DAG_RUN_ID='scheduled__2025-07-30T00:00:00+00:00'
[2025-08-04T16:29:41.936+0000] {cdr.py:44} INFO - Loading 421 records to s3://cdr-faker-data-dfad0cb7
[2025-08-04T16:29:49.762+0000] {cdr.py:150} INFO - Uploaded 421 records to s3://cdr-faker-data-dfad0cb7/cdr_2025-08-04.parquet/
[2025-08-04T16:29:49.775+0000] {python.py:201} INFO - Done. Returned value was: None
[2025-08-04T16:29:49.835+0000] {taskinstance.py:1138} INFO - Marking task as SUCCESS. dag_id=cdr_pipeline, task_id=load_to_s3, execution_date=20250730T000000, start_date=20250804T162939, end_date=20250804T162949
[2025-08-04T16:29:50.064+0000] {local_task_job_runner.py:234} INFO - Task exited with return code 0
[2025-08-04T16:29:50.349+0000] {taskinstance.py:3280} INFO - 1 downstream tasks scheduled from follow-on schedule check
