[2025-08-04T14:48:22.561+0000] {logging_mixin.py:188} INFO - Changing /opt/***/logs/dag_id=cdr_pipeline/run_id=scheduled__2025-08-01T00:00:00+00:00/task_id=load_to_redshift permission to 509
[2025-08-04T14:48:22.898+0000] {logging_mixin.py:188} INFO - Changing /opt/***/logs/dag_id=cdr_pipeline/run_id=scheduled__2025-08-01T00:00:00+00:00/task_id=load_to_redshift permission to 509
[2025-08-04T14:48:23.123+0000] {taskinstance.py:1956} INFO - Dependencies all met for dep_context=non-requeueable deps ti=<TaskInstance: cdr_pipeline.load_to_redshift scheduled__2025-08-01T00:00:00+00:00 [queued]>
[2025-08-04T14:48:23.182+0000] {taskinstance.py:1956} INFO - Dependencies all met for dep_context=requeueable deps ti=<TaskInstance: cdr_pipeline.load_to_redshift scheduled__2025-08-01T00:00:00+00:00 [queued]>
[2025-08-04T14:48:23.183+0000] {taskinstance.py:2170} INFO - Starting attempt 1 of 2
[2025-08-04T14:48:23.277+0000] {taskinstance.py:2191} INFO - Executing <Task(S3ToRedshiftOperator): load_to_redshift> on 2025-08-01 00:00:00+00:00
[2025-08-04T14:48:23.394+0000] {standard_task_runner.py:60} INFO - Started process 740 to run task
[2025-08-04T14:48:23.453+0000] {standard_task_runner.py:87} INFO - Running: ['***', 'tasks', 'run', 'cdr_pipeline', 'load_to_redshift', 'scheduled__2025-08-01T00:00:00+00:00', '--job-id', '52', '--raw', '--subdir', 'DAGS_FOLDER/dag.py', '--cfg-path', '/tmp/tmpifttl9o1']
[2025-08-04T14:48:23.462+0000] {standard_task_runner.py:88} INFO - Job 52: Subtask load_to_redshift
[2025-08-04T14:48:23.914+0000] {logging_mixin.py:188} INFO - Changing /opt/***/logs/dag_id=cdr_pipeline/run_id=scheduled__2025-08-01T00:00:00+00:00/task_id=load_to_redshift permission to 509
[2025-08-04T14:48:23.950+0000] {task_command.py:423} INFO - Running <TaskInstance: cdr_pipeline.load_to_redshift scheduled__2025-08-01T00:00:00+00:00 [running]> on host 9edf237adf6e
[2025-08-04T14:48:25.178+0000] {taskinstance.py:2480} INFO - Exporting env vars: AIRFLOW_CTX_DAG_OWNER='***' AIRFLOW_CTX_DAG_ID='cdr_pipeline' AIRFLOW_CTX_TASK_ID='load_to_redshift' AIRFLOW_CTX_EXECUTION_DATE='2025-08-01T00:00:00+00:00' AIRFLOW_CTX_TRY_NUMBER='1' AIRFLOW_CTX_DAG_RUN_ID='scheduled__2025-08-01T00:00:00+00:00'
[2025-08-04T14:48:25.247+0000] {base.py:83} INFO - Using connection ID 'aws_default' for task execution.
[2025-08-04T14:48:25.294+0000] {base.py:83} INFO - Using connection ID 'aws_default' for task execution.
[2025-08-04T14:48:25.296+0000] {connection_wrapper.py:378} INFO - AWS Connection (conn_id='aws_default', conn_type='aws') credentials retrieved from login and password.
[2025-08-04T14:48:25.375+0000] {s3_to_redshift.py:192} INFO - Executing COPY command...
[2025-08-04T14:48:25.419+0000] {base.py:83} INFO - Using connection ID 'redshift_default' for task execution.
[2025-08-04T14:48:25.425+0000] {connection_wrapper.py:378} INFO - AWS Connection (conn_id='redshift_default', conn_type='aws') credentials retrieved from login and password.
[2025-08-04T14:48:33.653+0000] {taskinstance.py:2698} ERROR - Task failed with exception
Traceback (most recent call last):
  File "/home/airflow/.local/lib/python3.8/site-packages/airflow/models/taskinstance.py", line 433, in _execute_task
    result = execute_callable(context=context, **execute_callable_kwargs)
  File "/home/airflow/.local/lib/python3.8/site-packages/airflow/providers/amazon/aws/transfers/s3_to_redshift.py", line 194, in execute
    redshift_hook.execute_query(sql=sql, **self.redshift_data_api_kwargs)
  File "/home/airflow/.local/lib/python3.8/site-packages/airflow/providers/amazon/aws/hooks/redshift_data.py", line 99, in execute_query
    resp = self.conn.execute_statement(**trim_none_values(kwargs))
  File "/home/airflow/.local/lib/python3.8/site-packages/botocore/client.py", line 553, in _api_call
    return self._make_api_call(operation_name, kwargs)
  File "/home/airflow/.local/lib/python3.8/site-packages/botocore/client.py", line 1009, in _make_api_call
    raise error_class(parsed_response, operation_name)
botocore.errorfactory.ValidationException: An error occurred (ValidationException) when calling the ExecuteStatement operation: Redshift endpoint is not available.
[2025-08-04T14:48:33.688+0000] {taskinstance.py:1138} INFO - Marking task as UP_FOR_RETRY. dag_id=cdr_pipeline, task_id=load_to_redshift, execution_date=20250801T000000, start_date=20250804T144823, end_date=20250804T144833
[2025-08-04T14:48:33.712+0000] {standard_task_runner.py:107} ERROR - Failed to execute job 52 for task load_to_redshift (An error occurred (ValidationException) when calling the ExecuteStatement operation: Redshift endpoint is not available.; 740)
[2025-08-04T14:48:33.756+0000] {local_task_job_runner.py:234} INFO - Task exited with return code 1
[2025-08-04T14:48:33.783+0000] {taskinstance.py:3280} INFO - 0 downstream tasks scheduled from follow-on schedule check
[2025-08-04T16:30:26.246+0000] {logging_mixin.py:188} INFO - Changing /opt/***/logs/dag_id=cdr_pipeline/run_id=scheduled__2025-08-01T00:00:00+00:00/task_id=load_to_redshift permission to 509
[2025-08-04T16:30:26.808+0000] {logging_mixin.py:188} INFO - Changing /opt/***/logs/dag_id=cdr_pipeline/run_id=scheduled__2025-08-01T00:00:00+00:00/task_id=load_to_redshift permission to 509
[2025-08-04T16:30:27.303+0000] {taskinstance.py:1956} INFO - Dependencies all met for dep_context=non-requeueable deps ti=<TaskInstance: cdr_pipeline.load_to_redshift scheduled__2025-08-01T00:00:00+00:00 [queued]>
[2025-08-04T16:30:27.419+0000] {taskinstance.py:1956} INFO - Dependencies all met for dep_context=requeueable deps ti=<TaskInstance: cdr_pipeline.load_to_redshift scheduled__2025-08-01T00:00:00+00:00 [queued]>
[2025-08-04T16:30:27.427+0000] {taskinstance.py:2170} INFO - Starting attempt 1 of 2
[2025-08-04T16:30:27.531+0000] {taskinstance.py:2191} INFO - Executing <Task(S3ToRedshiftOperator): load_to_redshift> on 2025-08-01 00:00:00+00:00
[2025-08-04T16:30:27.663+0000] {standard_task_runner.py:60} INFO - Started process 2215 to run task
[2025-08-04T16:30:27.739+0000] {standard_task_runner.py:87} INFO - Running: ['***', 'tasks', 'run', 'cdr_pipeline', 'load_to_redshift', 'scheduled__2025-08-01T00:00:00+00:00', '--job-id', '92', '--raw', '--subdir', 'DAGS_FOLDER/dag.py', '--cfg-path', '/tmp/tmpfmqw1d88']
[2025-08-04T16:30:27.757+0000] {standard_task_runner.py:88} INFO - Job 92: Subtask load_to_redshift
[2025-08-04T16:30:28.398+0000] {logging_mixin.py:188} INFO - Changing /opt/***/logs/dag_id=cdr_pipeline/run_id=scheduled__2025-08-01T00:00:00+00:00/task_id=load_to_redshift permission to 509
[2025-08-04T16:30:28.472+0000] {task_command.py:423} INFO - Running <TaskInstance: cdr_pipeline.load_to_redshift scheduled__2025-08-01T00:00:00+00:00 [running]> on host 9edf237adf6e
[2025-08-04T16:30:29.573+0000] {taskinstance.py:2480} INFO - Exporting env vars: AIRFLOW_CTX_DAG_OWNER='***' AIRFLOW_CTX_DAG_ID='cdr_pipeline' AIRFLOW_CTX_TASK_ID='load_to_redshift' AIRFLOW_CTX_EXECUTION_DATE='2025-08-01T00:00:00+00:00' AIRFLOW_CTX_TRY_NUMBER='1' AIRFLOW_CTX_DAG_RUN_ID='scheduled__2025-08-01T00:00:00+00:00'
[2025-08-04T16:30:29.707+0000] {base.py:83} INFO - Using connection ID 'aws_default' for task execution.
[2025-08-04T16:30:29.775+0000] {base.py:83} INFO - Using connection ID 'aws_default' for task execution.
[2025-08-04T16:30:29.780+0000] {connection_wrapper.py:378} INFO - AWS Connection (conn_id='aws_default', conn_type='aws') credentials retrieved from login and password.
[2025-08-04T16:30:29.980+0000] {s3_to_redshift.py:192} INFO - Executing COPY command...
[2025-08-04T16:30:30.026+0000] {base.py:83} INFO - Using connection ID 'redshift_default' for task execution.
[2025-08-04T16:30:30.034+0000] {connection_wrapper.py:378} INFO - AWS Connection (conn_id='redshift_default', conn_type='aws') credentials retrieved from login and password.
[2025-08-04T16:30:34.565+0000] {redshift_data.py:113} INFO - Polling statement 0a932e9b-8db3-4881-8818-2fe80ca44d47
[2025-08-04T16:30:34.921+0000] {redshift_data.py:129} INFO - Query STARTED
[2025-08-04T16:30:44.929+0000] {redshift_data.py:113} INFO - Polling statement 0a932e9b-8db3-4881-8818-2fe80ca44d47
[2025-08-04T16:30:45.250+0000] {redshift_data.py:121} INFO - Processed 0 rows
[2025-08-04T16:30:45.251+0000] {s3_to_redshift.py:197} INFO - COPY command complete...
[2025-08-04T16:30:45.289+0000] {taskinstance.py:1138} INFO - Marking task as SUCCESS. dag_id=cdr_pipeline, task_id=load_to_redshift, execution_date=20250801T000000, start_date=20250804T163027, end_date=20250804T163045
[2025-08-04T16:30:45.396+0000] {local_task_job_runner.py:234} INFO - Task exited with return code 0
[2025-08-04T16:30:45.418+0000] {taskinstance.py:3280} INFO - 0 downstream tasks scheduled from follow-on schedule check
