[2025-08-02T03:10:13.038+0000] {logging_mixin.py:188} INFO - Changing /opt/***/logs/dag_id=cdr_pipeline/run_id=manual__2025-08-02T02:53:13.538457+00:00/task_id=load_to_redshift permission to 509
[2025-08-02T03:10:13.094+0000] {logging_mixin.py:188} INFO - Changing /opt/***/logs/dag_id=cdr_pipeline/run_id=manual__2025-08-02T02:53:13.538457+00:00/task_id=load_to_redshift permission to 509
[2025-08-02T03:10:13.132+0000] {taskinstance.py:1956} INFO - Dependencies all met for dep_context=non-requeueable deps ti=<TaskInstance: cdr_pipeline.load_to_redshift manual__2025-08-02T02:53:13.538457+00:00 [queued]>
[2025-08-02T03:10:13.146+0000] {taskinstance.py:1956} INFO - Dependencies all met for dep_context=requeueable deps ti=<TaskInstance: cdr_pipeline.load_to_redshift manual__2025-08-02T02:53:13.538457+00:00 [queued]>
[2025-08-02T03:10:13.147+0000] {taskinstance.py:2170} INFO - Starting attempt 7 of 8
[2025-08-02T03:10:13.165+0000] {taskinstance.py:2191} INFO - Executing <Task(S3ToRedshiftOperator): load_to_redshift> on 2025-08-02 02:53:13.538457+00:00
[2025-08-02T03:10:13.176+0000] {standard_task_runner.py:60} INFO - Started process 2675 to run task
[2025-08-02T03:10:13.182+0000] {standard_task_runner.py:87} INFO - Running: ['***', 'tasks', 'run', 'cdr_pipeline', 'load_to_redshift', 'manual__2025-08-02T02:53:13.538457+00:00', '--job-id', '117', '--raw', '--subdir', 'DAGS_FOLDER/dag.py', '--cfg-path', '/tmp/tmpf9jao4is']
[2025-08-02T03:10:13.185+0000] {standard_task_runner.py:88} INFO - Job 117: Subtask load_to_redshift
[2025-08-02T03:10:13.275+0000] {logging_mixin.py:188} INFO - Changing /opt/***/logs/dag_id=cdr_pipeline/run_id=manual__2025-08-02T02:53:13.538457+00:00/task_id=load_to_redshift permission to 509
[2025-08-02T03:10:13.306+0000] {task_command.py:423} INFO - Running <TaskInstance: cdr_pipeline.load_to_redshift manual__2025-08-02T02:53:13.538457+00:00 [running]> on host f2527419f673
[2025-08-02T03:10:13.464+0000] {taskinstance.py:2480} INFO - Exporting env vars: AIRFLOW_CTX_DAG_OWNER='***' AIRFLOW_CTX_DAG_ID='cdr_pipeline' AIRFLOW_CTX_TASK_ID='load_to_redshift' AIRFLOW_CTX_EXECUTION_DATE='2025-08-02T02:53:13.538457+00:00' AIRFLOW_CTX_TRY_NUMBER='7' AIRFLOW_CTX_DAG_RUN_ID='manual__2025-08-02T02:53:13.538457+00:00'
[2025-08-02T03:10:13.479+0000] {base.py:83} INFO - Using connection ID 'aws_default' for task execution.
[2025-08-02T03:10:13.492+0000] {base.py:83} INFO - Using connection ID 'aws_default' for task execution.
[2025-08-02T03:10:13.493+0000] {connection_wrapper.py:378} INFO - AWS Connection (conn_id='aws_default', conn_type='aws') credentials retrieved from login and password.
[2025-08-02T03:10:13.511+0000] {s3_to_redshift.py:192} INFO - Executing COPY command...
[2025-08-02T03:10:13.522+0000] {base.py:83} INFO - Using connection ID 'redshift_default' for task execution.
[2025-08-02T03:10:13.523+0000] {connection_wrapper.py:378} INFO - AWS Connection (conn_id='redshift_default', conn_type='aws') credentials retrieved from login and password.
[2025-08-02T03:10:13.524+0000] {warnings.py:109} WARNING - <string>:9: AirflowProviderDeprecationWarning: Host tf-redshift-cluster.ci896s3qzt6h.eu-west-1.redshift.amazonaws.com:5439/dev_db specified in the connection is not used. Please, set it on extra['endpoint_url'] instead

[2025-08-02T03:10:15.661+0000] {redshift_data.py:113} INFO - Polling statement 8a9ba217-63d7-4ca0-bcc0-2601297902ff
[2025-08-02T03:10:15.843+0000] {redshift_data.py:129} INFO - Query PICKED
[2025-08-02T03:10:28.576+0000] {redshift_data.py:113} INFO - Polling statement 8a9ba217-63d7-4ca0-bcc0-2601297902ff
[2025-08-02T03:10:28.919+0000] {taskinstance.py:2698} ERROR - Task failed with exception
Traceback (most recent call last):
  File "/home/airflow/.local/lib/python3.8/site-packages/airflow/models/taskinstance.py", line 433, in _execute_task
    result = execute_callable(context=context, **execute_callable_kwargs)
  File "/home/airflow/.local/lib/python3.8/site-packages/airflow/providers/amazon/aws/transfers/s3_to_redshift.py", line 194, in execute
    redshift_hook.execute_query(sql=sql, **self.redshift_data_api_kwargs)
  File "/home/airflow/.local/lib/python3.8/site-packages/airflow/providers/amazon/aws/hooks/redshift_data.py", line 107, in execute_query
    self.wait_for_results(statement_id, poll_interval=poll_interval)
  File "/home/airflow/.local/lib/python3.8/site-packages/airflow/providers/amazon/aws/hooks/redshift_data.py", line 124, in wait_for_results
    raise ValueError(
ValueError: Statement '8a9ba217-63d7-4ca0-bcc0-2601297902ff' terminated with status FAILED. Response details: {'ClusterIdentifier': 'tf-redshift-cluster',
 'CreatedAt': datetime.datetime(2025, 8, 2, 3, 10, 18, 56000, tzinfo=tzlocal()),
 'Database': 'dev_db',
 'DbUser': 'masterdb',
 'Duration': -1,
 'Error': 'ERROR: Spectrum Scan Error\n'
          '  Detail: \n'
          '  -----------------------------------------------\n'
          '  error:  Spectrum Scan Error\n'
          '  code:      15007\n'
          '  context:   File '
          "'https://s3.eu-west-1.amazonaws.com/cdr-faker-data-dfad0cb7/cdr_2025-08-02.parquet/0ef3d4a1e2e247ecb5c289ae13397c0d.snappy.parquet' "
          'has an incompatible Parquet schema for column '
          "'s3://cdr-faker-data-dfad0cb7/cdr_2025-08-02.parquet.call_start'. "
          'Column \n'
          '  query:     208833\n'
          '  location:  dory_util.cpp:1776\n'
          '  process:   worker_thread [pid=26105]\n'
          '  -----------------------------------------------\n',
 'HasResultSet': False,
 'Id': '8a9ba217-63d7-4ca0-bcc0-2601297902ff',
 'QueryString': '\n'
                '                    COPY public.cdr_records \n'
                '                    FROM '
                "'s3://cdr-faker-data-dfad0cb7/cdr_2025-08-02.parquet'\n"
                '                    credentials\n'
                "                    ''\n"
                '                    \n'
                '                    FORMAT AS PARQUET;\n'
                '        ',
 'RedshiftPid': 1073832078,
 'RedshiftQueryId': 208834,
 'ResponseMetadata': {'HTTPHeaders': {'content-length': '1183',
                                      'content-type': 'application/x-amz-json-1.1',
                                      'date': 'Sat, 02 Aug 2025 03:10:28 GMT',
                                      'x-amzn-requestid': '06779132-1b9b-43dc-8c5e-bc47952c55a6'},
                      'HTTPStatusCode': 200,
                      'RequestId': '06779132-1b9b-43dc-8c5e-bc47952c55a6',
                      'RetryAttempts': 0},
 'ResultRows': -1,
 'ResultSize': -1,
 'Status': 'FAILED',
 'UpdatedAt': datetime.datetime(2025, 8, 2, 3, 10, 19, 21000, tzinfo=tzlocal())}
[2025-08-02T03:10:28.942+0000] {taskinstance.py:1138} INFO - Marking task as UP_FOR_RETRY. dag_id=cdr_pipeline, task_id=load_to_redshift, execution_date=20250802T025313, start_date=20250802T031013, end_date=20250802T031028
[2025-08-02T03:10:28.974+0000] {standard_task_runner.py:107} ERROR - Failed to execute job 117 for task load_to_redshift (Statement '8a9ba217-63d7-4ca0-bcc0-2601297902ff' terminated with status FAILED. Response details: {'ClusterIdentifier': 'tf-redshift-cluster',
 'CreatedAt': datetime.datetime(2025, 8, 2, 3, 10, 18, 56000, tzinfo=tzlocal()),
 'Database': 'dev_db',
 'DbUser': 'masterdb',
 'Duration': -1,
 'Error': 'ERROR: Spectrum Scan Error\n'
          '  Detail: \n'
          '  -----------------------------------------------\n'
          '  error:  Spectrum Scan Error\n'
          '  code:      15007\n'
          '  context:   File '
          "'https://s3.eu-west-1.amazonaws.com/cdr-faker-data-dfad0cb7/cdr_2025-08-02.parquet/0ef3d4a1e2e247ecb5c289ae13397c0d.snappy.parquet' "
          'has an incompatible Parquet schema for column '
          "'s3://cdr-faker-data-dfad0cb7/cdr_2025-08-02.parquet.call_start'. "
          'Column \n'
          '  query:     208833\n'
          '  location:  dory_util.cpp:1776\n'
          '  process:   worker_thread [pid=26105]\n'
          '  -----------------------------------------------\n',
 'HasResultSet': False,
 'Id': '8a9ba217-63d7-4ca0-bcc0-2601297902ff',
 'QueryString': '\n'
                '                    COPY public.cdr_records \n'
                '                    FROM '
                "'s3://cdr-faker-data-dfad0cb7/cdr_2025-08-02.parquet'\n"
                '                    credentials\n'
                "                    ''\n"
                '                    \n'
                '                    FORMAT AS PARQUET;\n'
                '        ',
 'RedshiftPid': 1073832078,
 'RedshiftQueryId': 208834,
 'ResponseMetadata': {'HTTPHeaders': {'content-length': '1183',
                                      'content-type': 'application/x-amz-json-1.1',
                                      'date': 'Sat, 02 Aug 2025 03:10:28 GMT',
                                      'x-amzn-requestid': '06779132-1b9b-43dc-8c5e-bc47952c55a6'},
                      'HTTPStatusCode': 200,
                      'RequestId': '06779132-1b9b-43dc-8c5e-bc47952c55a6',
                      'RetryAttempts': 0},
 'ResultRows': -1,
 'ResultSize': -1,
 'Status': 'FAILED',
 'UpdatedAt': datetime.datetime(2025, 8, 2, 3, 10, 19, 21000, tzinfo=tzlocal())}; 2675)
[2025-08-02T03:10:29.053+0000] {local_task_job_runner.py:234} INFO - Task exited with return code 1
[2025-08-02T03:10:29.128+0000] {taskinstance.py:3280} INFO - 0 downstream tasks scheduled from follow-on schedule check
