[2025-08-02T03:18:02.076+0000] {logging_mixin.py:188} INFO - Changing /opt/***/logs/dag_id=cdr_pipeline/run_id=manual__2025-08-02T02:53:13.538457+00:00/task_id=load_to_redshift permission to 509
[2025-08-02T03:18:02.136+0000] {logging_mixin.py:188} INFO - Changing /opt/***/logs/dag_id=cdr_pipeline/run_id=manual__2025-08-02T02:53:13.538457+00:00/task_id=load_to_redshift permission to 509
[2025-08-02T03:18:02.180+0000] {taskinstance.py:1956} INFO - Dependencies all met for dep_context=non-requeueable deps ti=<TaskInstance: cdr_pipeline.load_to_redshift manual__2025-08-02T02:53:13.538457+00:00 [queued]>
[2025-08-02T03:18:02.199+0000] {taskinstance.py:1956} INFO - Dependencies all met for dep_context=requeueable deps ti=<TaskInstance: cdr_pipeline.load_to_redshift manual__2025-08-02T02:53:13.538457+00:00 [queued]>
[2025-08-02T03:18:02.200+0000] {taskinstance.py:2170} INFO - Starting attempt 10 of 11
[2025-08-02T03:18:02.230+0000] {taskinstance.py:2191} INFO - Executing <Task(S3ToRedshiftOperator): load_to_redshift> on 2025-08-02 02:53:13.538457+00:00
[2025-08-02T03:18:02.246+0000] {standard_task_runner.py:60} INFO - Started process 2779 to run task
[2025-08-02T03:18:02.254+0000] {standard_task_runner.py:87} INFO - Running: ['***', 'tasks', 'run', 'cdr_pipeline', 'load_to_redshift', 'manual__2025-08-02T02:53:13.538457+00:00', '--job-id', '120', '--raw', '--subdir', 'DAGS_FOLDER/dag.py', '--cfg-path', '/tmp/tmpr1opfnrt']
[2025-08-02T03:18:02.256+0000] {standard_task_runner.py:88} INFO - Job 120: Subtask load_to_redshift
[2025-08-02T03:18:02.343+0000] {logging_mixin.py:188} INFO - Changing /opt/***/logs/dag_id=cdr_pipeline/run_id=manual__2025-08-02T02:53:13.538457+00:00/task_id=load_to_redshift permission to 509
[2025-08-02T03:18:02.363+0000] {task_command.py:423} INFO - Running <TaskInstance: cdr_pipeline.load_to_redshift manual__2025-08-02T02:53:13.538457+00:00 [running]> on host f2527419f673
[2025-08-02T03:18:02.498+0000] {taskinstance.py:2480} INFO - Exporting env vars: AIRFLOW_CTX_DAG_OWNER='***' AIRFLOW_CTX_DAG_ID='cdr_pipeline' AIRFLOW_CTX_TASK_ID='load_to_redshift' AIRFLOW_CTX_EXECUTION_DATE='2025-08-02T02:53:13.538457+00:00' AIRFLOW_CTX_TRY_NUMBER='10' AIRFLOW_CTX_DAG_RUN_ID='manual__2025-08-02T02:53:13.538457+00:00'
[2025-08-02T03:18:02.513+0000] {base.py:83} INFO - Using connection ID 'aws_default' for task execution.
[2025-08-02T03:18:02.523+0000] {base.py:83} INFO - Using connection ID 'aws_default' for task execution.
[2025-08-02T03:18:02.526+0000] {connection_wrapper.py:378} INFO - AWS Connection (conn_id='aws_default', conn_type='aws') credentials retrieved from login and password.
[2025-08-02T03:18:02.551+0000] {s3_to_redshift.py:192} INFO - Executing COPY command...
[2025-08-02T03:18:02.564+0000] {base.py:83} INFO - Using connection ID 'redshift_default' for task execution.
[2025-08-02T03:18:02.565+0000] {connection_wrapper.py:378} INFO - AWS Connection (conn_id='redshift_default', conn_type='aws') credentials retrieved from login and password.
[2025-08-02T03:18:02.566+0000] {warnings.py:109} WARNING - <string>:9: AirflowProviderDeprecationWarning: Host tf-redshift-cluster.ci896s3qzt6h.eu-west-1.redshift.amazonaws.com:5439/dev_db specified in the connection is not used. Please, set it on extra['endpoint_url'] instead

[2025-08-02T03:18:04.268+0000] {redshift_data.py:113} INFO - Polling statement 6cec3087-2302-446b-a2cc-ea9824a924fc
[2025-08-02T03:18:04.441+0000] {redshift_data.py:129} INFO - Query STARTED
[2025-08-02T03:18:17.177+0000] {redshift_data.py:113} INFO - Polling statement 6cec3087-2302-446b-a2cc-ea9824a924fc
[2025-08-02T03:18:17.494+0000] {redshift_data.py:121} INFO - Processed 0 rows
[2025-08-02T03:18:17.495+0000] {s3_to_redshift.py:197} INFO - COPY command complete...
[2025-08-02T03:18:17.537+0000] {taskinstance.py:1138} INFO - Marking task as SUCCESS. dag_id=cdr_pipeline, task_id=load_to_redshift, execution_date=20250802T025313, start_date=20250802T031802, end_date=20250802T031817
[2025-08-02T03:18:17.683+0000] {local_task_job_runner.py:234} INFO - Task exited with return code 0
[2025-08-02T03:18:17.757+0000] {taskinstance.py:3280} INFO - 0 downstream tasks scheduled from follow-on schedule check
