[2025-08-02T02:58:51.842+0000] {logging_mixin.py:188} INFO - Changing /opt/***/logs/dag_id=cdr_pipeline/run_id=manual__2025-08-02T02:53:13.538457+00:00/task_id=load_to_redshift permission to 509
[2025-08-02T02:58:51.929+0000] {logging_mixin.py:188} INFO - Changing /opt/***/logs/dag_id=cdr_pipeline/run_id=manual__2025-08-02T02:53:13.538457+00:00/task_id=load_to_redshift permission to 509
[2025-08-02T02:58:51.994+0000] {taskinstance.py:1956} INFO - Dependencies all met for dep_context=non-requeueable deps ti=<TaskInstance: cdr_pipeline.load_to_redshift manual__2025-08-02T02:53:13.538457+00:00 [queued]>
[2025-08-02T02:58:52.009+0000] {taskinstance.py:1956} INFO - Dependencies all met for dep_context=requeueable deps ti=<TaskInstance: cdr_pipeline.load_to_redshift manual__2025-08-02T02:53:13.538457+00:00 [queued]>
[2025-08-02T02:58:52.010+0000] {taskinstance.py:2170} INFO - Starting attempt 2 of 2
[2025-08-02T02:58:52.029+0000] {taskinstance.py:2191} INFO - Executing <Task(S3ToRedshiftOperator): load_to_redshift> on 2025-08-02 02:53:13.538457+00:00
[2025-08-02T02:58:52.041+0000] {standard_task_runner.py:60} INFO - Started process 2506 to run task
[2025-08-02T02:58:52.049+0000] {standard_task_runner.py:87} INFO - Running: ['***', 'tasks', 'run', 'cdr_pipeline', 'load_to_redshift', 'manual__2025-08-02T02:53:13.538457+00:00', '--job-id', '112', '--raw', '--subdir', 'DAGS_FOLDER/dag.py', '--cfg-path', '/tmp/tmpzk94sox5']
[2025-08-02T02:58:52.051+0000] {standard_task_runner.py:88} INFO - Job 112: Subtask load_to_redshift
[2025-08-02T02:58:52.126+0000] {logging_mixin.py:188} INFO - Changing /opt/***/logs/dag_id=cdr_pipeline/run_id=manual__2025-08-02T02:53:13.538457+00:00/task_id=load_to_redshift permission to 509
[2025-08-02T02:58:52.140+0000] {task_command.py:423} INFO - Running <TaskInstance: cdr_pipeline.load_to_redshift manual__2025-08-02T02:53:13.538457+00:00 [running]> on host f2527419f673
[2025-08-02T02:58:52.295+0000] {taskinstance.py:2480} INFO - Exporting env vars: AIRFLOW_CTX_DAG_OWNER='***' AIRFLOW_CTX_DAG_ID='cdr_pipeline' AIRFLOW_CTX_TASK_ID='load_to_redshift' AIRFLOW_CTX_EXECUTION_DATE='2025-08-02T02:53:13.538457+00:00' AIRFLOW_CTX_TRY_NUMBER='2' AIRFLOW_CTX_DAG_RUN_ID='manual__2025-08-02T02:53:13.538457+00:00'
[2025-08-02T02:58:52.311+0000] {base.py:83} INFO - Using connection ID 'aws_default' for task execution.
[2025-08-02T02:58:52.325+0000] {base.py:83} INFO - Using connection ID 'aws_default' for task execution.
[2025-08-02T02:58:52.326+0000] {connection_wrapper.py:378} INFO - AWS Connection (conn_id='aws_default', conn_type='aws') credentials retrieved from login and password.
[2025-08-02T02:58:52.343+0000] {s3_to_redshift.py:192} INFO - Executing COPY command...
[2025-08-02T02:58:52.354+0000] {base.py:83} INFO - Using connection ID 'redshift_default' for task execution.
[2025-08-02T02:58:52.355+0000] {connection_wrapper.py:378} INFO - AWS Connection (conn_id='redshift_default', conn_type='aws') credentials retrieved from login and password.
[2025-08-02T02:58:52.356+0000] {warnings.py:109} WARNING - <string>:9: AirflowProviderDeprecationWarning: Host tf-redshift-cluster.ci896s3qzt6h.eu-west-1.redshift.amazonaws.com:5439/dev_db specified in the connection is not used. Please, set it on extra['endpoint_url'] instead

[2025-08-02T02:58:54.745+0000] {redshift_data.py:113} INFO - Polling statement 889625cd-1a87-4f6d-b574-fdf5e2c8a64d
[2025-08-02T02:58:54.932+0000] {redshift_data.py:129} INFO - Query STARTED
[2025-08-02T02:59:04.940+0000] {redshift_data.py:113} INFO - Polling statement 889625cd-1a87-4f6d-b574-fdf5e2c8a64d
[2025-08-02T02:59:05.151+0000] {taskinstance.py:2698} ERROR - Task failed with exception
Traceback (most recent call last):
  File "/home/airflow/.local/lib/python3.8/site-packages/airflow/models/taskinstance.py", line 433, in _execute_task
    result = execute_callable(context=context, **execute_callable_kwargs)
  File "/home/airflow/.local/lib/python3.8/site-packages/airflow/providers/amazon/aws/transfers/s3_to_redshift.py", line 194, in execute
    redshift_hook.execute_query(sql=sql, **self.redshift_data_api_kwargs)
  File "/home/airflow/.local/lib/python3.8/site-packages/airflow/providers/amazon/aws/hooks/redshift_data.py", line 107, in execute_query
    self.wait_for_results(statement_id, poll_interval=poll_interval)
  File "/home/airflow/.local/lib/python3.8/site-packages/airflow/providers/amazon/aws/hooks/redshift_data.py", line 124, in wait_for_results
    raise ValueError(
ValueError: Statement '889625cd-1a87-4f6d-b574-fdf5e2c8a64d' terminated with status FAILED. Response details: {'ClusterIdentifier': 'tf-redshift-cluster',
 'CreatedAt': datetime.datetime(2025, 8, 2, 2, 58, 54, 505000, tzinfo=tzlocal()),
 'Database': 'dev_db',
 'DbUser': 'masterdb',
 'Duration': -1,
 'Error': 'ERROR: Spectrum Scan Error\n'
          '  Detail: \n'
          '  -----------------------------------------------\n'
          '  error:  Spectrum Scan Error\n'
          '  code:      15007\n'
          '  context:   File '
          "'https://s3.eu-west-1.amazonaws.com/cdr-faker-data-dfad0cb7/cdr_2025-08-02.parquet/3bb9bc59257844b3ad3bcb79e4a1a1d4.snappy.parquet' "
          'has an incompatible Parquet schema for column '
          "'s3://cdr-faker-data-dfad0cb7/cdr_2025-08-02.parquet.call_start'. "
          'Column \n'
          '  query:     208670\n'
          '  location:  dory_util.cpp:1776\n'
          '  process:   worker_thread [pid=20005]\n'
          '  -----------------------------------------------\n',
 'HasResultSet': False,
 'Id': '889625cd-1a87-4f6d-b574-fdf5e2c8a64d',
 'QueryString': '\n'
                '                    COPY public.cdr_records \n'
                '                    FROM '
                "'s3://cdr-faker-data-dfad0cb7/cdr_2025-08-02.parquet'\n"
                '                    credentials\n'
                "                    ''\n"
                '                    \n'
                '                    FORMAT AS PARQUET;\n'
                '        ',
 'RedshiftPid': 1073856657,
 'RedshiftQueryId': 208671,
 'ResponseMetadata': {'HTTPHeaders': {'content-length': '1183',
                                      'content-type': 'application/x-amz-json-1.1',
                                      'date': 'Sat, 02 Aug 2025 02:59:05 GMT',
                                      'x-amzn-requestid': 'c725e276-bb90-40d5-8ce5-11d4af1fc727'},
                      'HTTPStatusCode': 200,
                      'RequestId': 'c725e276-bb90-40d5-8ce5-11d4af1fc727',
                      'RetryAttempts': 0},
 'ResultRows': -1,
 'ResultSize': -1,
 'Status': 'FAILED',
 'UpdatedAt': datetime.datetime(2025, 8, 2, 2, 58, 55, 422000, tzinfo=tzlocal())}
[2025-08-02T02:59:05.180+0000] {taskinstance.py:1138} INFO - Marking task as FAILED. dag_id=cdr_pipeline, task_id=load_to_redshift, execution_date=20250802T025313, start_date=20250802T025851, end_date=20250802T025905
[2025-08-02T02:59:05.215+0000] {standard_task_runner.py:107} ERROR - Failed to execute job 112 for task load_to_redshift (Statement '889625cd-1a87-4f6d-b574-fdf5e2c8a64d' terminated with status FAILED. Response details: {'ClusterIdentifier': 'tf-redshift-cluster',
 'CreatedAt': datetime.datetime(2025, 8, 2, 2, 58, 54, 505000, tzinfo=tzlocal()),
 'Database': 'dev_db',
 'DbUser': 'masterdb',
 'Duration': -1,
 'Error': 'ERROR: Spectrum Scan Error\n'
          '  Detail: \n'
          '  -----------------------------------------------\n'
          '  error:  Spectrum Scan Error\n'
          '  code:      15007\n'
          '  context:   File '
          "'https://s3.eu-west-1.amazonaws.com/cdr-faker-data-dfad0cb7/cdr_2025-08-02.parquet/3bb9bc59257844b3ad3bcb79e4a1a1d4.snappy.parquet' "
          'has an incompatible Parquet schema for column '
          "'s3://cdr-faker-data-dfad0cb7/cdr_2025-08-02.parquet.call_start'. "
          'Column \n'
          '  query:     208670\n'
          '  location:  dory_util.cpp:1776\n'
          '  process:   worker_thread [pid=20005]\n'
          '  -----------------------------------------------\n',
 'HasResultSet': False,
 'Id': '889625cd-1a87-4f6d-b574-fdf5e2c8a64d',
 'QueryString': '\n'
                '                    COPY public.cdr_records \n'
                '                    FROM '
                "'s3://cdr-faker-data-dfad0cb7/cdr_2025-08-02.parquet'\n"
                '                    credentials\n'
                "                    ''\n"
                '                    \n'
                '                    FORMAT AS PARQUET;\n'
                '        ',
 'RedshiftPid': 1073856657,
 'RedshiftQueryId': 208671,
 'ResponseMetadata': {'HTTPHeaders': {'content-length': '1183',
                                      'content-type': 'application/x-amz-json-1.1',
                                      'date': 'Sat, 02 Aug 2025 02:59:05 GMT',
                                      'x-amzn-requestid': 'c725e276-bb90-40d5-8ce5-11d4af1fc727'},
                      'HTTPStatusCode': 200,
                      'RequestId': 'c725e276-bb90-40d5-8ce5-11d4af1fc727',
                      'RetryAttempts': 0},
 'ResultRows': -1,
 'ResultSize': -1,
 'Status': 'FAILED',
 'UpdatedAt': datetime.datetime(2025, 8, 2, 2, 58, 55, 422000, tzinfo=tzlocal())}; 2506)
[2025-08-02T02:59:05.265+0000] {local_task_job_runner.py:234} INFO - Task exited with return code 1
[2025-08-02T02:59:05.292+0000] {taskinstance.py:3280} INFO - 0 downstream tasks scheduled from follow-on schedule check
