[2025-08-01T12:51:42.816+0000] {logging_mixin.py:188} INFO - Changing /opt/***/logs/dag_id=cdr_pipeline/run_id=manual__2025-08-01T12:46:06.202062+00:00/task_id=load_to_redshift permission to 509
[2025-08-01T12:51:42.916+0000] {logging_mixin.py:188} INFO - Changing /opt/***/logs/dag_id=cdr_pipeline/run_id=manual__2025-08-01T12:46:06.202062+00:00/task_id=load_to_redshift permission to 509
[2025-08-01T12:51:42.998+0000] {taskinstance.py:1956} INFO - Dependencies all met for dep_context=non-requeueable deps ti=<TaskInstance: cdr_pipeline.load_to_redshift manual__2025-08-01T12:46:06.202062+00:00 [queued]>
[2025-08-01T12:51:43.025+0000] {taskinstance.py:1956} INFO - Dependencies all met for dep_context=requeueable deps ti=<TaskInstance: cdr_pipeline.load_to_redshift manual__2025-08-01T12:46:06.202062+00:00 [queued]>
[2025-08-01T12:51:43.026+0000] {taskinstance.py:2170} INFO - Starting attempt 2 of 2
[2025-08-01T12:51:43.075+0000] {taskinstance.py:2191} INFO - Executing <Task(S3ToRedshiftOperator): load_to_redshift> on 2025-08-01 12:46:06.202062+00:00
[2025-08-01T12:51:43.090+0000] {standard_task_runner.py:60} INFO - Started process 255 to run task
[2025-08-01T12:51:43.104+0000] {standard_task_runner.py:87} INFO - Running: ['***', 'tasks', 'run', 'cdr_pipeline', 'load_to_redshift', 'manual__2025-08-01T12:46:06.202062+00:00', '--job-id', '122', '--raw', '--subdir', 'DAGS_FOLDER/dag.py', '--cfg-path', '/tmp/tmpoj40o0iu']
[2025-08-01T12:51:43.109+0000] {standard_task_runner.py:88} INFO - Job 122: Subtask load_to_redshift
[2025-08-01T12:51:43.282+0000] {logging_mixin.py:188} INFO - Changing /opt/***/logs/dag_id=cdr_pipeline/run_id=manual__2025-08-01T12:46:06.202062+00:00/task_id=load_to_redshift permission to 509
[2025-08-01T12:51:43.378+0000] {task_command.py:423} INFO - Running <TaskInstance: cdr_pipeline.load_to_redshift manual__2025-08-01T12:46:06.202062+00:00 [running]> on host 481a36bbdf5a
[2025-08-01T12:51:43.750+0000] {taskinstance.py:2480} INFO - Exporting env vars: AIRFLOW_CTX_DAG_OWNER='***' AIRFLOW_CTX_DAG_ID='cdr_pipeline' AIRFLOW_CTX_TASK_ID='load_to_redshift' AIRFLOW_CTX_EXECUTION_DATE='2025-08-01T12:46:06.202062+00:00' AIRFLOW_CTX_TRY_NUMBER='2' AIRFLOW_CTX_DAG_RUN_ID='manual__2025-08-01T12:46:06.202062+00:00'
[2025-08-01T12:51:43.792+0000] {taskinstance.py:2698} ERROR - Task failed with exception
Traceback (most recent call last):
  File "/home/airflow/.local/lib/python3.8/site-packages/airflow/models/taskinstance.py", line 433, in _execute_task
    result = execute_callable(context=context, **execute_callable_kwargs)
  File "/home/airflow/.local/lib/python3.8/site-packages/airflow/providers/amazon/aws/transfers/s3_to_redshift.py", line 144, in execute
    conn = S3Hook.get_connection(conn_id=self.aws_conn_id)
  File "/home/airflow/.local/lib/python3.8/site-packages/airflow/hooks/base.py", line 82, in get_connection
    conn = Connection.get_connection_from_secrets(conn_id)
  File "/home/airflow/.local/lib/python3.8/site-packages/airflow/models/connection.py", line 479, in get_connection_from_secrets
    raise AirflowNotFoundException(f"The conn_id `{conn_id}` isn't defined")
airflow.exceptions.AirflowNotFoundException: The conn_id `aws_default` isn't defined
[2025-08-01T12:51:43.799+0000] {taskinstance.py:1138} INFO - Marking task as FAILED. dag_id=cdr_pipeline, task_id=load_to_redshift, execution_date=20250801T124606, start_date=20250801T125143, end_date=20250801T125143
[2025-08-01T12:51:43.839+0000] {standard_task_runner.py:107} ERROR - Failed to execute job 122 for task load_to_redshift (The conn_id `aws_default` isn't defined; 255)
[2025-08-01T12:51:43.872+0000] {local_task_job_runner.py:234} INFO - Task exited with return code 1
[2025-08-01T12:51:43.924+0000] {taskinstance.py:3280} INFO - 0 downstream tasks scheduled from follow-on schedule check
