[2025-08-02T05:10:22.567+0000] {logging_mixin.py:188} INFO - Changing /opt/***/logs/dag_id=cdr_pipeline/run_id=manual__2025-08-02T04:05:53.026388+00:00/task_id=load_to_redshift permission to 509
[2025-08-02T05:10:22.642+0000] {logging_mixin.py:188} INFO - Changing /opt/***/logs/dag_id=cdr_pipeline/run_id=manual__2025-08-02T04:05:53.026388+00:00/task_id=load_to_redshift permission to 509
[2025-08-02T05:10:22.710+0000] {taskinstance.py:1956} INFO - Dependencies all met for dep_context=non-requeueable deps ti=<TaskInstance: cdr_pipeline.load_to_redshift manual__2025-08-02T04:05:53.026388+00:00 [queued]>
[2025-08-02T05:10:22.732+0000] {taskinstance.py:1956} INFO - Dependencies all met for dep_context=requeueable deps ti=<TaskInstance: cdr_pipeline.load_to_redshift manual__2025-08-02T04:05:53.026388+00:00 [queued]>
[2025-08-02T05:10:22.733+0000] {taskinstance.py:2170} INFO - Starting attempt 10 of 10
[2025-08-02T05:10:22.803+0000] {taskinstance.py:2191} INFO - Executing <Task(S3ToRedshiftOperator): load_to_redshift> on 2025-08-02 04:05:53.026388+00:00
[2025-08-02T05:10:22.816+0000] {standard_task_runner.py:60} INFO - Started process 4367 to run task
[2025-08-02T05:10:22.825+0000] {standard_task_runner.py:87} INFO - Running: ['***', 'tasks', 'run', 'cdr_pipeline', 'load_to_redshift', 'manual__2025-08-02T04:05:53.026388+00:00', '--job-id', '154', '--raw', '--subdir', 'DAGS_FOLDER/dag.py', '--cfg-path', '/tmp/tmpbrbeih7e']
[2025-08-02T05:10:22.827+0000] {standard_task_runner.py:88} INFO - Job 154: Subtask load_to_redshift
[2025-08-02T05:10:22.948+0000] {logging_mixin.py:188} INFO - Changing /opt/***/logs/dag_id=cdr_pipeline/run_id=manual__2025-08-02T04:05:53.026388+00:00/task_id=load_to_redshift permission to 509
[2025-08-02T05:10:22.976+0000] {task_command.py:423} INFO - Running <TaskInstance: cdr_pipeline.load_to_redshift manual__2025-08-02T04:05:53.026388+00:00 [running]> on host f2527419f673
[2025-08-02T05:10:23.266+0000] {taskinstance.py:2480} INFO - Exporting env vars: AIRFLOW_CTX_DAG_OWNER='***' AIRFLOW_CTX_DAG_ID='cdr_pipeline' AIRFLOW_CTX_TASK_ID='load_to_redshift' AIRFLOW_CTX_EXECUTION_DATE='2025-08-02T04:05:53.026388+00:00' AIRFLOW_CTX_TRY_NUMBER='10' AIRFLOW_CTX_DAG_RUN_ID='manual__2025-08-02T04:05:53.026388+00:00'
[2025-08-02T05:10:23.320+0000] {base.py:83} INFO - Using connection ID 'aws_default' for task execution.
[2025-08-02T05:10:23.373+0000] {base.py:83} INFO - Using connection ID 'aws_default' for task execution.
[2025-08-02T05:10:23.384+0000] {connection_wrapper.py:378} INFO - AWS Connection (conn_id='aws_default', conn_type='aws') credentials retrieved from login and password.
[2025-08-02T05:10:23.426+0000] {s3_to_redshift.py:192} INFO - Executing COPY command...
[2025-08-02T05:10:23.439+0000] {base.py:83} INFO - Using connection ID 'redshift_default' for task execution.
[2025-08-02T05:10:23.445+0000] {connection_wrapper.py:378} INFO - AWS Connection (conn_id='redshift_default', conn_type='aws') credentials retrieved from login and password.
[2025-08-02T05:10:23.447+0000] {warnings.py:109} WARNING - <string>:9: AirflowProviderDeprecationWarning: Host tf-redshift-cluster.ci896s3qzt6h.eu-west-1.redshift.amazonaws.com:5439/dev_db specified in the connection is not used. Please, set it on extra['endpoint_url'] instead

[2025-08-02T05:10:55.320+0000] {redshift_data.py:113} INFO - Polling statement db64e692-c5dd-4a27-a038-2654e49fe79f
[2025-08-02T05:10:55.529+0000] {redshift_data.py:129} INFO - Query STARTED
[2025-08-02T05:11:05.538+0000] {redshift_data.py:113} INFO - Polling statement db64e692-c5dd-4a27-a038-2654e49fe79f
