[2025-08-02T17:56:15.953+0000] {logging_mixin.py:188} INFO - Changing /opt/***/logs/dag_id=cdr_pipeline/run_id=manual__2025-08-02T04:05:53.026388+00:00/task_id=load_to_redshift permission to 509
[2025-08-02T17:56:16.177+0000] {logging_mixin.py:188} INFO - Changing /opt/***/logs/dag_id=cdr_pipeline/run_id=manual__2025-08-02T04:05:53.026388+00:00/task_id=load_to_redshift permission to 509
[2025-08-02T17:56:16.356+0000] {taskinstance.py:1956} INFO - Dependencies all met for dep_context=non-requeueable deps ti=<TaskInstance: cdr_pipeline.load_to_redshift manual__2025-08-02T04:05:53.026388+00:00 [queued]>
[2025-08-02T17:56:16.422+0000] {taskinstance.py:1956} INFO - Dependencies all met for dep_context=requeueable deps ti=<TaskInstance: cdr_pipeline.load_to_redshift manual__2025-08-02T04:05:53.026388+00:00 [queued]>
[2025-08-02T17:56:16.424+0000] {taskinstance.py:2170} INFO - Starting attempt 11 of 12
[2025-08-02T17:56:16.506+0000] {taskinstance.py:2191} INFO - Executing <Task(S3ToRedshiftOperator): load_to_redshift> on 2025-08-02 04:05:53.026388+00:00
[2025-08-02T17:56:16.534+0000] {standard_task_runner.py:60} INFO - Started process 112 to run task
[2025-08-02T17:56:16.557+0000] {standard_task_runner.py:87} INFO - Running: ['***', 'tasks', 'run', 'cdr_pipeline', 'load_to_redshift', 'manual__2025-08-02T04:05:53.026388+00:00', '--job-id', '166', '--raw', '--subdir', 'DAGS_FOLDER/dag.py', '--cfg-path', '/tmp/tmpwaubau0j']
[2025-08-02T17:56:16.561+0000] {standard_task_runner.py:88} INFO - Job 166: Subtask load_to_redshift
[2025-08-02T17:56:16.874+0000] {logging_mixin.py:188} INFO - Changing /opt/***/logs/dag_id=cdr_pipeline/run_id=manual__2025-08-02T04:05:53.026388+00:00/task_id=load_to_redshift permission to 509
[2025-08-02T17:56:16.921+0000] {task_command.py:423} INFO - Running <TaskInstance: cdr_pipeline.load_to_redshift manual__2025-08-02T04:05:53.026388+00:00 [running]> on host 2f861e5e7e42
[2025-08-02T17:56:17.753+0000] {taskinstance.py:2480} INFO - Exporting env vars: AIRFLOW_CTX_DAG_OWNER='***' AIRFLOW_CTX_DAG_ID='cdr_pipeline' AIRFLOW_CTX_TASK_ID='load_to_redshift' AIRFLOW_CTX_EXECUTION_DATE='2025-08-02T04:05:53.026388+00:00' AIRFLOW_CTX_TRY_NUMBER='11' AIRFLOW_CTX_DAG_RUN_ID='manual__2025-08-02T04:05:53.026388+00:00'
[2025-08-02T17:56:17.814+0000] {base.py:83} INFO - Using connection ID 'aws_default' for task execution.
[2025-08-02T17:56:17.874+0000] {base.py:83} INFO - Using connection ID 'aws_default' for task execution.
[2025-08-02T17:56:17.885+0000] {connection_wrapper.py:378} INFO - AWS Connection (conn_id='aws_default', conn_type='aws') credentials retrieved from login and password.
[2025-08-02T17:56:17.993+0000] {s3_to_redshift.py:192} INFO - Executing COPY command...
[2025-08-02T17:56:18.022+0000] {base.py:83} INFO - Using connection ID 'redshift_default' for task execution.
[2025-08-02T17:56:18.029+0000] {connection_wrapper.py:378} INFO - AWS Connection (conn_id='redshift_default', conn_type='aws') credentials retrieved from login and password.
[2025-08-02T17:56:18.031+0000] {warnings.py:109} WARNING - <string>:9: AirflowProviderDeprecationWarning: Host tf-redshift-cluster.ci896s3qzt6h.eu-west-1.redshift.amazonaws.com:5439/dev_db specified in the connection is not used. Please, set it on extra['endpoint_url'] instead

[2025-08-02T17:56:21.368+0000] {redshift_data.py:113} INFO - Polling statement a793de5f-eff6-43bc-a012-dd0bbd4995b4
[2025-08-02T17:56:21.574+0000] {redshift_data.py:129} INFO - Query STARTED
[2025-08-02T17:56:31.589+0000] {redshift_data.py:113} INFO - Polling statement a793de5f-eff6-43bc-a012-dd0bbd4995b4
[2025-08-02T17:56:31.910+0000] {taskinstance.py:2698} ERROR - Task failed with exception
Traceback (most recent call last):
  File "/home/airflow/.local/lib/python3.8/site-packages/airflow/models/taskinstance.py", line 433, in _execute_task
    result = execute_callable(context=context, **execute_callable_kwargs)
  File "/home/airflow/.local/lib/python3.8/site-packages/airflow/providers/amazon/aws/transfers/s3_to_redshift.py", line 194, in execute
    redshift_hook.execute_query(sql=sql, **self.redshift_data_api_kwargs)
  File "/home/airflow/.local/lib/python3.8/site-packages/airflow/providers/amazon/aws/hooks/redshift_data.py", line 107, in execute_query
    self.wait_for_results(statement_id, poll_interval=poll_interval)
  File "/home/airflow/.local/lib/python3.8/site-packages/airflow/providers/amazon/aws/hooks/redshift_data.py", line 124, in wait_for_results
    raise ValueError(
ValueError: Statement 'a793de5f-eff6-43bc-a012-dd0bbd4995b4' terminated with status FAILED. Response details: {'ClusterIdentifier': 'tf-redshift-cluster',
 'CreatedAt': datetime.datetime(2025, 8, 2, 17, 56, 21, 136000, tzinfo=tzlocal()),
 'Database': 'dev_db',
 'DbUser': 'masterdb',
 'Duration': -1,
 'Error': 'ERROR: Cannot COPY into nonexistent table cdr_records',
 'HasResultSet': False,
 'Id': 'a793de5f-eff6-43bc-a012-dd0bbd4995b4',
 'QueryString': '\n'
                '                    COPY public.cdr_records \n'
                '                    FROM '
                "'s3://cdr-faker-data-dfad0cb7/cdr_2025-08-02.parquet/'\n"
                '                    credentials\n'
                "                    ''\n"
                '                    \n'
                '                    FORMAT AS PARQUET;\n'
                '        ',
 'RedshiftPid': 1073856950,
 'RedshiftQueryId': -1,
 'ResponseMetadata': {'HTTPHeaders': {'content-length': '675',
                                      'content-type': 'application/x-amz-json-1.1',
                                      'date': 'Sat, 02 Aug 2025 17:56:31 GMT',
                                      'x-amzn-requestid': 'c25b103b-b924-4f37-ad50-c9a1a0a42cf8'},
                      'HTTPStatusCode': 200,
                      'RequestId': 'c25b103b-b924-4f37-ad50-c9a1a0a42cf8',
                      'RetryAttempts': 0},
 'ResultRows': -1,
 'ResultSize': -1,
 'Status': 'FAILED',
 'UpdatedAt': datetime.datetime(2025, 8, 2, 17, 56, 21, 598000, tzinfo=tzlocal())}
[2025-08-02T17:56:31.951+0000] {taskinstance.py:1138} INFO - Marking task as UP_FOR_RETRY. dag_id=cdr_pipeline, task_id=load_to_redshift, execution_date=20250802T040553, start_date=20250802T175616, end_date=20250802T175631
[2025-08-02T17:56:32.021+0000] {standard_task_runner.py:107} ERROR - Failed to execute job 166 for task load_to_redshift (Statement 'a793de5f-eff6-43bc-a012-dd0bbd4995b4' terminated with status FAILED. Response details: {'ClusterIdentifier': 'tf-redshift-cluster',
 'CreatedAt': datetime.datetime(2025, 8, 2, 17, 56, 21, 136000, tzinfo=tzlocal()),
 'Database': 'dev_db',
 'DbUser': 'masterdb',
 'Duration': -1,
 'Error': 'ERROR: Cannot COPY into nonexistent table cdr_records',
 'HasResultSet': False,
 'Id': 'a793de5f-eff6-43bc-a012-dd0bbd4995b4',
 'QueryString': '\n'
                '                    COPY public.cdr_records \n'
                '                    FROM '
                "'s3://cdr-faker-data-dfad0cb7/cdr_2025-08-02.parquet/'\n"
                '                    credentials\n'
                "                    ''\n"
                '                    \n'
                '                    FORMAT AS PARQUET;\n'
                '        ',
 'RedshiftPid': 1073856950,
 'RedshiftQueryId': -1,
 'ResponseMetadata': {'HTTPHeaders': {'content-length': '675',
                                      'content-type': 'application/x-amz-json-1.1',
                                      'date': 'Sat, 02 Aug 2025 17:56:31 GMT',
                                      'x-amzn-requestid': 'c25b103b-b924-4f37-ad50-c9a1a0a42cf8'},
                      'HTTPStatusCode': 200,
                      'RequestId': 'c25b103b-b924-4f37-ad50-c9a1a0a42cf8',
                      'RetryAttempts': 0},
 'ResultRows': -1,
 'ResultSize': -1,
 'Status': 'FAILED',
 'UpdatedAt': datetime.datetime(2025, 8, 2, 17, 56, 21, 598000, tzinfo=tzlocal())}; 112)
[2025-08-02T17:56:32.212+0000] {local_task_job_runner.py:234} INFO - Task exited with return code 1
[2025-08-02T17:56:32.304+0000] {taskinstance.py:3280} INFO - 0 downstream tasks scheduled from follow-on schedule check
