[2025-08-02T18:47:23.112+0000] {logging_mixin.py:188} INFO - Changing /opt/***/logs/dag_id=cdr_pipeline/run_id=manual__2025-08-02T04:05:53.026388+00:00/task_id=load_to_redshift permission to 509
[2025-08-02T18:47:23.227+0000] {logging_mixin.py:188} INFO - Changing /opt/***/logs/dag_id=cdr_pipeline/run_id=manual__2025-08-02T04:05:53.026388+00:00/task_id=load_to_redshift permission to 509
[2025-08-02T18:47:23.280+0000] {taskinstance.py:1956} INFO - Dependencies all met for dep_context=non-requeueable deps ti=<TaskInstance: cdr_pipeline.load_to_redshift manual__2025-08-02T04:05:53.026388+00:00 [queued]>
[2025-08-02T18:47:23.297+0000] {taskinstance.py:1956} INFO - Dependencies all met for dep_context=requeueable deps ti=<TaskInstance: cdr_pipeline.load_to_redshift manual__2025-08-02T04:05:53.026388+00:00 [queued]>
[2025-08-02T18:47:23.298+0000] {taskinstance.py:2170} INFO - Starting attempt 22 of 23
[2025-08-02T18:47:23.323+0000] {taskinstance.py:2191} INFO - Executing <Task(S3ToRedshiftOperator): load_to_redshift> on 2025-08-02 04:05:53.026388+00:00
[2025-08-02T18:47:23.333+0000] {standard_task_runner.py:60} INFO - Started process 856 to run task
[2025-08-02T18:47:23.341+0000] {standard_task_runner.py:87} INFO - Running: ['***', 'tasks', 'run', 'cdr_pipeline', 'load_to_redshift', 'manual__2025-08-02T04:05:53.026388+00:00', '--job-id', '186', '--raw', '--subdir', 'DAGS_FOLDER/dag.py', '--cfg-path', '/tmp/tmpvb2tzsxx']
[2025-08-02T18:47:23.343+0000] {standard_task_runner.py:88} INFO - Job 186: Subtask load_to_redshift
[2025-08-02T18:47:23.445+0000] {logging_mixin.py:188} INFO - Changing /opt/***/logs/dag_id=cdr_pipeline/run_id=manual__2025-08-02T04:05:53.026388+00:00/task_id=load_to_redshift permission to 509
[2025-08-02T18:47:23.461+0000] {task_command.py:423} INFO - Running <TaskInstance: cdr_pipeline.load_to_redshift manual__2025-08-02T04:05:53.026388+00:00 [running]> on host 2f861e5e7e42
[2025-08-02T18:47:23.657+0000] {taskinstance.py:2480} INFO - Exporting env vars: AIRFLOW_CTX_DAG_OWNER='***' AIRFLOW_CTX_DAG_ID='cdr_pipeline' AIRFLOW_CTX_TASK_ID='load_to_redshift' AIRFLOW_CTX_EXECUTION_DATE='2025-08-02T04:05:53.026388+00:00' AIRFLOW_CTX_TRY_NUMBER='22' AIRFLOW_CTX_DAG_RUN_ID='manual__2025-08-02T04:05:53.026388+00:00'
[2025-08-02T18:47:23.673+0000] {base.py:83} INFO - Using connection ID 'aws_default' for task execution.
[2025-08-02T18:47:23.684+0000] {base.py:83} INFO - Using connection ID 'aws_default' for task execution.
[2025-08-02T18:47:23.686+0000] {connection_wrapper.py:378} INFO - AWS Connection (conn_id='aws_default', conn_type='aws') credentials retrieved from login and password.
[2025-08-02T18:47:23.707+0000] {s3_to_redshift.py:192} INFO - Executing COPY command...
[2025-08-02T18:47:23.721+0000] {base.py:83} INFO - Using connection ID 'redshift_default' for task execution.
[2025-08-02T18:47:23.722+0000] {connection_wrapper.py:378} INFO - AWS Connection (conn_id='redshift_default', conn_type='aws') credentials retrieved from login and password.
[2025-08-02T18:47:23.723+0000] {warnings.py:109} WARNING - <string>:9: AirflowProviderDeprecationWarning: Host tf-redshift-cluster.ci896s3qzt6h.eu-west-1.redshift.amazonaws.com:5439/dev_db specified in the connection is not used. Please, set it on extra['endpoint_url'] instead

[2025-08-02T18:47:25.746+0000] {redshift_data.py:113} INFO - Polling statement 9fd1705d-4f21-4907-87a9-f819a589f8d8
[2025-08-02T18:47:25.946+0000] {redshift_data.py:129} INFO - Query STARTED
[2025-08-02T18:47:35.960+0000] {redshift_data.py:113} INFO - Polling statement 9fd1705d-4f21-4907-87a9-f819a589f8d8
[2025-08-02T18:47:36.242+0000] {redshift_data.py:129} INFO - Query STARTED
[2025-08-02T18:47:46.248+0000] {redshift_data.py:113} INFO - Polling statement 9fd1705d-4f21-4907-87a9-f819a589f8d8
[2025-08-02T18:47:46.422+0000] {redshift_data.py:121} INFO - Processed 0 rows
[2025-08-02T18:47:46.423+0000] {s3_to_redshift.py:197} INFO - COPY command complete...
[2025-08-02T18:47:46.453+0000] {taskinstance.py:1138} INFO - Marking task as SUCCESS. dag_id=cdr_pipeline, task_id=load_to_redshift, execution_date=20250802T040553, start_date=20250802T184723, end_date=20250802T184746
[2025-08-02T18:47:46.511+0000] {local_task_job_runner.py:234} INFO - Task exited with return code 0
[2025-08-02T18:47:46.531+0000] {taskinstance.py:3280} INFO - 0 downstream tasks scheduled from follow-on schedule check
