[2025-08-02T18:28:04.313+0000] {logging_mixin.py:188} INFO - Changing /opt/***/logs/dag_id=cdr_pipeline/run_id=manual__2025-08-02T04:05:53.026388+00:00/task_id=load_to_redshift permission to 509
[2025-08-02T18:28:04.406+0000] {logging_mixin.py:188} INFO - Changing /opt/***/logs/dag_id=cdr_pipeline/run_id=manual__2025-08-02T04:05:53.026388+00:00/task_id=load_to_redshift permission to 509
[2025-08-02T18:28:04.450+0000] {taskinstance.py:1956} INFO - Dependencies all met for dep_context=non-requeueable deps ti=<TaskInstance: cdr_pipeline.load_to_redshift manual__2025-08-02T04:05:53.026388+00:00 [queued]>
[2025-08-02T18:28:04.467+0000] {taskinstance.py:1956} INFO - Dependencies all met for dep_context=requeueable deps ti=<TaskInstance: cdr_pipeline.load_to_redshift manual__2025-08-02T04:05:53.026388+00:00 [queued]>
[2025-08-02T18:28:04.469+0000] {taskinstance.py:2170} INFO - Starting attempt 21 of 21
[2025-08-02T18:28:04.492+0000] {taskinstance.py:2191} INFO - Executing <Task(S3ToRedshiftOperator): load_to_redshift> on 2025-08-02 04:05:53.026388+00:00
[2025-08-02T18:28:04.503+0000] {standard_task_runner.py:60} INFO - Started process 602 to run task
[2025-08-02T18:28:04.515+0000] {standard_task_runner.py:87} INFO - Running: ['***', 'tasks', 'run', 'cdr_pipeline', 'load_to_redshift', 'manual__2025-08-02T04:05:53.026388+00:00', '--job-id', '185', '--raw', '--subdir', 'DAGS_FOLDER/dag.py', '--cfg-path', '/tmp/tmpwchyze2g']
[2025-08-02T18:28:04.517+0000] {standard_task_runner.py:88} INFO - Job 185: Subtask load_to_redshift
[2025-08-02T18:28:04.612+0000] {logging_mixin.py:188} INFO - Changing /opt/***/logs/dag_id=cdr_pipeline/run_id=manual__2025-08-02T04:05:53.026388+00:00/task_id=load_to_redshift permission to 509
[2025-08-02T18:28:04.627+0000] {task_command.py:423} INFO - Running <TaskInstance: cdr_pipeline.load_to_redshift manual__2025-08-02T04:05:53.026388+00:00 [running]> on host 2f861e5e7e42
[2025-08-02T18:28:04.773+0000] {taskinstance.py:2480} INFO - Exporting env vars: AIRFLOW_CTX_DAG_OWNER='***' AIRFLOW_CTX_DAG_ID='cdr_pipeline' AIRFLOW_CTX_TASK_ID='load_to_redshift' AIRFLOW_CTX_EXECUTION_DATE='2025-08-02T04:05:53.026388+00:00' AIRFLOW_CTX_TRY_NUMBER='21' AIRFLOW_CTX_DAG_RUN_ID='manual__2025-08-02T04:05:53.026388+00:00'
[2025-08-02T18:28:04.791+0000] {base.py:83} INFO - Using connection ID 'aws_default' for task execution.
[2025-08-02T18:28:04.803+0000] {base.py:83} INFO - Using connection ID 'aws_default' for task execution.
[2025-08-02T18:28:04.805+0000] {connection_wrapper.py:378} INFO - AWS Connection (conn_id='aws_default', conn_type='aws') credentials retrieved from login and password.
[2025-08-02T18:28:04.825+0000] {s3_to_redshift.py:192} INFO - Executing COPY command...
[2025-08-02T18:28:04.836+0000] {base.py:83} INFO - Using connection ID 'redshift_default' for task execution.
[2025-08-02T18:28:04.839+0000] {connection_wrapper.py:378} INFO - AWS Connection (conn_id='redshift_default', conn_type='aws') credentials retrieved from login and password.
[2025-08-02T18:28:04.840+0000] {warnings.py:109} WARNING - <string>:9: AirflowProviderDeprecationWarning: Host tf-redshift-cluster.ci896s3qzt6h.eu-west-1.redshift.amazonaws.com:5439/dev_db specified in the connection is not used. Please, set it on extra['endpoint_url'] instead

[2025-08-02T18:28:06.827+0000] {redshift_data.py:113} INFO - Polling statement db2bd4a8-16f4-4a38-b42a-f0421564952a
[2025-08-02T18:28:07.008+0000] {redshift_data.py:129} INFO - Query PICKED
[2025-08-02T18:28:17.016+0000] {redshift_data.py:113} INFO - Polling statement db2bd4a8-16f4-4a38-b42a-f0421564952a
[2025-08-02T18:28:17.267+0000] {taskinstance.py:2698} ERROR - Task failed with exception
Traceback (most recent call last):
  File "/home/airflow/.local/lib/python3.8/site-packages/airflow/models/taskinstance.py", line 433, in _execute_task
    result = execute_callable(context=context, **execute_callable_kwargs)
  File "/home/airflow/.local/lib/python3.8/site-packages/airflow/providers/amazon/aws/transfers/s3_to_redshift.py", line 194, in execute
    redshift_hook.execute_query(sql=sql, **self.redshift_data_api_kwargs)
  File "/home/airflow/.local/lib/python3.8/site-packages/airflow/providers/amazon/aws/hooks/redshift_data.py", line 107, in execute_query
    self.wait_for_results(statement_id, poll_interval=poll_interval)
  File "/home/airflow/.local/lib/python3.8/site-packages/airflow/providers/amazon/aws/hooks/redshift_data.py", line 124, in wait_for_results
    raise ValueError(
ValueError: Statement 'db2bd4a8-16f4-4a38-b42a-f0421564952a' terminated with status FAILED. Response details: {'ClusterIdentifier': 'tf-redshift-cluster',
 'CreatedAt': datetime.datetime(2025, 8, 2, 18, 29, 9, 348000, tzinfo=tzlocal()),
 'Database': 'dev_db',
 'DbUser': 'masterdb',
 'Duration': -1,
 'Error': 'ERROR: Spectrum Scan Error\n'
          '  Detail: \n'
          '  -----------------------------------------------\n'
          '  error:  Spectrum Scan Error\n'
          '  code:      15007\n'
          '  context:   File '
          "'https://s3.eu-west-1.amazonaws.com/cdr-faker-data-dfad0cb7/cdr_2025-08-02.parquet/fffe8836d5654693b3ba8d195b3367b0.snappy.parquet' "
          'has an incompatible Parquet schema for column '
          "'s3://cdr-faker-data-dfad0cb7/cdr_2025-08-02.parquet/.call_quality'. "
          'Colu\n'
          '  query:     3903\n'
          '  location:  dory_util.cpp:1776\n'
          '  process:   worker_thread [pid=14544]\n'
          '  -----------------------------------------------\n',
 'HasResultSet': False,
 'Id': 'db2bd4a8-16f4-4a38-b42a-f0421564952a',
 'QueryString': '\n'
                '                    COPY public.cdr_records \n'
                '                    FROM '
                "'s3://cdr-faker-data-dfad0cb7/cdr_2025-08-02.parquet/'\n"
                '                    credentials\n'
                "                    ''\n"
                '                    \n'
                '                    FORMAT AS PARQUET;\n'
                '        ',
 'RedshiftPid': 1073889416,
 'RedshiftQueryId': 3904,
 'ResponseMetadata': {'HTTPHeaders': {'content-length': '1180',
                                      'content-type': 'application/x-amz-json-1.1',
                                      'date': 'Sat, 02 Aug 2025 18:29:19 GMT',
                                      'x-amzn-requestid': '6ef2932d-1166-45cb-a04d-18d4929cfd8e'},
                      'HTTPStatusCode': 200,
                      'RequestId': '6ef2932d-1166-45cb-a04d-18d4929cfd8e',
                      'RetryAttempts': 0},
 'ResultRows': -1,
 'ResultSize': -1,
 'Status': 'FAILED',
 'UpdatedAt': datetime.datetime(2025, 8, 2, 18, 29, 10, 264000, tzinfo=tzlocal())}
[2025-08-02T18:28:17.303+0000] {taskinstance.py:1138} INFO - Marking task as FAILED. dag_id=cdr_pipeline, task_id=load_to_redshift, execution_date=20250802T040553, start_date=20250802T182804, end_date=20250802T182817
[2025-08-02T18:28:17.337+0000] {standard_task_runner.py:107} ERROR - Failed to execute job 185 for task load_to_redshift (Statement 'db2bd4a8-16f4-4a38-b42a-f0421564952a' terminated with status FAILED. Response details: {'ClusterIdentifier': 'tf-redshift-cluster',
 'CreatedAt': datetime.datetime(2025, 8, 2, 18, 29, 9, 348000, tzinfo=tzlocal()),
 'Database': 'dev_db',
 'DbUser': 'masterdb',
 'Duration': -1,
 'Error': 'ERROR: Spectrum Scan Error\n'
          '  Detail: \n'
          '  -----------------------------------------------\n'
          '  error:  Spectrum Scan Error\n'
          '  code:      15007\n'
          '  context:   File '
          "'https://s3.eu-west-1.amazonaws.com/cdr-faker-data-dfad0cb7/cdr_2025-08-02.parquet/fffe8836d5654693b3ba8d195b3367b0.snappy.parquet' "
          'has an incompatible Parquet schema for column '
          "'s3://cdr-faker-data-dfad0cb7/cdr_2025-08-02.parquet/.call_quality'. "
          'Colu\n'
          '  query:     3903\n'
          '  location:  dory_util.cpp:1776\n'
          '  process:   worker_thread [pid=14544]\n'
          '  -----------------------------------------------\n',
 'HasResultSet': False,
 'Id': 'db2bd4a8-16f4-4a38-b42a-f0421564952a',
 'QueryString': '\n'
                '                    COPY public.cdr_records \n'
                '                    FROM '
                "'s3://cdr-faker-data-dfad0cb7/cdr_2025-08-02.parquet/'\n"
                '                    credentials\n'
                "                    ''\n"
                '                    \n'
                '                    FORMAT AS PARQUET;\n'
                '        ',
 'RedshiftPid': 1073889416,
 'RedshiftQueryId': 3904,
 'ResponseMetadata': {'HTTPHeaders': {'content-length': '1180',
                                      'content-type': 'application/x-amz-json-1.1',
                                      'date': 'Sat, 02 Aug 2025 18:29:19 GMT',
                                      'x-amzn-requestid': '6ef2932d-1166-45cb-a04d-18d4929cfd8e'},
                      'HTTPStatusCode': 200,
                      'RequestId': '6ef2932d-1166-45cb-a04d-18d4929cfd8e',
                      'RetryAttempts': 0},
 'ResultRows': -1,
 'ResultSize': -1,
 'Status': 'FAILED',
 'UpdatedAt': datetime.datetime(2025, 8, 2, 18, 29, 10, 264000, tzinfo=tzlocal())}; 602)
[2025-08-02T18:28:17.389+0000] {local_task_job_runner.py:234} INFO - Task exited with return code 1
[2025-08-02T18:28:17.410+0000] {taskinstance.py:3280} INFO - 0 downstream tasks scheduled from follow-on schedule check
