[2025-08-02T03:20:49.836+0000] {logging_mixin.py:188} INFO - Changing /opt/***/logs/dag_id=cdr_pipeline/run_id=manual__2025-08-02T03:20:35.678777+00:00/task_id=load_to_redshift permission to 509
[2025-08-02T03:20:49.976+0000] {logging_mixin.py:188} INFO - Changing /opt/***/logs/dag_id=cdr_pipeline/run_id=manual__2025-08-02T03:20:35.678777+00:00/task_id=load_to_redshift permission to 509
[2025-08-02T03:20:50.071+0000] {taskinstance.py:1956} INFO - Dependencies all met for dep_context=non-requeueable deps ti=<TaskInstance: cdr_pipeline.load_to_redshift manual__2025-08-02T03:20:35.678777+00:00 [queued]>
[2025-08-02T03:20:50.096+0000] {taskinstance.py:1956} INFO - Dependencies all met for dep_context=requeueable deps ti=<TaskInstance: cdr_pipeline.load_to_redshift manual__2025-08-02T03:20:35.678777+00:00 [queued]>
[2025-08-02T03:20:50.097+0000] {taskinstance.py:2170} INFO - Starting attempt 1 of 2
[2025-08-02T03:20:50.129+0000] {taskinstance.py:2191} INFO - Executing <Task(S3ToRedshiftOperator): load_to_redshift> on 2025-08-02 03:20:35.678777+00:00
[2025-08-02T03:20:50.140+0000] {standard_task_runner.py:60} INFO - Started process 2828 to run task
[2025-08-02T03:20:50.148+0000] {standard_task_runner.py:87} INFO - Running: ['***', 'tasks', 'run', 'cdr_pipeline', 'load_to_redshift', 'manual__2025-08-02T03:20:35.678777+00:00', '--job-id', '123', '--raw', '--subdir', 'DAGS_FOLDER/dag.py', '--cfg-path', '/tmp/tmps2ed2cdc']
[2025-08-02T03:20:50.153+0000] {standard_task_runner.py:88} INFO - Job 123: Subtask load_to_redshift
[2025-08-02T03:20:50.268+0000] {logging_mixin.py:188} INFO - Changing /opt/***/logs/dag_id=cdr_pipeline/run_id=manual__2025-08-02T03:20:35.678777+00:00/task_id=load_to_redshift permission to 509
[2025-08-02T03:20:50.298+0000] {task_command.py:423} INFO - Running <TaskInstance: cdr_pipeline.load_to_redshift manual__2025-08-02T03:20:35.678777+00:00 [running]> on host f2527419f673
[2025-08-02T03:20:50.531+0000] {taskinstance.py:2480} INFO - Exporting env vars: AIRFLOW_CTX_DAG_OWNER='***' AIRFLOW_CTX_DAG_ID='cdr_pipeline' AIRFLOW_CTX_TASK_ID='load_to_redshift' AIRFLOW_CTX_EXECUTION_DATE='2025-08-02T03:20:35.678777+00:00' AIRFLOW_CTX_TRY_NUMBER='1' AIRFLOW_CTX_DAG_RUN_ID='manual__2025-08-02T03:20:35.678777+00:00'
[2025-08-02T03:20:50.556+0000] {base.py:83} INFO - Using connection ID 'aws_default' for task execution.
[2025-08-02T03:20:50.578+0000] {base.py:83} INFO - Using connection ID 'aws_default' for task execution.
[2025-08-02T03:20:50.583+0000] {connection_wrapper.py:378} INFO - AWS Connection (conn_id='aws_default', conn_type='aws') credentials retrieved from login and password.
[2025-08-02T03:20:50.627+0000] {s3_to_redshift.py:192} INFO - Executing COPY command...
[2025-08-02T03:20:50.643+0000] {base.py:83} INFO - Using connection ID 'redshift_default' for task execution.
[2025-08-02T03:20:50.645+0000] {connection_wrapper.py:378} INFO - AWS Connection (conn_id='redshift_default', conn_type='aws') credentials retrieved from login and password.
[2025-08-02T03:20:50.647+0000] {warnings.py:109} WARNING - <string>:9: AirflowProviderDeprecationWarning: Host tf-redshift-cluster.ci896s3qzt6h.eu-west-1.redshift.amazonaws.com:5439/dev_db specified in the connection is not used. Please, set it on extra['endpoint_url'] instead

[2025-08-02T03:20:53.722+0000] {redshift_data.py:113} INFO - Polling statement bad1ccbd-e665-48f9-b68d-7622270c8afc
[2025-08-02T03:20:53.919+0000] {redshift_data.py:129} INFO - Query STARTED
[2025-08-02T03:21:03.922+0000] {redshift_data.py:113} INFO - Polling statement bad1ccbd-e665-48f9-b68d-7622270c8afc
[2025-08-02T03:21:04.211+0000] {redshift_data.py:121} INFO - Processed 0 rows
[2025-08-02T03:21:04.213+0000] {s3_to_redshift.py:197} INFO - COPY command complete...
[2025-08-02T03:21:04.240+0000] {taskinstance.py:1138} INFO - Marking task as SUCCESS. dag_id=cdr_pipeline, task_id=load_to_redshift, execution_date=20250802T032035, start_date=20250802T032050, end_date=20250802T032104
[2025-08-02T03:21:04.325+0000] {local_task_job_runner.py:234} INFO - Task exited with return code 0
[2025-08-02T03:21:04.362+0000] {taskinstance.py:3280} INFO - 0 downstream tasks scheduled from follow-on schedule check
