[2025-08-04T14:53:59.943+0000] {logging_mixin.py:188} INFO - Changing /opt/***/logs/dag_id=cdr_pipeline/run_id=scheduled__2025-07-29T00:00:00+00:00/task_id=load_to_redshift permission to 509
[2025-08-04T14:54:00.184+0000] {logging_mixin.py:188} INFO - Changing /opt/***/logs/dag_id=cdr_pipeline/run_id=scheduled__2025-07-29T00:00:00+00:00/task_id=load_to_redshift permission to 509
[2025-08-04T14:54:00.627+0000] {taskinstance.py:1956} INFO - Dependencies all met for dep_context=non-requeueable deps ti=<TaskInstance: cdr_pipeline.load_to_redshift scheduled__2025-07-29T00:00:00+00:00 [queued]>
[2025-08-04T14:54:01.040+0000] {taskinstance.py:1956} INFO - Dependencies all met for dep_context=requeueable deps ti=<TaskInstance: cdr_pipeline.load_to_redshift scheduled__2025-07-29T00:00:00+00:00 [queued]>
[2025-08-04T14:54:01.134+0000] {taskinstance.py:2170} INFO - Starting attempt 2 of 2
[2025-08-04T14:54:01.362+0000] {taskinstance.py:2191} INFO - Executing <Task(S3ToRedshiftOperator): load_to_redshift> on 2025-07-29 00:00:00+00:00
[2025-08-04T14:54:01.389+0000] {standard_task_runner.py:60} INFO - Started process 863 to run task
[2025-08-04T14:54:01.485+0000] {standard_task_runner.py:87} INFO - Running: ['***', 'tasks', 'run', 'cdr_pipeline', 'load_to_redshift', 'scheduled__2025-07-29T00:00:00+00:00', '--job-id', '66', '--raw', '--subdir', 'DAGS_FOLDER/dag.py', '--cfg-path', '/tmp/tmpx34d4spy']
[2025-08-04T14:54:01.512+0000] {standard_task_runner.py:88} INFO - Job 66: Subtask load_to_redshift
[2025-08-04T14:54:02.133+0000] {logging_mixin.py:188} INFO - Changing /opt/***/logs/dag_id=cdr_pipeline/run_id=scheduled__2025-07-29T00:00:00+00:00/task_id=load_to_redshift permission to 509
[2025-08-04T14:54:02.235+0000] {task_command.py:423} INFO - Running <TaskInstance: cdr_pipeline.load_to_redshift scheduled__2025-07-29T00:00:00+00:00 [running]> on host 9edf237adf6e
[2025-08-04T14:54:03.369+0000] {taskinstance.py:2480} INFO - Exporting env vars: AIRFLOW_CTX_DAG_OWNER='***' AIRFLOW_CTX_DAG_ID='cdr_pipeline' AIRFLOW_CTX_TASK_ID='load_to_redshift' AIRFLOW_CTX_EXECUTION_DATE='2025-07-29T00:00:00+00:00' AIRFLOW_CTX_TRY_NUMBER='2' AIRFLOW_CTX_DAG_RUN_ID='scheduled__2025-07-29T00:00:00+00:00'
[2025-08-04T14:54:03.414+0000] {base.py:83} INFO - Using connection ID 'aws_default' for task execution.
[2025-08-04T14:54:03.453+0000] {base.py:83} INFO - Using connection ID 'aws_default' for task execution.
[2025-08-04T14:54:03.457+0000] {connection_wrapper.py:378} INFO - AWS Connection (conn_id='aws_default', conn_type='aws') credentials retrieved from login and password.
[2025-08-04T14:54:03.623+0000] {s3_to_redshift.py:192} INFO - Executing COPY command...
[2025-08-04T14:54:03.685+0000] {base.py:83} INFO - Using connection ID 'redshift_default' for task execution.
[2025-08-04T14:54:03.692+0000] {connection_wrapper.py:378} INFO - AWS Connection (conn_id='redshift_default', conn_type='aws') credentials retrieved from login and password.
[2025-08-04T14:54:13.441+0000] {taskinstance.py:2698} ERROR - Task failed with exception
Traceback (most recent call last):
  File "/home/airflow/.local/lib/python3.8/site-packages/airflow/models/taskinstance.py", line 433, in _execute_task
    result = execute_callable(context=context, **execute_callable_kwargs)
  File "/home/airflow/.local/lib/python3.8/site-packages/airflow/providers/amazon/aws/transfers/s3_to_redshift.py", line 194, in execute
    redshift_hook.execute_query(sql=sql, **self.redshift_data_api_kwargs)
  File "/home/airflow/.local/lib/python3.8/site-packages/airflow/providers/amazon/aws/hooks/redshift_data.py", line 99, in execute_query
    resp = self.conn.execute_statement(**trim_none_values(kwargs))
  File "/home/airflow/.local/lib/python3.8/site-packages/botocore/client.py", line 553, in _api_call
    return self._make_api_call(operation_name, kwargs)
  File "/home/airflow/.local/lib/python3.8/site-packages/botocore/client.py", line 1009, in _make_api_call
    raise error_class(parsed_response, operation_name)
botocore.errorfactory.ValidationException: An error occurred (ValidationException) when calling the ExecuteStatement operation: Redshift endpoint is not available.
[2025-08-04T14:54:13.494+0000] {taskinstance.py:1138} INFO - Marking task as FAILED. dag_id=cdr_pipeline, task_id=load_to_redshift, execution_date=20250729T000000, start_date=20250804T145400, end_date=20250804T145413
[2025-08-04T14:54:13.553+0000] {standard_task_runner.py:107} ERROR - Failed to execute job 66 for task load_to_redshift (An error occurred (ValidationException) when calling the ExecuteStatement operation: Redshift endpoint is not available.; 863)
[2025-08-04T14:54:13.763+0000] {local_task_job_runner.py:234} INFO - Task exited with return code 1
[2025-08-04T14:54:13.851+0000] {taskinstance.py:3280} INFO - 0 downstream tasks scheduled from follow-on schedule check
