[2025-08-01T16:07:31.946+0000] {logging_mixin.py:188} INFO - Changing /opt/***/logs/dag_id=cdr_pipeline/run_id=manual__2025-08-01T16:02:07.456154+00:00/task_id=load_to_redshift permission to 509
[2025-08-01T16:07:32.044+0000] {logging_mixin.py:188} INFO - Changing /opt/***/logs/dag_id=cdr_pipeline/run_id=manual__2025-08-01T16:02:07.456154+00:00/task_id=load_to_redshift permission to 509
[2025-08-01T16:07:32.164+0000] {taskinstance.py:1956} INFO - Dependencies all met for dep_context=non-requeueable deps ti=<TaskInstance: cdr_pipeline.load_to_redshift manual__2025-08-01T16:02:07.456154+00:00 [queued]>
[2025-08-01T16:07:32.205+0000] {taskinstance.py:1956} INFO - Dependencies all met for dep_context=requeueable deps ti=<TaskInstance: cdr_pipeline.load_to_redshift manual__2025-08-01T16:02:07.456154+00:00 [queued]>
[2025-08-01T16:07:32.206+0000] {taskinstance.py:2170} INFO - Starting attempt 2 of 2
[2025-08-01T16:07:32.252+0000] {taskinstance.py:2191} INFO - Executing <Task(S3ToRedshiftOperator): load_to_redshift> on 2025-08-01 16:02:07.456154+00:00
[2025-08-01T16:07:32.301+0000] {standard_task_runner.py:87} INFO - Running: ['***', 'tasks', 'run', 'cdr_pipeline', 'load_to_redshift', 'manual__2025-08-01T16:02:07.456154+00:00', '--job-id', '151', '--raw', '--subdir', 'DAGS_FOLDER/dag.py', '--cfg-path', '/tmp/tmpbd_u5474']
[2025-08-01T16:07:32.304+0000] {standard_task_runner.py:88} INFO - Job 151: Subtask load_to_redshift
[2025-08-01T16:07:32.273+0000] {standard_task_runner.py:60} INFO - Started process 687 to run task
[2025-08-01T16:07:32.572+0000] {logging_mixin.py:188} INFO - Changing /opt/***/logs/dag_id=cdr_pipeline/run_id=manual__2025-08-01T16:02:07.456154+00:00/task_id=load_to_redshift permission to 509
[2025-08-01T16:07:32.613+0000] {task_command.py:423} INFO - Running <TaskInstance: cdr_pipeline.load_to_redshift manual__2025-08-01T16:02:07.456154+00:00 [running]> on host 23724a8561d0
[2025-08-01T16:07:32.942+0000] {taskinstance.py:2480} INFO - Exporting env vars: AIRFLOW_CTX_DAG_OWNER='***' AIRFLOW_CTX_DAG_ID='cdr_pipeline' AIRFLOW_CTX_TASK_ID='load_to_redshift' AIRFLOW_CTX_EXECUTION_DATE='2025-08-01T16:02:07.456154+00:00' AIRFLOW_CTX_TRY_NUMBER='2' AIRFLOW_CTX_DAG_RUN_ID='manual__2025-08-01T16:02:07.456154+00:00'
[2025-08-01T16:07:32.973+0000] {base.py:83} INFO - Using connection ID 'aws_default' for task execution.
[2025-08-01T16:07:32.993+0000] {base.py:83} INFO - Using connection ID 'aws_default' for task execution.
[2025-08-01T16:07:32.995+0000] {connection_wrapper.py:378} INFO - AWS Connection (conn_id='aws_default', conn_type='aws') credentials retrieved from login and password.
[2025-08-01T16:07:33.042+0000] {s3_to_redshift.py:192} INFO - Executing COPY command...
[2025-08-01T16:07:33.062+0000] {base_aws.py:581} WARNING - Unable to find AWS Connection ID 'redshift_default', switching to empty.
[2025-08-01T16:07:33.064+0000] {base_aws.py:161} INFO - No connection ID provided. Fallback on boto3 credential strategy (region_name=None). See: https://boto3.amazonaws.com/v1/documentation/api/latest/guide/configuration.html
[2025-08-01T16:07:35.405+0000] {taskinstance.py:2698} ERROR - Task failed with exception
Traceback (most recent call last):
  File "/home/airflow/.local/lib/python3.8/site-packages/airflow/models/taskinstance.py", line 433, in _execute_task
    result = execute_callable(context=context, **execute_callable_kwargs)
  File "/home/airflow/.local/lib/python3.8/site-packages/airflow/providers/amazon/aws/transfers/s3_to_redshift.py", line 194, in execute
    redshift_hook.execute_query(sql=sql, **self.redshift_data_api_kwargs)
  File "/home/airflow/.local/lib/python3.8/site-packages/airflow/providers/amazon/aws/hooks/redshift_data.py", line 99, in execute_query
    resp = self.conn.execute_statement(**trim_none_values(kwargs))
  File "/usr/local/lib/python3.8/functools.py", line 967, in __get__
    val = self.func(instance)
  File "/home/airflow/.local/lib/python3.8/site-packages/airflow/providers/amazon/aws/hooks/base_aws.py", line 704, in conn
    return self.get_client_type(region_name=self.region_name)
  File "/home/airflow/.local/lib/python3.8/site-packages/airflow/providers/amazon/aws/hooks/base_aws.py", line 674, in get_client_type
    return session.client(
  File "/home/airflow/.local/lib/python3.8/site-packages/boto3/session.py", line 299, in client
    return self._session.create_client(
  File "/home/airflow/.local/lib/python3.8/site-packages/botocore/session.py", line 997, in create_client
    client = client_creator.create_client(
  File "/home/airflow/.local/lib/python3.8/site-packages/botocore/client.py", line 161, in create_client
    client_args = self._get_client_args(
  File "/home/airflow/.local/lib/python3.8/site-packages/botocore/client.py", line 508, in _get_client_args
    return args_creator.get_client_args(
  File "/home/airflow/.local/lib/python3.8/site-packages/botocore/args.py", line 100, in get_client_args
    final_args = self.compute_client_args(
  File "/home/airflow/.local/lib/python3.8/site-packages/botocore/args.py", line 219, in compute_client_args
    endpoint_config = self._compute_endpoint_config(
  File "/home/airflow/.local/lib/python3.8/site-packages/botocore/args.py", line 369, in _compute_endpoint_config
    return self._resolve_endpoint(**resolve_endpoint_kwargs)
  File "/home/airflow/.local/lib/python3.8/site-packages/botocore/args.py", line 474, in _resolve_endpoint
    return endpoint_bridge.resolve(
  File "/home/airflow/.local/lib/python3.8/site-packages/botocore/client.py", line 613, in resolve
    resolved = self.endpoint_resolver.construct_endpoint(
  File "/home/airflow/.local/lib/python3.8/site-packages/botocore/regions.py", line 229, in construct_endpoint
    result = self._endpoint_for_partition(
  File "/home/airflow/.local/lib/python3.8/site-packages/botocore/regions.py", line 277, in _endpoint_for_partition
    raise NoRegionError()
botocore.exceptions.NoRegionError: You must specify a region.
[2025-08-01T16:07:35.436+0000] {taskinstance.py:1138} INFO - Marking task as FAILED. dag_id=cdr_pipeline, task_id=load_to_redshift, execution_date=20250801T160207, start_date=20250801T160732, end_date=20250801T160735
[2025-08-01T16:07:35.485+0000] {standard_task_runner.py:107} ERROR - Failed to execute job 151 for task load_to_redshift (You must specify a region.; 687)
[2025-08-01T16:07:35.580+0000] {local_task_job_runner.py:234} INFO - Task exited with return code 1
[2025-08-01T16:07:35.643+0000] {taskinstance.py:3280} INFO - 0 downstream tasks scheduled from follow-on schedule check
