[2025-08-04T14:47:02.624+0000] {logging_mixin.py:188} INFO - Changing /opt/***/logs/dag_id=cdr_pipeline/run_id=scheduled__2025-07-31T00:00:00+00:00/task_id=load_to_s3 permission to 509
[2025-08-04T14:47:02.889+0000] {logging_mixin.py:188} INFO - Changing /opt/***/logs/dag_id=cdr_pipeline/run_id=scheduled__2025-07-31T00:00:00+00:00/task_id=load_to_s3 permission to 509
[2025-08-04T14:47:03.268+0000] {taskinstance.py:1956} INFO - Dependencies all met for dep_context=non-requeueable deps ti=<TaskInstance: cdr_pipeline.load_to_s3 scheduled__2025-07-31T00:00:00+00:00 [queued]>
[2025-08-04T14:47:03.317+0000] {taskinstance.py:1956} INFO - Dependencies all met for dep_context=requeueable deps ti=<TaskInstance: cdr_pipeline.load_to_s3 scheduled__2025-07-31T00:00:00+00:00 [queued]>
[2025-08-04T14:47:03.332+0000] {taskinstance.py:2170} INFO - Starting attempt 1 of 2
[2025-08-04T14:47:03.434+0000] {taskinstance.py:2191} INFO - Executing <Task(PythonOperator): load_to_s3> on 2025-07-31 00:00:00+00:00
[2025-08-04T14:47:03.535+0000] {standard_task_runner.py:60} INFO - Started process 649 to run task
[2025-08-04T14:47:03.574+0000] {standard_task_runner.py:87} INFO - Running: ['***', 'tasks', 'run', 'cdr_pipeline', 'load_to_s3', 'scheduled__2025-07-31T00:00:00+00:00', '--job-id', '24', '--raw', '--subdir', 'DAGS_FOLDER/dag.py', '--cfg-path', '/tmp/tmpwzprzpn1']
[2025-08-04T14:47:03.582+0000] {standard_task_runner.py:88} INFO - Job 24: Subtask load_to_s3
[2025-08-04T14:47:03.875+0000] {logging_mixin.py:188} INFO - Changing /opt/***/logs/dag_id=cdr_pipeline/run_id=scheduled__2025-07-31T00:00:00+00:00/task_id=load_to_s3 permission to 509
[2025-08-04T14:47:03.899+0000] {task_command.py:423} INFO - Running <TaskInstance: cdr_pipeline.load_to_s3 scheduled__2025-07-31T00:00:00+00:00 [running]> on host 9edf237adf6e
[2025-08-04T14:47:05.217+0000] {taskinstance.py:2480} INFO - Exporting env vars: AIRFLOW_CTX_DAG_OWNER='***' AIRFLOW_CTX_DAG_ID='cdr_pipeline' AIRFLOW_CTX_TASK_ID='load_to_s3' AIRFLOW_CTX_EXECUTION_DATE='2025-07-31T00:00:00+00:00' AIRFLOW_CTX_TRY_NUMBER='1' AIRFLOW_CTX_DAG_RUN_ID='scheduled__2025-07-31T00:00:00+00:00'
[2025-08-04T14:47:16.018+0000] {cdr.py:155} INFO - Uploaded 100 records to s3://cdr-faker-data-dfad0cb7/cdr_2025-08-04.parquet/
[2025-08-04T14:47:16.078+0000] {python.py:201} INFO - Done. Returned value was: None
[2025-08-04T14:47:16.268+0000] {taskinstance.py:1138} INFO - Marking task as SUCCESS. dag_id=cdr_pipeline, task_id=load_to_s3, execution_date=20250731T000000, start_date=20250804T144703, end_date=20250804T144716
[2025-08-04T14:47:16.748+0000] {local_task_job_runner.py:234} INFO - Task exited with return code 0
[2025-08-04T14:47:17.216+0000] {taskinstance.py:3280} INFO - 1 downstream tasks scheduled from follow-on schedule check
[2025-08-04T16:29:38.886+0000] {logging_mixin.py:188} INFO - Changing /opt/***/logs/dag_id=cdr_pipeline/run_id=scheduled__2025-07-31T00:00:00+00:00/task_id=load_to_s3 permission to 509
[2025-08-04T16:29:39.283+0000] {logging_mixin.py:188} INFO - Changing /opt/***/logs/dag_id=cdr_pipeline/run_id=scheduled__2025-07-31T00:00:00+00:00/task_id=load_to_s3 permission to 509
[2025-08-04T16:29:39.611+0000] {taskinstance.py:1956} INFO - Dependencies all met for dep_context=non-requeueable deps ti=<TaskInstance: cdr_pipeline.load_to_s3 scheduled__2025-07-31T00:00:00+00:00 [queued]>
[2025-08-04T16:29:39.723+0000] {taskinstance.py:1956} INFO - Dependencies all met for dep_context=requeueable deps ti=<TaskInstance: cdr_pipeline.load_to_s3 scheduled__2025-07-31T00:00:00+00:00 [queued]>
[2025-08-04T16:29:39.728+0000] {taskinstance.py:2170} INFO - Starting attempt 1 of 2
[2025-08-04T16:29:39.949+0000] {taskinstance.py:2191} INFO - Executing <Task(PythonOperator): load_to_s3> on 2025-07-31 00:00:00+00:00
[2025-08-04T16:29:40.108+0000] {standard_task_runner.py:60} INFO - Started process 2175 to run task
[2025-08-04T16:29:40.255+0000] {standard_task_runner.py:87} INFO - Running: ['***', 'tasks', 'run', 'cdr_pipeline', 'load_to_s3', 'scheduled__2025-07-31T00:00:00+00:00', '--job-id', '80', '--raw', '--subdir', 'DAGS_FOLDER/dag.py', '--cfg-path', '/tmp/tmpopd03dcc']
[2025-08-04T16:29:40.267+0000] {standard_task_runner.py:88} INFO - Job 80: Subtask load_to_s3
[2025-08-04T16:29:41.190+0000] {logging_mixin.py:188} INFO - Changing /opt/***/logs/dag_id=cdr_pipeline/run_id=scheduled__2025-07-31T00:00:00+00:00/task_id=load_to_s3 permission to 509
[2025-08-04T16:29:41.232+0000] {task_command.py:423} INFO - Running <TaskInstance: cdr_pipeline.load_to_s3 scheduled__2025-07-31T00:00:00+00:00 [running]> on host 9edf237adf6e
[2025-08-04T16:29:42.067+0000] {taskinstance.py:2480} INFO - Exporting env vars: AIRFLOW_CTX_DAG_OWNER='***' AIRFLOW_CTX_DAG_ID='cdr_pipeline' AIRFLOW_CTX_TASK_ID='load_to_s3' AIRFLOW_CTX_EXECUTION_DATE='2025-07-31T00:00:00+00:00' AIRFLOW_CTX_TRY_NUMBER='1' AIRFLOW_CTX_DAG_RUN_ID='scheduled__2025-07-31T00:00:00+00:00'
[2025-08-04T16:29:42.115+0000] {cdr.py:44} INFO - Loading 403 records to s3://cdr-faker-data-dfad0cb7
[2025-08-04T16:29:49.982+0000] {cdr.py:150} INFO - Uploaded 403 records to s3://cdr-faker-data-dfad0cb7/cdr_2025-08-04.parquet/
[2025-08-04T16:29:49.999+0000] {python.py:201} INFO - Done. Returned value was: None
[2025-08-04T16:29:50.075+0000] {taskinstance.py:1138} INFO - Marking task as SUCCESS. dag_id=cdr_pipeline, task_id=load_to_s3, execution_date=20250731T000000, start_date=20250804T162939, end_date=20250804T162950
[2025-08-04T16:29:50.339+0000] {local_task_job_runner.py:234} INFO - Task exited with return code 0
[2025-08-04T16:29:50.454+0000] {taskinstance.py:3280} INFO - 1 downstream tasks scheduled from follow-on schedule check
