[2025-08-02T03:44:40.011+0000] {logging_mixin.py:188} INFO - Changing /opt/***/logs/dag_id=cdr_pipeline/run_id=manual__2025-08-02T03:38:56.330341+00:00/task_id=load_to_redshift permission to 509
[2025-08-02T03:44:40.094+0000] {logging_mixin.py:188} INFO - Changing /opt/***/logs/dag_id=cdr_pipeline/run_id=manual__2025-08-02T03:38:56.330341+00:00/task_id=load_to_redshift permission to 509
[2025-08-02T03:44:40.177+0000] {taskinstance.py:1956} INFO - Dependencies all met for dep_context=non-requeueable deps ti=<TaskInstance: cdr_pipeline.load_to_redshift manual__2025-08-02T03:38:56.330341+00:00 [queued]>
[2025-08-02T03:44:40.207+0000] {taskinstance.py:1956} INFO - Dependencies all met for dep_context=requeueable deps ti=<TaskInstance: cdr_pipeline.load_to_redshift manual__2025-08-02T03:38:56.330341+00:00 [queued]>
[2025-08-02T03:44:40.212+0000] {taskinstance.py:2170} INFO - Starting attempt 2 of 2
[2025-08-02T03:44:40.283+0000] {taskinstance.py:2191} INFO - Executing <Task(S3ToRedshiftOperator): load_to_redshift> on 2025-08-02 03:38:56.330341+00:00
[2025-08-02T03:44:40.301+0000] {standard_task_runner.py:60} INFO - Started process 3163 to run task
[2025-08-02T03:44:40.324+0000] {standard_task_runner.py:87} INFO - Running: ['***', 'tasks', 'run', 'cdr_pipeline', 'load_to_redshift', 'manual__2025-08-02T03:38:56.330341+00:00', '--job-id', '133', '--raw', '--subdir', 'DAGS_FOLDER/dag.py', '--cfg-path', '/tmp/tmp4x397bub']
[2025-08-02T03:44:40.328+0000] {standard_task_runner.py:88} INFO - Job 133: Subtask load_to_redshift
[2025-08-02T03:44:40.562+0000] {logging_mixin.py:188} INFO - Changing /opt/***/logs/dag_id=cdr_pipeline/run_id=manual__2025-08-02T03:38:56.330341+00:00/task_id=load_to_redshift permission to 509
[2025-08-02T03:44:40.594+0000] {task_command.py:423} INFO - Running <TaskInstance: cdr_pipeline.load_to_redshift manual__2025-08-02T03:38:56.330341+00:00 [running]> on host f2527419f673
[2025-08-02T03:44:40.917+0000] {taskinstance.py:2480} INFO - Exporting env vars: AIRFLOW_CTX_DAG_OWNER='***' AIRFLOW_CTX_DAG_ID='cdr_pipeline' AIRFLOW_CTX_TASK_ID='load_to_redshift' AIRFLOW_CTX_EXECUTION_DATE='2025-08-02T03:38:56.330341+00:00' AIRFLOW_CTX_TRY_NUMBER='2' AIRFLOW_CTX_DAG_RUN_ID='manual__2025-08-02T03:38:56.330341+00:00'
[2025-08-02T03:44:40.948+0000] {base.py:83} INFO - Using connection ID 'aws_default' for task execution.
[2025-08-02T03:44:40.968+0000] {base.py:83} INFO - Using connection ID 'aws_default' for task execution.
[2025-08-02T03:44:40.969+0000] {connection_wrapper.py:378} INFO - AWS Connection (conn_id='aws_default', conn_type='aws') credentials retrieved from login and password.
[2025-08-02T03:44:41.012+0000] {s3_to_redshift.py:192} INFO - Executing COPY command...
[2025-08-02T03:44:41.036+0000] {base.py:83} INFO - Using connection ID 'redshift_default' for task execution.
[2025-08-02T03:44:41.041+0000] {connection_wrapper.py:378} INFO - AWS Connection (conn_id='redshift_default', conn_type='aws') credentials retrieved from login and password.
[2025-08-02T03:44:41.042+0000] {warnings.py:109} WARNING - <string>:9: AirflowProviderDeprecationWarning: Host tf-redshift-cluster.ci896s3qzt6h.eu-west-1.redshift.amazonaws.com:5439/dev_db specified in the connection is not used. Please, set it on extra['endpoint_url'] instead

[2025-08-02T03:44:44.448+0000] {redshift_data.py:113} INFO - Polling statement 30570d6a-aea0-4240-873e-ae5ff6d13190
[2025-08-02T03:44:44.651+0000] {redshift_data.py:129} INFO - Query STARTED
[2025-08-02T03:44:54.663+0000] {redshift_data.py:113} INFO - Polling statement 30570d6a-aea0-4240-873e-ae5ff6d13190
[2025-08-02T03:44:54.895+0000] {taskinstance.py:2698} ERROR - Task failed with exception
Traceback (most recent call last):
  File "/home/airflow/.local/lib/python3.8/site-packages/airflow/models/taskinstance.py", line 433, in _execute_task
    result = execute_callable(context=context, **execute_callable_kwargs)
  File "/home/airflow/.local/lib/python3.8/site-packages/airflow/providers/amazon/aws/transfers/s3_to_redshift.py", line 194, in execute
    redshift_hook.execute_query(sql=sql, **self.redshift_data_api_kwargs)
  File "/home/airflow/.local/lib/python3.8/site-packages/airflow/providers/amazon/aws/hooks/redshift_data.py", line 107, in execute_query
    self.wait_for_results(statement_id, poll_interval=poll_interval)
  File "/home/airflow/.local/lib/python3.8/site-packages/airflow/providers/amazon/aws/hooks/redshift_data.py", line 124, in wait_for_results
    raise ValueError(
ValueError: Statement '30570d6a-aea0-4240-873e-ae5ff6d13190' terminated with status FAILED. Response details: {'ClusterIdentifier': 'tf-redshift-cluster',
 'CreatedAt': datetime.datetime(2025, 8, 2, 3, 44, 44, 128000, tzinfo=tzlocal()),
 'Database': 'dev_db',
 'DbUser': 'masterdb',
 'Duration': -1,
 'Error': 'ERROR: Spectrum Scan Error\n'
          '  Detail: \n'
          '  -----------------------------------------------\n'
          '  error:  Spectrum Scan Error\n'
          '  code:      15007\n'
          '  context:   File '
          "'https://s3.eu-west-1.amazonaws.com/cdr-faker-data-dfad0cb7/cdr_2025-08-02.parquet/66046c9b895e438284f3fd0425f0fef6.snappy.parquet' "
          'has an incompatible Parquet schema for column '
          "'s3://cdr-faker-data-dfad0cb7/cdr_2025-08-02.parquet/.duration'. "
          'Column t\n'
          '  query:     209349\n'
          '  location:  dory_util.cpp:1776\n'
          '  process:   worker_thread [pid=5838]\n'
          '  -----------------------------------------------\n',
 'HasResultSet': False,
 'Id': '30570d6a-aea0-4240-873e-ae5ff6d13190',
 'QueryString': '\n'
                '                    COPY public.cdr_records \n'
                '                    FROM '
                "'s3://cdr-faker-data-dfad0cb7/cdr_2025-08-02.parquet/'\n"
                '                    credentials\n'
                "                    ''\n"
                '                    \n'
                '                    FORMAT AS PARQUET;\n'
                '        ',
 'RedshiftPid': 1073987718,
 'RedshiftQueryId': 209349,
 'ResponseMetadata': {'HTTPHeaders': {'content-length': '1183',
                                      'content-type': 'application/x-amz-json-1.1',
                                      'date': 'Sat, 02 Aug 2025 03:44:55 GMT',
                                      'x-amzn-requestid': 'c0892c50-9e67-436f-b656-72c05cc58bb7'},
                      'HTTPStatusCode': 200,
                      'RequestId': 'c0892c50-9e67-436f-b656-72c05cc58bb7',
                      'RetryAttempts': 0},
 'ResultRows': -1,
 'ResultSize': -1,
 'Status': 'FAILED',
 'UpdatedAt': datetime.datetime(2025, 8, 2, 3, 44, 45, 6000, tzinfo=tzlocal())}
[2025-08-02T03:44:54.912+0000] {taskinstance.py:1138} INFO - Marking task as FAILED. dag_id=cdr_pipeline, task_id=load_to_redshift, execution_date=20250802T033856, start_date=20250802T034440, end_date=20250802T034454
[2025-08-02T03:44:54.937+0000] {standard_task_runner.py:107} ERROR - Failed to execute job 133 for task load_to_redshift (Statement '30570d6a-aea0-4240-873e-ae5ff6d13190' terminated with status FAILED. Response details: {'ClusterIdentifier': 'tf-redshift-cluster',
 'CreatedAt': datetime.datetime(2025, 8, 2, 3, 44, 44, 128000, tzinfo=tzlocal()),
 'Database': 'dev_db',
 'DbUser': 'masterdb',
 'Duration': -1,
 'Error': 'ERROR: Spectrum Scan Error\n'
          '  Detail: \n'
          '  -----------------------------------------------\n'
          '  error:  Spectrum Scan Error\n'
          '  code:      15007\n'
          '  context:   File '
          "'https://s3.eu-west-1.amazonaws.com/cdr-faker-data-dfad0cb7/cdr_2025-08-02.parquet/66046c9b895e438284f3fd0425f0fef6.snappy.parquet' "
          'has an incompatible Parquet schema for column '
          "'s3://cdr-faker-data-dfad0cb7/cdr_2025-08-02.parquet/.duration'. "
          'Column t\n'
          '  query:     209349\n'
          '  location:  dory_util.cpp:1776\n'
          '  process:   worker_thread [pid=5838]\n'
          '  -----------------------------------------------\n',
 'HasResultSet': False,
 'Id': '30570d6a-aea0-4240-873e-ae5ff6d13190',
 'QueryString': '\n'
                '                    COPY public.cdr_records \n'
                '                    FROM '
                "'s3://cdr-faker-data-dfad0cb7/cdr_2025-08-02.parquet/'\n"
                '                    credentials\n'
                "                    ''\n"
                '                    \n'
                '                    FORMAT AS PARQUET;\n'
                '        ',
 'RedshiftPid': 1073987718,
 'RedshiftQueryId': 209349,
 'ResponseMetadata': {'HTTPHeaders': {'content-length': '1183',
                                      'content-type': 'application/x-amz-json-1.1',
                                      'date': 'Sat, 02 Aug 2025 03:44:55 GMT',
                                      'x-amzn-requestid': 'c0892c50-9e67-436f-b656-72c05cc58bb7'},
                      'HTTPStatusCode': 200,
                      'RequestId': 'c0892c50-9e67-436f-b656-72c05cc58bb7',
                      'RetryAttempts': 0},
 'ResultRows': -1,
 'ResultSize': -1,
 'Status': 'FAILED',
 'UpdatedAt': datetime.datetime(2025, 8, 2, 3, 44, 45, 6000, tzinfo=tzlocal())}; 3163)
[2025-08-02T03:44:55.025+0000] {local_task_job_runner.py:234} INFO - Task exited with return code 1
[2025-08-02T03:44:55.064+0000] {taskinstance.py:3280} INFO - 0 downstream tasks scheduled from follow-on schedule check
